Timesync, Reply_symmetric-based, Reply_switchdelaybased, Reply_2probebased, inter-packet-switch-arrival,  interpacket_clientdelay, Switch_reply_delay 
1, 2798.000000, 2946.000000, -4294953207.000000, 66, 4279, 296
2, 2587.000000, 2734.000000, -4294960746.000000, 1069, 1222, 294
3, 7143.000000, 7291.000000, -4294951818.000000, 1066, 1129, 297
4, 2524.000000, 2671.000000, -4294960981.000000, 1070, 1168, 293
5, 8481.000000, 8628.000000, 6248.000000, 12970, 1128, 294
6, 8227.000000, 8372.000000, 6282.000000, 12457, 1142, 290
7, 8320.000000, 8467.000000, 6250.000000, 12652, 1131, 294
8, 2517.000000, 2664.000000, -4294961010.000000, 1079, 1165, 293
9, 8257.000000, 8405.000000, -4294949611.000000, 1080, 1125, 296
10, 8820.000000, 8967.000000, 6291.000000, 13618, 1134, 294
11, 8496.000000, 8642.000000, 6297.000000, 12957, 1131, 293
12, 8359.000000, 8504.000000, 6252.000000, 12797, 1165, 290
13, 8528.000000, 8675.000000, 6283.000000, 13068, 1147, 293
14, 8374.000000, 8521.000000, 6284.000000, 12733, 1134, 294
15, 7217.000000, 7365.000000, -4294951627.000000, 1070, 1152, 296
16, 2513.000000, 2658.000000, -4294961007.000000, 1079, 1171, 290
17, 8130.000000, 8277.000000, -4294949859.000000, 1086, 1131, 293
18, 6901.000000, 7048.000000, -4294952260.000000, 1076, 1155, 294
19, 8564.000000, 8712.000000, 6300.000000, 13124, 1148, 297
20, 8329.000000, 8476.000000, 6172.000000, 12731, 1122, 294
21, 8372.000000, 8518.000000, 6326.000000, 12712, 1147, 293
22, 7835.000000, 7985.000000, -4294950472.000000, 1083, 1118, 300
23, 8801.000000, 8947.000000, 6268.000000, 13596, 1131, 293
24, 8382.000000, 8529.000000, 6230.000000, 12837, 1151, 294
25, 8463.000000, 8609.000000, 6246.000000, 13002, 1161, 293
26, 7432.000000, 7578.000000, -4294951196.000000, 1086, 1161, 293
27, 7303.000000, 7449.000000, -4294951490.000000, 1070, 1135, 293
28, 8549.000000, 8697.000000, 6293.000000, 13036, 1115, 296
29, 8544.000000, 8692.000000, 6300.000000, 13090, 1151, 296
30, 8441.000000, 8590.000000, 6319.000000, 12860, 1148, 297
31, 8500.000000, 8648.000000, 6253.000000, 12989, 1121, 296
32, 2502.000000, 2651.000000, -4294960972.000000, 1057, 1188, 297
33, 7170.000000, 7320.000000, -4294951740.000000, 1048, 1132, 300
34, 7158.000000, 7304.000000, -4294951780.000000, 1070, 1135, 293
35, 8571.000000, 8717.000000, 6295.000000, 13137, 1145, 293
36, 7229.000000, 7375.000000, -4294951492.000000, 1086, 1216, 293
37, 8509.000000, 8656.000000, 6270.000000, 12998, 1125, 294
38, 8726.000000, 8873.000000, 6269.000000, 13439, 1128, 294
39, 8592.000000, 8739.000000, 6294.000000, 13146, 1128, 294
40, 8403.000000, 8550.000000, 6231.000000, 12838, 1131, 294
41, 8567.000000, 8715.000000, 6302.000000, 13140, 1154, 296
42, 7407.000000, 7554.000000, -4294951281.000000, 1069, 1135, 294
43, 7439.000000, 7586.000000, -4294951182.000000, 1066, 1151, 294
44, 8571.000000, 8718.000000, 6233.000000, 13225, 1158, 294
45, 8604.000000, 8750.000000, 6324.000000, 13140, 1128, 293
46, 7907.000000, 8054.000000, 16942.000000, 1155, 1141, 293
47, 8759.000000, 8904.000000, 6246.000000, 13514, 1121, 291
48, 8611.000000, 8759.000000, 6200.000000, 13272, 1125, 296
49, 8532.000000, 8679.000000, 6283.000000, 13058, 1138, 293
50, 8496.000000, 8641.000000, 6423.000000, 13073, 1252, 291
51, 7270.000000, 7416.000000, -4294951590.000000, 1076, 1121, 293
52, 8405.000000, 8551.000000, 6220.000000, 12866, 1138, 293
53, 8552.000000, 8699.000000, 6255.000000, 13118, 1134, 293
54, 8603.000000, 8749.000000, 6281.000000, 13181, 1128, 293
55, 7322.000000, 7470.000000, -4294951471.000000, 1076, 1128, 296
56, 7325.000000, 7474.000000, -4294951445.000000, 1088, 1144, 297
57, 8782.000000, 8930.000000, 6273.000000, 13527, 1118, 296
58, 7444.000000, 7589.000000, -4294951171.000000, 1079, 1158, 290
59, 7315.000000, 7464.000000, -4294951460.000000, 1057, 1131, 297
60, 8477.000000, 8705.000000, 6213.000000, 12989, 1124, 456
61, 8584.000000, 8730.000000, 17761.000000, 1067, 830, 293
62, 8777.000000, 8922.000000, 6278.000000, 13518, 1121, 290
63, 8339.000000, 8485.000000, 6252.000000, 12690, 1132, 293
64, 2516.000000, 2663.000000, -4294961006.000000, 1073, 1165, 294
65, 8255.000000, 8402.000000, 6234.000000, 12513, 1118, 294
66, 2446.000000, 2591.000000, -4294948680.000000, 13246, 13485, 291
67, 8493.000000, 8640.000000, 6287.000000, 12941, 1121, 294
68, 7143.000000, 7290.000000, -4294951825.000000, 1091, 1138, 294
69, 8258.000000, 8404.000000, 6300.000000, 12492, 1138, 293
70, 7127.000000, 7274.000000, -4294951861.000000, 1070, 1125, 293
71, 8323.000000, 8469.000000, 6252.000000, 12652, 1129, 293
72, 7056.000000, 7201.000000, -4294951987.000000, 1067, 1132, 290
73, 8466.000000, 8615.000000, 6268.000000, 12935, 1135, 297
74, 8448.000000, 8595.000000, 6272.000000, 12935, 1155, 294
75, 8394.000000, 8541.000000, 6270.000000, 12815, 1148, 294
76, 7120.000000, 7266.000000, -4294951896.000000, 1082, 1121, 293
77, 8262.000000, 8410.000000, 6274.000000, 12507, 1128, 296
78, 8352.000000, 8500.000000, 6337.000000, 12623, 1128, 297
79, 7211.000000, 7357.000000, -4294951673.000000, 1095, 1148, 293
80, 7044.000000, 7190.000000, -4294952038.000000, 1086, 1128, 293
81, 7499.000000, 7727.000000, -4294951069.000000, 1054, 1141, 455
82, 7081.000000, 7227.000000, -4294951920.000000, 1076, 1145, 293
83, 8270.000000, 8419.000000, 6311.000000, 12526, 1148, 297
84, 8382.000000, 8531.000000, 6245.000000, 12850, 1165, 297
85, 7757.000000, 7905.000000, -4294950605.000000, 1073, 1125, 296
86, 6856.000000, 7003.000000, -4294952386.000000, 1072, 1135, 294
87, 8664.000000, 8810.000000, 6267.000000, 13303, 1121, 293
88, 8321.000000, 8468.000000, 6210.000000, 12674, 1121, 294
89, 7218.000000, 7363.000000, -4294951639.000000, 1057, 1139, 291
90, 7853.000000, 8001.000000, -4294950385.000000, 1070, 1137, 296
91, 7240.000000, 7390.000000, -4294951626.000000, 1060, 1125, 300
92, 6947.000000, 7094.000000, -4294952158.000000, 1079, 1161, 293
93, 7515.000000, 7664.000000, -4294951094.000000, 1079, 1125, 297
94, 7137.000000, 7285.000000, -4294951803.000000, 1079, 1149, 297
95, 7376.000000, 7524.000000, -4294951284.000000, 1064, 1162, 296
96, 8364.000000, 8512.000000, 6214.000000, 12797, 1141, 296
97, 7097.000000, 7244.000000, -4294951849.000000, 1095, 1174, 294
98, 8782.000000, 8927.000000, 6260.000000, 13574, 1135, 290
99, 8455.000000, 8601.000000, 6304.000000, 12882, 1138, 293
100, 8147.000000, 8294.000000, 6311.000000, 12240, 1128, 293
101, 8280.000000, 8427.000000, 6275.000000, 12608, 1161, 294
102, 8720.000000, 8867.000000, 6320.000000, 13419, 1149, 294
103, 8513.000000, 8661.000000, 6260.000000, 13011, 1122, 296
104, 7199.000000, 7346.000000, -4294951674.000000, 1079, 1151, 293
105, 9079.000000, 9226.000000, -4294947981.000000, 1085, 1121, 294
106, 6969.000000, 7116.000000, -4294952141.000000, 1080, 1148, 293
107, 7399.000000, 7545.000000, -4294951320.000000, 1064, 1121, 293
108, 8213.000000, 8358.000000, 6218.000000, 12491, 1141, 290
109, 8469.000000, 8616.000000, 6286.000000, 12954, 1151, 294
110, 7067.000000, 7214.000000, -4294951979.000000, 1088, 1135, 294
111, 7240.000000, 7385.000000, -4294951635.000000, 1063, 1122, 290
112, 8155.000000, 8304.000000, 6249.000000, 12384, 1161, 297
113, 7376.000000, 7523.000000, -4294951326.000000, 1067, 1142, 293
114, 8631.000000, 8778.000000, 6387.000000, 13366, 1245, 294
115, 8490.000000, 8636.000000, 6244.000000, 12992, 1128, 293
116, 7122.000000, 7271.000000, 15363.000000, 1132, 1125, 297
117, 8777.000000, 8924.000000, 6253.000000, 13558, 1128, 293
118, 8643.000000, 8791.000000, 6374.000000, 13294, 1191, 297
119, 8710.000000, 8857.000000, 6365.000000, 13452, 1198, 293
120, 8281.000000, 8428.000000, 6224.000000, 12608, 1135, 294
121, 7449.000000, 7596.000000, 15987.000000, 1140, 1114, 293
122, 6988.000000, 7133.000000, -4294951969.000000, 1086, 1218, 290
123, 8247.000000, 8392.000000, 6275.000000, 12489, 1135, 290
124, 2533.000000, 2683.000000, -4294960983.000000, 1069, 1158, 300
125, 7028.000000, 7174.000000, -4294951942.000000, 1064, 1181, 293
126, 8468.000000, 8617.000000, 6431.000000, 12894, 1194, 297
127, 7204.000000, 7351.000000, -4294951716.000000, 1085, 1128, 294
128, 8695.000000, 8840.000000, 6239.000000, 13413, 1131, 291
129, 8393.000000, 8540.000000, 6285.000000, 12784, 1141, 294
130, 7224.000000, 7373.000000, -4294951455.000000, 1076, 1234, 297
131, 8382.000000, 8529.000000, 6416.000000, 12737, 1194, 294
132, 8550.000000, 8697.000000, 6220.000000, 13124, 1122, 294
133, 2526.000000, 2672.000000, -4294960955.000000, 1061, 1175, 293
134, 7652.000000, 7799.000000, -4294950791.000000, 1070, 1135, 293
135, 7163.000000, 7311.000000, -4294951748.000000, 1060, 1141, 297
136, 7226.000000, 7372.000000, -4294951645.000000, 1083, 1141, 293
137, 7471.000000, 7618.000000, -4294951066.000000, 1088, 1188, 294
138, 8227.000000, 8372.000000, 6174.000000, 12665, 1192, 290
139, 7441.000000, 7588.000000, -4294951167.000000, 1069, 1158, 294
140, 8151.000000, 8298.000000, 16618.000000, 1088, 702, 294
141, 8391.000000, 8538.000000, 6360.000000, 12705, 1141, 294
142, 2564.000000, 2711.000000, 6056.000000, 1079, 1003, 294
143, 2468.000000, 2618.000000, -4294960345.000000, 1261, 1638, 300
144, 8717.000000, 8864.000000, 6260.000000, 13476, 1151, 294
145, 7711.000000, 7857.000000, -4294950683.000000, 1067, 1129, 293
146, 2480.000000, 2625.000000, -4294960488.000000, 1242, 1545, 291
147, 8505.000000, 8652.000000, 6380.000000, 13039, 1204, 294
148, 2446.000000, 2594.000000, -4294960533.000000, 1239, 1555, 297
149, 8540.000000, 8687.000000, 6367.000000, 12976, 1131, 294
150, 8129.000000, 8275.000000, 6351.000000, 12243, 1168, 293
151, 2452.000000, 2599.000000, -4294960486.000000, 1164, 1535, 294
152, 8297.000000, 8445.000000, 6459.000000, 12919, 1392, 297
153, 8301.000000, 8447.000000, 6251.000000, 12599, 1124, 293
154, 8043.000000, 8190.000000, 6344.000000, 12133, 1195, 294
155, 8289.000000, 8436.000000, 6352.000000, 12611, 1192, 294
156, 8173.000000, 8322.000000, 6291.000000, 12438, 1191, 297
157, 8093.000000, 8240.000000, 6407.000000, 12101, 1161, 294
158, 2490.000000, 2638.000000, -4294960542.000000, 1202, 1488, 297
159, 8591.000000, 8738.000000, 6311.000000, 13222, 1175, 293
160, 2455.000000, 2603.000000, -4294960522.000000, 1287, 1575, 296
161, 8221.000000, 8368.000000, 6314.000000, 12444, 1158, 294
162, 2464.000000, 2611.000000, -4294960592.000000, 1183, 1479, 294
163, 2535.000000, 2681.000000, -4294960435.000000, 1246, 1518, 291
164, 8511.000000, 8657.000000, 6291.000000, 13121, 1195, 293
165, 8462.000000, 8608.000000, 6340.000000, 12948, 1182, 293
166, 8508.000000, 8655.000000, 6276.000000, 13030, 1145, 294
167, 8609.000000, 8756.000000, 6395.000000, 13127, 1152, 294
168, 8487.000000, 8633.000000, 6200.000000, 13030, 1128, 293
169, 7915.000000, 8065.000000, -4294950222.000000, 1073, 1158, 300
170, 7307.000000, 7453.000000, -4294951538.000000, 1092, 1118, 293
171, 8751.000000, 8897.000000, 6319.000000, 13559, 1188, 293
172, 2451.000000, 2599.000000, -4294960600.000000, 1196, 1495, 297
173, 8568.000000, 8714.000000, 6315.000000, 13203, 1191, 293
174, 2470.000000, 2617.000000, -4294960427.000000, 1261, 1595, 294
175, 2508.000000, 2655.000000, -4294960006.000000, 1070, 1672, 294
176, 2465.000000, 2612.000000, -4294960545.000000, 1261, 1541, 294
177, 2458.000000, 2605.000000, -4294960566.000000, 1196, 1505, 294
178, 2494.000000, 2639.000000, -4294960513.000000, 1189, 1492, 291
179, 2500.000000, 2647.000000, -4294960513.000000, 1236, 1509, 294
180, 7620.000000, 7766.000000, -4294950882.000000, 1076, 1125, 293
181, 8248.000000, 8394.000000, 6259.000000, 12507, 1135, 293
182, 2486.000000, 2633.000000, -4294960395.000000, 1268, 1598, 294
183, 7427.000000, 7573.000000, -4294951261.000000, 1089, 1135, 293
184, 2460.000000, 2609.000000, -4294960400.000000, 1287, 1631, 297
185, 2491.000000, 2638.000000, -4294960545.000000, 1196, 1482, 294
186, 2490.000000, 2639.000000, -4294960369.000000, 1230, 1588, 297
187, 2466.000000, 2613.000000, -4294960517.000000, 1265, 1556, 294
188, 8296.000000, 8441.000000, 6389.000000, 12733, 1265, 291
189, 7131.000000, 7280.000000, -4294951834.000000, 1091, 1145, 297
190, 7127.000000, 7274.000000, -4294951687.000000, 1069, 1212, 294
191, 2473.000000, 2620.000000, -4294960550.000000, 1265, 1532, 294
192, 8402.000000, 8547.000000, 6287.000000, 12919, 1201, 291
193, 2510.000000, 2656.000000, -4294960459.000000, 1227, 1522, 293
194, 7123.000000, 7270.000000, -4294951832.000000, 1079, 1148, 293
195, 2477.000000, 2624.000000, -4294960495.000000, 1130, 1488, 293
196, 2429.000000, 2575.000000, -4294960544.000000, 1217, 1555, 291
197, 2465.000000, 2611.000000, -4294960407.000000, 1397, 1678, 293
198, 2515.000000, 2662.000000, -4294960410.000000, 1275, 1565, 293
199, 2472.000000, 2619.000000, -4294960512.000000, 1205, 1522, 294
200, 2434.000000, 2583.000000, -4294960567.000000, 1176, 1518, 297
201, 8819.000000, 8965.000000, 6400.000000, 13602, 1182, 293
202, 7286.000000, 7435.000000, -4294951539.000000, 1092, 1138, 297
203, 2488.000000, 2634.000000, -4294960401.000000, 1246, 1582, 291
204, 2443.000000, 2590.000000, -4294960613.000000, 1227, 1512, 294
205, 2498.000000, 2644.000000, -4294960487.000000, 1259, 1536, 293
206, 8548.000000, 8693.000000, 6296.000000, 13083, 1141, 290
207, 8564.000000, 8711.000000, 6346.000000, 13165, 1191, 293
208, 2444.000000, 2589.000000, -4294960626.000000, 1215, 1498, 290
209, 8243.000000, 8390.000000, 6323.000000, 12514, 1175, 293
210, 2470.000000, 2617.000000, -4294960408.000000, 1303, 1625, 293
211, 8673.000000, 8820.000000, 6354.000000, 13394, 1201, 294
212, 2462.000000, 2610.000000, -4294960648.000000, 1212, 1468, 296
213, 2520.000000, 2669.000000, -4294960571.000000, 1306, 1495, 297
214, 2548.000000, 2695.000000, -4294960350.000000, 1287, 1568, 293
215, 2492.000000, 2639.000000, -4294960511.000000, 1230, 1515, 294
216, 2442.000000, 2589.000000, -4294960549.000000, 1202, 1532, 294
217, 8722.000000, 8868.000000, 6369.000000, 13511, 1218, 293
218, 2464.000000, 2611.000000, -4294960542.000000, 1173, 1499, 294
219, 7332.000000, 7480.000000, -4294951301.000000, 1063, 1197, 297
220, 2454.000000, 2601.000000, -4294960264.000000, 1554, 1839, 294
221, 8573.000000, 8719.000000, 6358.000000, 13026, 1119, 293
222, 2484.000000, 2631.000000, -4294960486.000000, 1237, 1539, 293
223, 8734.000000, 8881.000000, 6311.000000, 13439, 1141, 294
224, 2451.000000, 2598.000000, -4294960411.000000, 1296, 1639, 293
225, 8659.000000, 8808.000000, 6403.000000, 13272, 1178, 297
226, 2495.000000, 2641.000000, -4294960387.000000, 1293, 1606, 293
227, 2475.000000, 2621.000000, -4294960503.000000, 1249, 1546, 293
228, 2469.000000, 2616.000000, -4294960212.000000, 1532, 1839, 294
229, 7517.000000, 7665.000000, -4294950923.000000, 1063, 1201, 297
230, 8410.000000, 8558.000000, 6331.000000, 12859, 1185, 297
231, 8372.000000, 8518.000000, 6383.000000, 12725, 1182, 293
232, 7114.000000, 7261.000000, -4294951878.000000, 1073, 1131, 293
233, 8513.000000, 8660.000000, 6344.000000, 12944, 1131, 294
234, 7418.000000, 7566.000000, -4294951205.000000, 1048, 1151, 296
235, 7205.000000, 7352.000000, -4294951704.000000, 1066, 1124, 294
236, 8043.000000, 8190.000000, 6262.000000, 12066, 1121, 294
237, 2518.000000, 2665.000000, -4294960945.000000, 1082, 1198, 294
238, 8346.000000, 8491.000000, 6281.000000, 12702, 1145, 290
239, 8483.000000, 8629.000000, 6293.000000, 13049, 1188, 293
240, 8242.000000, 8388.000000, 6209.000000, 12545, 1135, 293
241, 7110.000000, 7256.000000, -4294949868.000000, 1058, 2133, 293
242, 2517.000000, 2664.000000, -4294960664.000000, 1066, 1332, 294
243, 7137.000000, 7283.000000, 15019.000000, 1057, 901, 293
244, 2419.000000, 2569.000000, -4294960434.000000, 1240, 1632, 300
245, 2431.000000, 2578.000000, -4294960638.000000, 1083, 1439, 293
246, 2563.000000, 2710.000000, -4294960613.000000, 1088, 1322, 294
247, 6959.000000, 7105.000000, 14753.000000, 1067, 951, 293
248, 2418.000000, 2567.000000, -4294960797.000000, 1088, 1375, 297
249, 8571.000000, 8718.000000, 6042.000000, 12850, 875, 294
250, 7053.000000, 7199.000000, 14909.000000, 1079, 941, 293
251, 2453.000000, 2598.000000, -4294960741.000000, 1067, 1358, 290
252, 8631.000000, 8778.000000, 5882.000000, 13130, 875, 294
253, 8479.000000, 8626.000000, 5864.000000, 12816, 861, 294
254, 8595.000000, 8741.000000, 6001.000000, 13083, 947, 293
255, 8734.000000, 8881.000000, 6043.000000, 13181, 878, 294
256, 7544.000000, 7691.000000, 15908.000000, 1070, 945, 294
257, 2474.000000, 2622.000000, -4294946664.000000, 13250, 14467, 296
258, 7371.000000, 7518.000000, 15565.000000, 1085, 954, 294
259, 8581.000000, 8727.000000, 5963.000000, 12922, 861, 291
260, 8519.000000, 8664.000000, 5980.000000, 12961, 951, 290
261, 8524.000000, 8671.000000, 6065.000000, 12872, 944, 294
262, 7249.000000, 7398.000000, 15176.000000, 1051, 864, 297
263, 8689.000000, 8835.000000, 5911.000000, 13197, 865, 293
264, 7315.000000, 7464.000000, 15514.000000, 1079, 981, 297
265, 7615.000000, 7762.000000, 15870.000000, 1082, 861, 294
266, 7448.000000, 7593.000000, 15578.000000, 1086, 884, 290
267, 8767.000000, 8913.000000, 5951.000000, 13313, 865, 293
268, 7240.000000, 7387.000000, 15123.000000, 1085, 864, 294
269, 7274.000000, 7421.000000, 15286.000000, 1070, 904, 294
270, 8799.000000, 8948.000000, 6050.000000, 13445, 948, 297
271, 8599.000000, 8745.000000, 5900.000000, 13020, 861, 293
272, 7244.000000, 7390.000000, 15156.000000, 1082, 875, 293
273, 2274.000000, 2419.000000, -4294934795.000000, 73, 14013, 290
274, 8445.000000, 8592.000000, 17580.000000, 1066, 878, 294
275, 7223.000000, 7370.000000, 15169.000000, 1073, 898, 294
276, 2631.000000, 2778.000000, 6008.000000, 1063, 904, 294
277, 7426.000000, 7573.000000, 15644.000000, 1079, 935, 294
278, 7715.000000, 7862.000000, 16151.000000, 1076, 898, 293
279, 8700.000000, 8847.000000, 5923.000000, 13234, 878, 293
280, 8358.000000, 8505.000000, 6010.000000, 12642, 968, 294
281, 6965.000000, 7112.000000, 14769.000000, 1063, 951, 294
282, 7131.000000, 7276.000000, 15077.000000, 1067, 941, 290
283, 8795.000000, 8941.000000, 5947.000000, 13385, 871, 293
284, 8779.000000, 8924.000000, 6015.000000, 13480, 968, 290
285, 7537.000000, 7683.000000, 15922.000000, 1080, 964, 293
286, 8677.000000, 8824.000000, 6039.000000, 13199, 942, 294
287, 8824.000000, 8972.000000, 6035.000000, 13489, 938, 296
288, 8480.000000, 8626.000000, 5986.000000, 12850, 938, 293
289, 8605.000000, 8752.000000, 8027.000000, 13162, 1989, 293
290, 7481.000000, 7628.000000, 15614.000000, 1085, 868, 294
291, 8700.000000, 8846.000000, 5937.000000, 13191, 864, 293
292, 8763.000000, 8909.000000, 5975.000000, 13454, 951, 291
293, 8475.000000, 8623.000000, 17801.000000, 1051, 951, 296
294, 8707.000000, 8853.000000, 6038.000000, 13272, 948, 293
295, 7288.000000, 7435.000000, 15362.000000, 1077, 931, 293
296, 7230.000000, 7379.000000, 15272.000000, 1085, 948, 297
297, 8823.000000, 8970.000000, 5993.000000, 13376, 861, 293
298, 7144.000000, 7292.000000, 15155.000000, 1070, 968, 296
299, 8487.000000, 8633.000000, 6015.000000, 12835, 938, 293
300, 7652.000000, 7798.000000, 15961.000000, 1073, 865, 293
301, 7230.000000, 7376.000000, 15280.000000, 1076, 948, 293
302, 8775.000000, 8924.000000, 6029.000000, 13398, 938, 297
303, 7517.000000, 7665.000000, 15744.000000, 1060, 885, 297
304, 2599.000000, 2746.000000, 6024.000000, 1085, 955, 294
305, 8307.000000, 8454.000000, 7583.000000, 12410, 1689, 293
306, 8771.000000, 8916.000000, 5917.000000, 13348, 861, 290
307, 8809.000000, 8956.000000, 5984.000000, 13417, 891, 293
308, 7123.000000, 7269.000000, 14909.000000, 1073, 868, 293
309, 8686.000000, 8833.000000, 5952.000000, 13149, 864, 294
310, 7505.000000, 7651.000000, 15604.000000, 1142, 868, 293
311, 7380.000000, 7527.000000, 15403.000000, 1073, 858, 294
312, 7528.000000, 7673.000000, 15727.000000, 1077, 874, 290
313, 8765.000000, 8913.000000, 5941.000000, 13338, 874, 296
314, 8661.000000, 8809.000000, 5969.000000, 13087, 867, 296
315, 8609.000000, 8756.000000, 5937.000000, 13017, 868, 294
316, 8218.000000, 8363.000000, 5887.000000, 12299, 875, 291
317, 8757.000000, 8904.000000, 5934.000000, 13303, 861, 293
318, 7279.000000, 7426.000000, 15240.000000, 1067, 874, 294
319, 8766.000000, 8913.000000, 5980.000000, 13269, 858, 293
320, 7182.000000, 7327.000000, 15101.000000, 1086, 911, 290
321, 2781.000000, 2928.000000, -4294934670.000000, 1129, 14096, 294
322, 7187.000000, 7334.000000, 15078.000000, 1066, 885, 294
323, 8668.000000, 8815.000000, 5917.000000, 13134, 857, 293
324, 7255.000000, 7402.000000, 15138.000000, 1089, 858, 294
325, 8676.000000, 8822.000000, 6033.000000, 13070, 875, 291
326, 7434.000000, 7581.000000, 15540.000000, 1079, 875, 293
327, 7302.000000, 7450.000000, 15269.000000, 1057, 861, 297
328, 7253.000000, 7400.000000, 15197.000000, 1086, 888, 293
329, 8639.000000, 8786.000000, 5959.000000, 13061, 871, 294
330, 8517.000000, 8663.000000, 5929.000000, 12813, 854, 293
331, 8799.000000, 8946.000000, 5913.000000, 13414, 864, 293
332, 7274.000000, 7424.000000, 15224.000000, 1079, 877, 300
333, 7560.000000, 7707.000000, 15777.000000, 1057, 857, 294
334, 8675.000000, 8820.000000, 5965.000000, 13134, 874, 290
335, 7531.000000, 7678.000000, 15776.000000, 1082, 898, 294
336, 7425.000000, 7572.000000, 15670.000000, 1076, 948, 294
337, 2244.000000, 2391.000000, -4294934641.000000, 66, 14116, 294
338, 7595.000000, 7741.000000, 15870.000000, 1076, 878, 293
339, 7204.000000, 7353.000000, 15160.000000, 1051, 901, 297
340, 7911.000000, 8058.000000, 16494.000000, 1076, 874, 294
341, 8921.000000, 9068.000000, 5957.000000, 13633, 874, 294
342, 7297.000000, 7444.000000, 15232.000000, 1076, 857, 294
343, 8778.000000, 8926.000000, 5961.000000, 13357, 881, 296
344, 8771.000000, 8918.000000, 5923.000000, 13410, 895, 293
345, 8665.000000, 8811.000000, 5961.000000, 13143, 887, 293
346, 7139.000000, 7286.000000, 14964.000000, 1129, 907, 294
347, 7349.000000, 7497.000000, 15275.000000, 1158, 867, 296
348, 7326.000000, 7473.000000, 15287.000000, 1088, 861, 294
349, 8683.000000, 8830.000000, 5951.000000, 13158, 871, 294
350, 8759.000000, 8906.000000, 5970.000000, 13279, 865, 293
351, 7376.000000, 7526.000000, 15462.000000, 1047, 878, 300
352, 8737.000000, 8884.000000, 5918.000000, 13359, 901, 294
353, 8171.000000, 8318.000000, 8119.000000, 12167, 1972, 294
354, 7662.000000, 7810.000000, 16021.000000, 1073, 885, 296
355, 7561.000000, 7706.000000, 15783.000000, 1067, 864, 290
356, 7352.000000, 7500.000000, 15354.000000, 1072, 861, 297
357, 7661.000000, 7811.000000, 16061.000000, 1057, 898, 300
358, 7476.000000, 7625.000000, 15642.000000, 1073, 881, 297
359, 7241.000000, 7388.000000, 15134.000000, 1076, 864, 294
360, 7346.000000, 7492.000000, 15333.000000, 1101, 871, 293
361, 8374.000000, 8521.000000, 17415.000000, 1076, 871, 294
362, 7478.000000, 7623.000000, 15645.000000, 1079, 884, 290
363, 7407.000000, 7554.000000, 15505.000000, 1066, 878, 294
364, 2617.000000, 2764.000000, 5949.000000, 1073, 894, 294
365, 7314.000000, 7461.000000, 15255.000000, 1095, 861, 294
366, 7628.000000, 7776.000000, 15917.000000, 1061, 861, 296
367, 8722.000000, 8870.000000, 5956.000000, 13218, 865, 297
368, 7673.000000, 7819.000000, 16041.000000, 1073, 884, 293
369, 8583.000000, 8728.000000, 7714.000000, 12923, 1735, 290
370, 8598.000000, 8745.000000, 5942.000000, 12983, 864, 293
371, 8157.000000, 8304.000000, 16992.000000, 1073, 875, 293
372, 7244.000000, 7392.000000, 15128.000000, 1088, 864, 297
373, 8646.000000, 8791.000000, 5963.000000, 13071, 871, 290
374, 7355.000000, 7500.000000, 15423.000000, 1070, 891, 290
375, 7261.000000, 7410.000000, 15212.000000, 1079, 884, 297
376, 8739.000000, 8886.000000, 5925.000000, 13310, 878, 293
377, 8780.000000, 8928.000000, 5975.000000, 13319, 867, 297
378, 7218.000000, 7363.000000, 15109.000000, 1082, 877, 290
379, 7480.000000, 7627.000000, 15671.000000, 1066, 888, 294
380, 8642.000000, 8789.000000, 5849.000000, 13150, 857, 293
381, 7348.000000, 7497.000000, 15409.000000, 1070, 891, 297
382, 7510.000000, 7657.000000, 15673.000000, 1082, 867, 294
383, 8672.000000, 8818.000000, 5977.000000, 13115, 874, 293
384, 8716.000000, 8865.000000, 5898.000000, 13303, 884, 297
385, 2425.000000, 2570.000000, -4294946628.000000, 12995, 14406, 290
386, 8699.000000, 8845.000000, 5968.000000, 13212, 891, 293
387, 7083.000000, 7229.000000, 15052.000000, 1057, 971, 291
388, 7445.000000, 7592.000000, 15543.000000, 1082, 867, 294
389, 8768.000000, 8917.000000, 5951.000000, 13334, 874, 297
390, 8852.000000, 8998.000000, 5970.000000, 13451, 858, 291
391, 7478.000000, 7624.000000, 15631.000000, 1061, 868, 293
392, 8547.000000, 8693.000000, 5877.000000, 12979, 881, 293
393, 7355.000000, 7501.000000, 15392.000000, 1048, 865, 293
394, 7202.000000, 7349.000000, 15131.000000, 1076, 901, 293
395, 7275.000000, 7422.000000, 15246.000000, 1066, 881, 294
396, 7310.000000, 7457.000000, 15277.000000, 1092, 874, 293
397, 8753.000000, 8902.000000, 5930.000000, 13319, 871, 297
398, 8706.000000, 8852.000000, 6001.000000, 13219, 904, 293
399, 7482.000000, 7629.000000, 15638.000000, 1076, 875, 294
400, 7551.000000, 7698.000000, 15786.000000, 1104, 894, 294
401, 8270.000000, 8415.000000, -4294948273.000000, 1095, 1789, 290
402, 8729.000000, 8877.000000, 5973.000000, 13222, 868, 296
403, 7343.000000, 7490.000000, 15365.000000, 1057, 868, 294
404, 7750.000000, 7897.000000, 16147.000000, 1076, 861, 294
405, 7548.000000, 7695.000000, 15818.000000, 1069, 895, 294
406, 2652.000000, 2797.000000, 5903.000000, 1070, 834, 290
407, 2620.000000, 2766.000000, 5920.000000, 1102, 891, 293
408, 2605.000000, 2752.000000, 5859.000000, 1082, 865, 293
409, 2621.000000, 2768.000000, 5901.000000, 1070, 864, 294
410, 7237.000000, 7384.000000, 15128.000000, 1076, 865, 294
411, 8602.000000, 8749.000000, 5794.000000, 13146, 868, 294
412, 7123.000000, 7270.000000, 14928.000000, 1066, 874, 294
413, 8598.000000, 8743.000000, 5912.000000, 13020, 868, 291
414, 7124.000000, 7272.000000, 14916.000000, 1088, 878, 297
415, 7525.000000, 7672.000000, 15748.000000, 1051, 874, 293
416, 8405.000000, 8552.000000, 5904.000000, 12677, 885, 293
417, 2269.000000, 2416.000000, -4294934657.000000, 66, 14083, 293
418, 7102.000000, 7249.000000, 14860.000000, 1073, 864, 294
419, 8600.000000, 8746.000000, 5956.000000, 13052, 904, 293
420, 8723.000000, 8869.000000, 18096.000000, 1086, 868, 293
421, 8756.000000, 8903.000000, 5948.000000, 13341, 888, 293
422, 7487.000000, 7634.000000, 15608.000000, 1089, 861, 293
423, 7235.000000, 7382.000000, 15130.000000, 1063, 861, 294
424, 2606.000000, 2753.000000, 5945.000000, 1076, 904, 294
425, 8568.000000, 8715.000000, 5940.000000, 12951, 877, 294
426, 8400.000000, 8547.000000, 6104.000000, 12599, 951, 293
427, 8572.000000, 8719.000000, 5908.000000, 13011, 887, 293
428, 8592.000000, 8740.000000, 5866.000000, 13020, 851, 296
429, 7006.000000, 7153.000000, 14719.000000, 1070, 888, 293
430, 7322.000000, 7469.000000, 15307.000000, 1079, 871, 294
431, 7347.000000, 7492.000000, 15388.000000, 1048, 871, 290
432, 8532.000000, 8682.000000, 5846.000000, 12967, 874, 300
433, 8658.000000, 8804.000000, 7737.000000, 13109, 1765, 293
434, 8593.000000, 8740.000000, 5912.000000, 13011, 868, 293
435, 7129.000000, 7276.000000, 14968.000000, 1073, 891, 293
436, 8678.000000, 8823.000000, 5857.000000, 13216, 858, 290
437, 8678.000000, 8826.000000, 5923.000000, 13187, 877, 297
438, 6966.000000, 7113.000000, 14614.000000, 1067, 874, 293
439, 8614.000000, 8760.000000, 5905.000000, 13071, 874, 293
440, 7280.000000, 7427.000000, 15237.000000, 1092, 884, 293
441, 8562.000000, 8708.000000, 5953.000000, 12913, 871, 293
442, 8673.000000, 8821.000000, 5961.000000, 13127, 871, 297
443, 8613.000000, 8762.000000, 5952.000000, 13023, 874, 297
444, 8718.000000, 8865.000000, 5844.000000, 13329, 868, 293
445, 8447.000000, 8592.000000, 5919.000000, 12712, 868, 290
446, 8804.000000, 8951.000000, 5981.000000, 13410, 891, 293
447, 7861.000000, 8009.000000, 16330.000000, 1114, 861, 297
448, 6939.000000, 7085.000000, 14554.000000, 1095, 885, 291
449, 8485.000000, 8632.000000, 7597.000000, 12772, 1699, 294
450, 8482.000000, 8627.000000, 5953.000000, 12753, 871, 290
451, 7215.000000, 7363.000000, -4294950936.000000, 66, 998, 297
452, 7213.000000, 7359.000000, 15061.000000, 1101, 868, 293
453, 7036.000000, 7181.000000, 14796.000000, 1067, 895, 290
454, 7344.000000, 7491.000000, 15393.000000, 1092, 898, 294
455, 7340.000000, 7487.000000, 15332.000000, 1076, 864, 294
456, 7245.000000, 7394.000000, 15148.000000, 1079, 868, 297
457, 7181.000000, 7327.000000, 15071.000000, 1067, 888, 293
458, 6931.000000, 7077.000000, 14537.000000, 1067, 871, 293
459, 8765.000000, 8912.000000, 5953.000000, 13353, 888, 294
460, 8378.000000, 8523.000000, 5863.000000, 12630, 868, 290
461, 7048.000000, 7195.000000, 14796.000000, 1063, 881, 294
462, 8612.000000, 8759.000000, 5971.000000, 12989, 868, 294
463, 7074.000000, 7222.000000, 14797.000000, 1079, 864, 297
464, 7165.000000, 7312.000000, 14990.000000, 1077, 868, 293
465, 2278.000000, 2424.000000, -4294935651.000000, 69, 13579, 293
466, 7380.000000, 7525.000000, 15458.000000, 1098, 898, 291
467, 8632.000000, 8779.000000, 5939.000000, 13061, 868, 294
468, 8391.000000, 8538.000000, 5882.000000, 12683, 891, 293
469, 7332.000000, 7481.000000, 15317.000000, 1070, 861, 297
470, 7258.000000, 7406.000000, 15201.000000, 1083, 884, 296
471, 7478.000000, 7625.000000, 15641.000000, 1064, 874, 293
472, 8590.000000, 8735.000000, 5913.000000, 13036, 884, 290
473, 7599.000000, 7745.000000, 15889.000000, 1051, 871, 293
474, 7136.000000, 7283.000000, 15015.000000, 1079, 911, 294
475, 8761.000000, 8906.000000, 5926.000000, 13313, 858, 290
476, 7171.000000, 7318.000000, 14997.000000, 1079, 867, 294
477, 7354.000000, 7501.000000, 15395.000000, 1070, 878, 293
478, 7001.000000, 7149.000000, 14665.000000, 1080, 871, 296
479, 8667.000000, 8814.000000, 5960.000000, 13130, 878, 294
480, 7009.000000, 7156.000000, 14710.000000, 1063, 877, 294
481, 2281.000000, 2427.000000, -4294935011.000000, 69, 13896, 293
482, 8816.000000, 8964.000000, 6022.000000, 13467, 928, 296
483, 8800.000000, 8947.000000, 5981.000000, 13467, 924, 294
484, 2615.000000, 2762.000000, 5960.000000, 1085, 907, 294
485, 8788.000000, 8935.000000, 6008.000000, 13445, 938, 293
486, 7197.000000, 7344.000000, 15229.000000, 1088, 961, 294
487, 7405.000000, 7551.000000, 15571.000000, 1067, 914, 293
488, 7407.000000, 7555.000000, 15557.000000, 1079, 911, 297
489, 8855.000000, 9004.000000, 5954.000000, 13479, 861, 297
490, 7415.000000, 7563.000000, 15485.000000, 1073, 864, 297
491, 7492.000000, 7639.000000, 15782.000000, 1057, 927, 294
492, 7593.000000, 7740.000000, 15954.000000, 1088, 928, 294
493, 7600.000000, 7746.000000, 15911.000000, 1079, 895, 293
494, 8835.000000, 8982.000000, 5974.000000, 13505, 904, 294
495, 8489.000000, 8637.000000, 5889.000000, 12797, 854, 297
496, 8671.000000, 8818.000000, 5879.000000, 13194, 865, 293
497, 8400.000000, 8547.000000, 7554.000000, 12577, 1665, 293
498, 8677.000000, 8824.000000, 5975.000000, 13168, 894, 294
499, 8822.000000, 8969.000000, 5919.000000, 13467, 871, 294
500, 8723.000000, 8870.000000, 5892.000000, 13297, 871, 294
501, 7355.000000, 7502.000000, 15399.000000, 1054, 871, 294
502, 7532.000000, 7677.000000, 15715.000000, 1086, 868, 290
503, 8723.000000, 8870.000000, 5926.000000, 13237, 858, 294
504, 7266.000000, 7412.000000, 15247.000000, 1067, 891, 293
505, 8569.000000, 8715.000000, 5906.000000, 12960, 864, 293
506, 7462.000000, 7609.000000, 15518.000000, 1142, 868, 294
507, 8550.000000, 8697.000000, 5945.000000, 12910, 877, 294
508, 8800.000000, 8945.000000, 5882.000000, 13460, 871, 291
509, 8875.000000, 9023.000000, 5965.000000, 13507, 861, 297
510, 7351.000000, 7498.000000, 15417.000000, 1088, 901, 294
511, 7628.000000, 7776.000000, 15984.000000, 1067, 897, 296
512, 2415.000000, 2560.000000, -4294949047.000000, 13111, 13265, 291
513, 2425.000000, 2572.000000, -4294946926.000000, 13455, 14487, 293
514, 7319.000000, 7467.000000, 15345.000000, 1063, 885, 297
515, 7473.000000, 7620.000000, 15622.000000, 1067, 871, 293
516, 2624.000000, 2771.000000, 5905.000000, 1066, 861, 294
517, 8797.000000, 8944.000000, 5979.000000, 13398, 891, 293
518, 7586.000000, 7732.000000, 15832.000000, 1076, 868, 293
519, 8779.000000, 8926.000000, 5952.000000, 13357, 875, 293
520, 8251.000000, 8399.000000, 17165.000000, 1079, 871, 297
521, 7295.000000, 7441.000000, 15248.000000, 1070, 864, 293
522, 7210.000000, 7359.000000, 15135.000000, 1082, 898, 297
523, 7332.000000, 7481.000000, 15338.000000, 1063, 868, 297
524, 7439.000000, 7586.000000, 15578.000000, 1069, 884, 294
525, 7566.000000, 7711.000000, 15828.000000, 1067, 881, 290
526, 7214.000000, 7361.000000, 15068.000000, 1089, 864, 293
527, 7157.000000, 7305.000000, 14979.000000, 1070, 867, 296
528, 8763.000000, 8908.000000, 5912.000000, 13369, 877, 290
529, 7284.000000, 7430.000000, -4294950386.000000, 1076, 1709, 293
530, 7282.000000, 7427.000000, 15221.000000, 1086, 871, 290
531, 8683.000000, 8832.000000, 5988.000000, 13121, 871, 297
532, 8580.000000, 8726.000000, 5841.000000, 13033, 857, 293
533, 8585.000000, 8730.000000, 5952.000000, 12995, 888, 290
534, 7247.000000, 7394.000000, 15213.000000, 1076, 897, 294
535, 8608.000000, 8755.000000, 5926.000000, 13032, 871, 294
536, 7131.000000, 7278.000000, 14900.000000, 1079, 858, 294
537, 7648.000000, 7796.000000, 15972.000000, 1060, 868, 297
538, 7207.000000, 7356.000000, 15170.000000, 1069, 912, 297
539, 8744.000000, 8893.000000, 5953.000000, 13272, 868, 297
540, 7471.000000, 7618.000000, 15588.000000, 1089, 867, 293
541, 7511.000000, 7656.000000, 15696.000000, 1089, 881, 290
542, 7378.000000, 7525.000000, 15412.000000, 1079, 867, 293
543, 8808.000000, 8955.000000, 5948.000000, 13391, 861, 293
544, 2609.000000, 2755.000000, 5931.000000, 1077, 895, 293
545, 8540.000000, 8685.000000, 7696.000000, 12854, 1735, 290
546, 7894.000000, 8041.000000, 16543.000000, 1082, 918, 294
547, 7440.000000, 7590.000000, 15619.000000, 1070, 904, 300
548, 7521.000000, 7666.000000, 15843.000000, 1082, 941, 290
549, 2424.000000, 2571.000000, -4294948768.000000, 13259, 13469, 294
550, 7562.000000, 7708.000000, 15866.000000, 1080, 911, 293
551, 7256.000000, 7403.000000, 15226.000000, 1082, 898, 294
552, 7493.000000, 7642.000000, 15650.000000, 1079, 871, 297
553, 6905.000000, 7052.000000, 14422.000000, 1151, 881, 294
554, 2430.000000, 2575.000000, -4294949174.000000, 12809, 13035, 290
555, 2431.000000, 2579.000000, -4294948926.000000, 13071, 13289, 296
556, 8578.000000, 8726.000000, 5878.000000, 13014, 868, 297
557, 8585.000000, 8732.000000, 5986.000000, 13007, 911, 294
558, 8541.000000, 8688.000000, 5993.000000, 12919, 915, 294
559, 7394.000000, 7541.000000, 15457.000000, 1073, 871, 294
560, 8444.000000, 8591.000000, 5879.000000, 12746, 868, 294
561, 8308.000000, 8454.000000, 7658.000000, 12448, 1745, 293
562, 8736.000000, 8881.000000, 5935.000000, 13293, 878, 291
563, 8718.000000, 8863.000000, 5969.000000, 13263, 898, 290
564, 7819.000000, 7966.000000, 16304.000000, 1076, 871, 294
565, 7339.000000, 7486.000000, 15363.000000, 1063, 874, 294
566, 8522.000000, 8669.000000, 5946.000000, 12840, 871, 294
567, 7342.000000, 7489.000000, 15322.000000, 1085, 861, 294
568, 7371.000000, 7519.000000, 15420.000000, 1076, 877, 297
569, 7269.000000, 7414.000000, 15181.000000, 1073, 858, 291
570, 2632.000000, 2778.000000, 5979.000000, 1073, 894, 293
571, 8719.000000, 8866.000000, 5959.000000, 13281, 901, 294
572, 7338.000000, 7484.000000, 15418.000000, 1086, 914, 293
573, 2426.000000, 2575.000000, -4294949094.000000, 12947, 13148, 297
574, 7217.000000, 7363.000000, 15217.000000, 1067, 925, 293
575, 7846.000000, 7993.000000, 16392.000000, 1088, 894, 294
576, 2407.000000, 2553.000000, -4294949064.000000, 12913, 13165, 291
577, 7524.000000, 7671.000000, -4294949897.000000, 1080, 1715, 293
578, 2450.000000, 2597.000000, -4294948702.000000, 13231, 13462, 294
579, 7123.000000, 7269.000000, 14971.000000, 1051, 888, 293
580, 2409.000000, 2554.000000, -4294949253.000000, 12740, 12982, 290
581, 2454.000000, 2600.000000, -4294949093.000000, 12923, 13109, 293
582, 8568.000000, 8713.000000, 5997.000000, 12936, 898, 290
583, 8740.000000, 8890.000000, 5968.000000, 13306, 897, 300
584, 2392.000000, 2539.000000, -4294948776.000000, 13329, 13532, 293
585, 2435.000000, 2582.000000, -4294948992.000000, 13011, 13222, 293
586, 2427.000000, 2572.000000, -4294948844.000000, 13181, 13389, 290
587, 7157.000000, 7303.000000, 15043.000000, 1073, 901, 293
588, 8402.000000, 8549.000000, 5882.000000, 12699, 888, 294
589, 7129.000000, 7274.000000, 14961.000000, 1060, 881, 290
590, 7483.000000, 7630.000000, 15674.000000, 1055, 881, 293
591, 7432.000000, 7578.000000, 15529.000000, 1083, 874, 293
592, 7515.000000, 7663.000000, 15699.000000, 1079, 874, 296
593, 2660.000000, 2807.000000, -4294934987.000000, 1076, 14032, 294
594, 8674.000000, 8821.000000, 5957.000000, 13128, 868, 293
595, 7341.000000, 7488.000000, 15352.000000, 1067, 868, 293
596, 7496.000000, 7641.000000, 15651.000000, 1070, 864, 290
597, 8680.000000, 8825.000000, 5941.000000, 13162, 871, 290
598, 7047.000000, 7194.000000, 14735.000000, 1082, 861, 294
599, 7365.000000, 7513.000000, 15412.000000, 1067, 874, 296
600, 7550.000000, 7696.000000, 15946.000000, 1076, 961, 293
601, 8721.000000, 8868.000000, 5929.000000, 13243, 865, 294
602, 7487.000000, 7632.000000, 15691.000000, 1073, 895, 290
603, 8668.000000, 8814.000000, 5925.000000, 13159, 874, 293
604, 2603.000000, 2751.000000, 5954.000000, 1095, 921, 296
605, 6918.000000, 7065.000000, 14485.000000, 1079, 864, 294
606, 7196.000000, 7343.000000, 15082.000000, 1098, 894, 294
607, 8683.000000, 8830.000000, 5931.000000, 13177, 871, 294
608, 7799.000000, 7946.000000, 16274.000000, 1079, 877, 294
609, 8298.000000, 8445.000000, 7509.000000, 12432, 1672, 293
610, 2429.000000, 2576.000000, -4294948850.000000, 13143, 13365, 293
611, 2429.000000, 2576.000000, -4294937812.000000, 1825, 13225, 293
612, 8465.000000, 8612.000000, 5955.000000, 12818, 921, 294
613, 7316.000000, 7463.000000, 15444.000000, 1051, 931, 293
614, 2436.000000, 2583.000000, -4294948641.000000, 13376, 13579, 293
615, 7529.000000, 7676.000000, 15826.000000, 1060, 914, 294
616, 8443.000000, 8591.000000, 5904.000000, 12784, 901, 297
617, 8593.000000, 8741.000000, 5961.000000, 13033, 904, 296
618, 7272.000000, 7417.000000, 15228.000000, 1079, 881, 290
619, 7681.000000, 7830.000000, 15989.000000, 1082, 854, 297
620, 7604.000000, 7754.000000, 15960.000000, 1070, 911, 300
621, 8606.000000, 8753.000000, 5963.000000, 12998, 874, 294
622, 2441.000000, 2588.000000, -4294948852.000000, 13131, 13346, 293
623, 2438.000000, 2583.000000, -4294949077.000000, 12967, 13155, 290
624, 7518.000000, 7665.000000, 15732.000000, 1073, 884, 293
625, 2408.000000, 2557.000000, -4294947494.000000, 12765, 13875, 297
626, 7148.000000, 7293.000000, 14998.000000, 1067, 884, 290
627, 2446.000000, 2593.000000, -4294948875.000000, 13162, 13345, 293
628, 7143.000000, 7291.000000, 15006.000000, 1070, 895, 297
629, 2427.000000, 2575.000000, -4294948991.000000, 12947, 13199, 297
630, 2431.000000, 2579.000000, -4294948887.000000, 13077, 13312, 297
631, 7305.000000, 7453.000000, 15311.000000, 1061, 881, 296
632, 2390.000000, 2536.000000, -4294949202.000000, 12897, 13105, 291
633, 8645.000000, 8792.000000, 5987.000000, 13086, 891, 294
634, 2428.000000, 2575.000000, -4294949298.000000, 12749, 12945, 294
635, 7905.000000, 8055.000000, 16539.000000, 1054, 891, 300
636, 8679.000000, 8826.000000, 17563.000000, 1658, 931, 294
637, 7300.000000, 7446.000000, 15281.000000, 1061, 871, 293
638, 7312.000000, 7459.000000, 15302.000000, 1079, 878, 293
639, 7582.000000, 7728.000000, 15783.000000, 1089, 854, 293
640, 2407.000000, 2553.000000, -4294949282.000000, 12822, 13011, 293
641, 2438.000000, 2587.000000, -4294947188.000000, 13215, 14223, 297
642, 8738.000000, 8885.000000, 5952.000000, 13319, 897, 294
643, 7679.000000, 7827.000000, 16023.000000, 1057, 861, 297
644, 8640.000000, 8787.000000, 5691.000000, 13304, 857, 293
645, 7367.000000, 7513.000000, 15397.000000, 1066, 864, 291
646, 7352.000000, 7500.000000, 15302.000000, 1070, 834, 296
647, 8776.000000, 8923.000000, 5956.000000, 13344, 874, 294
648, 8663.000000, 8810.000000, 5916.000000, 13133, 861, 294
649, 8505.000000, 8652.000000, 5986.000000, 12812, 894, 294
650, 8654.000000, 8801.000000, 6019.000000, 13051, 881, 294
651, 7393.000000, 7540.000000, 15503.000000, 1080, 898, 293
652, 2400.000000, 2545.000000, -4294948738.000000, 13300, 13529, 290
653, 2430.000000, 2575.000000, -4294948598.000000, 13420, 13629, 290
654, 7375.000000, 7522.000000, 15402.000000, 1111, 881, 293
655, 8614.000000, 8760.000000, 5992.000000, 12964, 864, 293
656, 7450.000000, 7598.000000, 15618.000000, 1072, 895, 297
657, 8456.000000, 8602.000000, 7728.000000, 12656, 1736, 293
658, 7585.000000, 7732.000000, 15876.000000, 1085, 895, 294
659, 7090.000000, 7238.000000, 14858.000000, 1070, 874, 296
660, 8683.000000, 8832.000000, 5861.000000, 13240, 867, 297
661, 8590.000000, 8740.000000, 5949.000000, 12948, 858, 299
662, 7119.000000, 7266.000000, 14896.000000, 1079, 868, 293
663, 7610.000000, 7757.000000, 15888.000000, 1061, 864, 293
664, 2598.000000, 2745.000000, 5929.000000, 1069, 901, 294
665, 7231.000000, 7376.000000, 15138.000000, 1067, 871, 290
666, 7346.000000, 7493.000000, 15365.000000, 1057, 865, 294
667, 7149.000000, 7296.000000, 14891.000000, 1082, 837, 294
668, 7783.000000, 7929.000000, 16223.000000, 1079, 868, 293
669, 7981.000000, 8129.000000, 16669.000000, 1089, 898, 296
670, 7149.000000, 7294.000000, 14979.000000, 1089, 885, 290
671, 7426.000000, 7571.000000, 15615.000000, 1060, 911, 290
672, 7145.000000, 7292.000000, 15032.000000, 1107, 924, 294
673, 2441.000000, 2588.000000, -4294948491.000000, 11934, 12928, 294
674, 2429.000000, 2576.000000, -4294948978.000000, 13032, 13246, 294
675, 2417.000000, 2564.000000, -4294948980.000000, 13077, 13279, 293
676, 7458.000000, 7605.000000, 15707.000000, 1079, 935, 294
677, 7281.000000, 7427.000000, 15362.000000, 1054, 927, 293
678, 7494.000000, 7644.000000, 15752.000000, 1079, 921, 300
679, 7325.000000, 7472.000000, 15469.000000, 1070, 944, 293
680, 7143.000000, 7288.000000, 14940.000000, 1076, 865, 290
681, 7345.000000, 7494.000000, 15381.000000, 1066, 878, 297
682, 7294.000000, 7439.000000, 15330.000000, 1080, 911, 290
683, 8794.000000, 8939.000000, 6039.000000, 13451, 951, 290
684, 8565.000000, 8712.000000, 5910.000000, 13010, 895, 294
685, 7165.000000, 7312.000000, 15042.000000, 1079, 895, 294
686, 8554.000000, 8701.000000, 5931.000000, 12926, 874, 294
687, 7957.000000, 8103.000000, 16589.000000, 1067, 871, 293
688, 8372.000000, 8517.000000, 5888.000000, 12627, 885, 290
689, 8719.000000, 8864.000000, 7606.000000, 13222, 1695, 290
690, 7309.000000, 7457.000000, 15267.000000, 1073, 861, 296
691, 8544.000000, 8691.000000, 5953.000000, 12884, 874, 294
692, 7185.000000, 7332.000000, 15090.000000, 1076, 898, 294
693, 7428.000000, 7575.000000, 15547.000000, 1057, 874, 294
694, 7107.000000, 7257.000000, 14869.000000, 1067, 861, 300
695, 7162.000000, 7308.000000, 15013.000000, 1073, 881, 293
696, 8526.000000, 8672.000000, 5931.000000, 12891, 885, 293
697, 7449.000000, 7596.000000, 15667.000000, 1073, 921, 294
698, 7452.000000, 7598.000000, 15547.000000, 1111, 877, 293
699, 7755.000000, 7903.000000, 16219.000000, 1048, 878, 296
700, 7654.000000, 7802.000000, 15995.000000, 1089, 888, 296
701, 2427.000000, 2574.000000, -4294948902.000000, 13158, 13349, 294
702, 7544.000000, 7690.000000, 15742.000000, 1076, 865, 293
703, 7127.000000, 7276.000000, 14884.000000, 1079, 854, 297
704, 8747.000000, 8893.000000, 5900.000000, 13322, 864, 293
705, 7550.000000, 7695.000000, -4294949970.000000, 1079, 1652, 290
706, 7335.000000, 7482.000000, 15428.000000, 1073, 915, 294
707, 8555.000000, 8702.000000, 6013.000000, 12960, 931, 294
708, 8727.000000, 8874.000000, 5891.000000, 13331, 884, 294
709, 8776.000000, 8923.000000, 5979.000000, 13375, 901, 294
710, 2432.000000, 2577.000000, -4294948974.000000, 13033, 13245, 290
711, 2439.000000, 2586.000000, -4294949001.000000, 13020, 13218, 294
712, 7045.000000, 7191.000000, 14876.000000, 1076, 931, 293
713, 7028.000000, 7175.000000, 14804.000000, 1057, 902, 293
714, 2436.000000, 2584.000000, -4294948830.000000, 13184, 13389, 297
715, 7431.000000, 7578.000000, 15635.000000, 1076, 924, 293
716, 8722.000000, 8869.000000, 5863.000000, 13338, 878, 293
717, 7246.000000, 7393.000000, 15211.000000, 1057, 888, 294
718, 7557.000000, 7704.000000, 15775.000000, 1076, 868, 293
719, 7556.000000, 7702.000000, 15739.000000, 1095, 861, 293
720, 7113.000000, 7261.000000, 14916.000000, 1092, 891, 296
721, 2276.000000, 2421.000000, -4294935913.000000, 73, 13452, 290
722, 8593.000000, 8739.000000, 5982.000000, 12986, 891, 293
723, 7640.000000, 7785.000000, 15936.000000, 1067, 861, 290
724, 2579.000000, 2724.000000, 5946.000000, 1089, 938, 290
725, 7434.000000, 7579.000000, 15489.000000, 1148, 884, 290
726, 8722.000000, 8869.000000, 6083.000000, 13238, 938, 293
727, 8718.000000, 8864.000000, 5944.000000, 13234, 871, 293
728, 7224.000000, 7371.000000, 15096.000000, 1089, 868, 294
729, 8714.000000, 8861.000000, 6002.000000, 13174, 874, 294
730, 7486.000000, 7632.000000, 15681.000000, 1088, 898, 291
731, 7244.000000, 7390.000000, 15140.000000, 1070, 861, 293
732, 7299.000000, 7445.000000, 15242.000000, 1085, 864, 291
733, 7232.000000, 7379.000000, 15134.000000, 1079, 874, 294
734, 7420.000000, 7570.000000, 15538.000000, 1079, 888, 300
735, 7456.000000, 7605.000000, 15572.000000, 1057, 858, 297
736, 8717.000000, 8865.000000, 5889.000000, 13294, 874, 296
737, 8337.000000, 8484.000000, 7564.000000, 12489, 1689, 293
738, 7294.000000, 7444.000000, 15337.000000, 1067, 908, 300
739, 2438.000000, 2588.000000, -4294937797.000000, 1847, 13235, 300
740, 7307.000000, 7454.000000, 15392.000000, 1111, 944, 294
741, 7268.000000, 7414.000000, 15296.000000, 1048, 904, 293
742, 7588.000000, 7735.000000, 15894.000000, 1079, 898, 294
743, 7644.000000, 7790.000000, 15940.000000, 1070, 861, 293
744, 7358.000000, 7504.000000, 15373.000000, 1073, 865, 293
745, 7351.000000, 7498.000000, 15395.000000, 1070, 881, 293
746, 7486.000000, 7633.000000, 15681.000000, 1079, 894, 294
747, 7495.000000, 7642.000000, 15755.000000, 1058, 911, 293
748, 7490.000000, 7637.000000, 15639.000000, 1063, 861, 294
749, 2427.000000, 2574.000000, -4294937599.000000, 1816, 13329, 293
750, 7165.000000, 7313.000000, 15037.000000, 1089, 898, 296
751, 7155.000000, 7302.000000, 15007.000000, 1060, 878, 294
752, 7283.000000, 7430.000000, 15194.000000, 1089, 858, 293
753, 2414.000000, 2560.000000, -4294947404.000000, 12888, 13976, 293
754, 7449.000000, 7596.000000, 15654.000000, 1066, 911, 294
755, 8754.000000, 8901.000000, 5883.000000, 13354, 864, 293
756, 7463.000000, 7609.000000, 15648.000000, 1086, 904, 293
757, 7454.000000, 7601.000000, 15616.000000, 1067, 887, 293
758, 8701.000000, 8846.000000, 6009.000000, 13216, 911, 290
759, 8699.000000, 8926.000000, 5905.000000, 13227, 867, 455
760, 7303.000000, 7450.000000, 15329.000000, 1080, 901, 293
761, 8811.000000, 8958.000000, 5966.000000, 13398, 871, 294
762, 7253.000000, 7401.000000, 15229.000000, 1079, 901, 297
763, 8635.000000, 8781.000000, 5934.000000, 13052, 858, 293
764, 7615.000000, 7762.000000, 15920.000000, 1067, 878, 293
765, 7151.000000, 7299.000000, 15000.000000, 1051, 874, 296
766, 8468.000000, 8615.000000, 5943.000000, 12750, 878, 293
767, 8537.000000, 8682.000000, 17092.000000, 1712, 865, 290
768, 8524.000000, 8671.000000, 5871.000000, 12919, 871, 294
769, 2618.000000, 2766.000000, -4294935424.000000, 1070, 13853, 297
770, 7564.000000, 7713.000000, 15801.000000, 1070, 871, 297
771, 8707.000000, 8854.000000, 5942.000000, 13249, 888, 294
772, 7214.000000, 7359.000000, 15085.000000, 1086, 871, 290
773, 8581.000000, 8728.000000, 5933.000000, 12951, 861, 294
774, 8353.000000, 8498.000000, 5961.000000, 12501, 878, 290
775, 7387.000000, 7534.000000, 15436.000000, 1066, 864, 294
776, 8707.000000, 8856.000000, 5885.000000, 13312, 891, 297
777, 7331.000000, 7476.000000, 15342.000000, 1077, 878, 290
778, 7141.000000, 7288.000000, 14951.000000, 1066, 867, 294
779, 8658.000000, 8805.000000, 5941.000000, 13117, 871, 294
780, 7251.000000, 7397.000000, 15150.000000, 1080, 864, 293
781, 7521.000000, 7667.000000, 15714.000000, 1076, 874, 293
782, 7085.000000, 7232.000000, 14790.000000, 1089, 854, 293
783, 8604.000000, 8749.000000, 5918.000000, 13020, 865, 290
784, 2604.000000, 2749.000000, 5966.000000, 1045, 901, 290
785, 2272.000000, 2420.000000, -4294935598.000000, 66, 13610, 296
786, 2442.000000, 2589.000000, -4294948836.000000, 13055, 13315, 293
787, 7687.000000, 7834.000000, 16120.000000, 1057, 901, 294
788, 2385.000000, 2532.000000, -4294948944.000000, 13137, 13359, 293
789, 2446.000000, 2594.000000, -4294937112.000000, 1844, 13568, 297
790, 2451.000000, 2597.000000, -4294948796.000000, 13199, 13398, 291
791, 7562.000000, 7708.000000, 15899.000000, 1067, 921, 293
792, 2413.000000, 2560.000000, -4294948668.000000, 13445, 13623, 294
793, 7400.000000, 7547.000000, 15472.000000, 1057, 864, 294
794, 2439.000000, 2584.000000, -4294948843.000000, 13190, 13382, 290
795, 7521.000000, 7667.000000, 15817.000000, 1067, 921, 293
796, 7594.000000, 7739.000000, 15876.000000, 1108, 898, 290
797, 2433.000000, 2580.000000, -4294948991.000000, 13051, 13245, 294
798, 8339.000000, 8486.000000, 5972.000000, 12457, 875, 294
799, 7259.000000, 7405.000000, 15157.000000, 1089, 864, 293
800, 7357.000000, 7502.000000, 15414.000000, 1089, 894, 290
801, 2445.000000, 2591.000000, -4294947229.000000, 13175, 14176, 293
802, 2436.000000, 2584.000000, -4294949120.000000, 12860, 13082, 296
803, 8463.000000, 8610.000000, 5933.000000, 12756, 881, 293
804, 7488.000000, 7635.000000, 15657.000000, 1076, 878, 294
805, 7265.000000, 7411.000000, 15215.000000, 1057, 871, 293
806, 8669.000000, 8816.000000, 5958.000000, 13171, 895, 293
807, 8616.000000, 8763.000000, 5936.000000, 13033, 868, 293
808, 7294.000000, 7439.000000, 15228.000000, 1076, 858, 290
809, 7149.000000, 7297.000000, 15024.000000, 1070, 898, 296
810, 8414.000000, 8561.000000, 5970.000000, 12614, 878, 294
811, 7670.000000, 7816.000000, 16011.000000, 1051, 861, 293
812, 8478.000000, 8627.000000, 5905.000000, 12806, 877, 297
813, 7875.000000, 8022.000000, 16454.000000, 1079, 891, 293
814, 6912.000000, 7058.000000, 14519.000000, 1079, 887, 293
815, 7282.000000, 7427.000000, 15141.000000, 1152, 864, 290
816, 7367.000000, 7512.000000, 15395.000000, 1089, 875, 290
817, 2266.000000, 2413.000000, -4294935165.000000, 66, 13832, 294
818, 8641.000000, 8788.000000, 5932.000000, 13099, 874, 293
819, 7713.000000, 7862.000000, 16100.000000, 1089, 881, 297
820, 8576.000000, 8722.000000, 5900.000000, 13042, 895, 293
821, 8619.000000, 8766.000000, 5774.000000, 13199, 867, 294
822, 8571.000000, 8718.000000, 5959.000000, 12913, 865, 294
823, 7228.000000, 7374.000000, 15113.000000, 1066, 861, 291
824, 8659.000000, 8806.000000, 5877.000000, 13184, 871, 293
825, 7196.000000, 7343.000000, 15070.000000, 1079, 878, 293
826, 7508.000000, 7653.000000, 15662.000000, 1089, 867, 290
827, 8756.000000, 8902.000000, 5925.000000, 13323, 868, 293
828, 7424.000000, 7571.000000, 15477.000000, 1086, 857, 293
829, 7174.000000, 7321.000000, 15042.000000, 1069, 881, 294
830, 8717.000000, 8864.000000, 5941.000000, 13256, 881, 293
831, 8807.000000, 8957.000000, 5930.000000, 13426, 871, 300
832, 8739.000000, 8887.000000, 5923.000000, 13398, 921, 296
833, 8449.000000, 8597.000000, 7690.000000, 12712, 1752, 297
834, 2444.000000, 2591.000000, -4294949047.000000, 12976, 13168, 294
835, 2429.000000, 2579.000000, -4294949078.000000, 12970, 13165, 300
836, 2407.000000, 2554.000000, -4294948889.000000, 13146, 13369, 294
837, 2478.000000, 2624.000000, -4294949201.000000, 12857, 12998, 293
838, 7698.000000, 7844.000000, 16101.000000, 1051, 878, 293
839, 7125.000000, 7271.000000, 14968.000000, 1064, 891, 293
840, 2393.000000, 2539.000000, -4294949028.000000, 13042, 13262, 293
841, 2433.000000, 2581.000000, -4294948931.000000, 13071, 13285, 296
842, 2429.000000, 2575.000000, -4294948751.000000, 13219, 13453, 293
843, 7334.000000, 7480.000000, 15417.000000, 1067, 908, 293
844, 2603.000000, 2750.000000, 5931.000000, 1066, 895, 294
845, 8506.000000, 8652.000000, 5983.000000, 12851, 911, 293
846, 7253.000000, 7400.000000, 15164.000000, 1085, 871, 294
847, 7646.000000, 7794.000000, 15941.000000, 1073, 861, 297
848, 7038.000000, 7185.000000, 14752.000000, 1073, 874, 293
849, 8349.000000, 8495.000000, 7638.000000, 12479, 1709, 291
850, 2449.000000, 2596.000000, -4294949139.000000, 12838, 13048, 294
851, 2426.000000, 2573.000000, -4294948564.000000, 13486, 13683, 294
852, 7497.000000, 7643.000000, 15761.000000, 1067, 917, 293
853, 8476.000000, 8622.000000, 5974.000000, 12806, 914, 293
854, 7309.000000, 7456.000000, 15340.000000, 1067, 894, 293
855, 2436.000000, 2582.000000, -4294938293.000000, 1853, 12992, 293
856, 2402.000000, 2549.000000, -4294949101.000000, 13020, 13205, 293
857, 6960.000000, 7109.000000, 14610.000000, 1067, 878, 297
858, 7580.000000, 7726.000000, 15802.000000, 1086, 864, 293
859, 7355.000000, 7502.000000, 15382.000000, 1079, 875, 294
860, 7143.000000, 7290.000000, 14957.000000, 1079, 875, 294
861, 8599.000000, 8746.000000, 5990.000000, 13011, 901, 293
862, 8665.000000, 8813.000000, 5957.000000, 13095, 861, 297
863, 8488.000000, 8633.000000, 5918.000000, 12794, 868, 290
864, 7173.000000, 7318.000000, 15019.000000, 1063, 868, 290
865, 8267.000000, 8414.000000, 7519.000000, 12359, 1672, 294
866, 8723.000000, 8871.000000, 5953.000000, 13228, 867, 296
867, 8548.000000, 8694.000000, 5938.000000, 12894, 868, 293
868, 7431.000000, 7578.000000, 15542.000000, 1069, 874, 294
869, 8376.000000, 8523.000000, 17422.000000, 1066, 868, 294
870, 6966.000000, 7114.000000, 14615.000000, 1079, 881, 297
871, 8700.000000, 8849.000000, 5957.000000, 13234, 895, 297
872, 6949.000000, 7096.000000, 14584.000000, 1076, 881, 294
873, 8484.000000, 8634.000000, 5944.000000, 12753, 864, 300
874, 8649.000000, 8797.000000, 5993.000000, 13080, 887, 296
875, 8546.000000, 8693.000000, 5993.000000, 12922, 911, 294
876, 8458.000000, 8603.000000, 17066.000000, 1712, 931, 290
877, 7172.000000, 7320.000000, 15003.000000, 1070, 864, 296
878, 7376.000000, 7523.000000, 15402.000000, 1073, 861, 294
879, 7291.000000, 7436.000000, 15177.000000, 1161, 878, 290
880, 7828.000000, 7976.000000, 16311.000000, 1067, 861, 296
881, 2287.000000, 2434.000000, -4294935816.000000, 66, 13486, 294
882, 7879.000000, 8025.000000, 16392.000000, 1080, 857, 293
883, 8604.000000, 8751.000000, 5819.000000, 13212, 911, 294
884, 7270.000000, 7417.000000, 15191.000000, 1085, 868, 294
885, 7606.000000, 7751.000000, 15976.000000, 1067, 915, 290
886, 8526.000000, 8672.000000, 5979.000000, 12844, 885, 291
887, 7055.000000, 7202.000000, 14820.000000, 1067, 888, 294
888, 7288.000000, 7435.000000, 15245.000000, 1079, 874, 294
889, 7311.000000, 7458.000000, 15269.000000, 1070, 858, 294
890, 7337.000000, 7483.000000, 15336.000000, 1080, 871, 293
891, 7563.000000, 7709.000000, 15866.000000, 1057, 898, 291
892, 7215.000000, 7362.000000, 15105.000000, 1067, 871, 294
893, 8541.000000, 8688.000000, 5949.000000, 12882, 874, 293
894, 7388.000000, 7534.000000, 15506.000000, 1064, 897, 293
895, 7314.000000, 7463.000000, 15337.000000, 1060, 884, 297
896, 7618.000000, 7764.000000, 15922.000000, 1076, 881, 293
897, 2629.000000, 2774.000000, -4294935676.000000, 1083, 13722, 290
898, 2435.000000, 2582.000000, -4294949383.000000, 12633, 12838, 294
899, 7469.000000, 7616.000000, 15630.000000, 1051, 871, 293
900, 7319.000000, 7466.000000, 15350.000000, 1076, 894, 294
901, 7339.000000, 7486.000000, 15361.000000, 1086, 884, 293
902, 8434.000000, 8583.000000, 5998.000000, 12633, 881, 297
903, 8531.000000, 8679.000000, 5921.000000, 12904, 881, 296
904, 2569.000000, 2716.000000, 5964.000000, 1063, 944, 294
905, 7144.000000, 7294.000000, 14944.000000, 1066, 861, 300
906, 7112.000000, 7258.000000, 14867.000000, 1088, 865, 291
907, 8506.000000, 8653.000000, 5993.000000, 12781, 881, 294
908, 7066.000000, 7213.000000, 14782.000000, 1073, 861, 294
909, 7106.000000, 7253.000000, 14849.000000, 1132, 884, 294
910, 7023.000000, 7171.000000, 14718.000000, 1070, 871, 296
911, 7153.000000, 7300.000000, 15012.000000, 1082, 894, 294
912, 2410.000000, 2557.000000, -4294949542.000000, 12577, 12755, 293
913, 8806.000000, 8953.000000, 7673.000000, 13429, 1745, 294
914, 7529.000000, 7676.000000, 15761.000000, 1085, 894, 294
915, 7109.000000, 7257.000000, 14947.000000, 1061, 895, 296
916, 7346.000000, 7493.000000, 15376.000000, 1079, 881, 294
917, 7316.000000, 7463.000000, 15325.000000, 1076, 884, 294
918, 6941.000000, 7088.000000, 14587.000000, 1085, 895, 294
919, 7619.000000, 7764.000000, 15959.000000, 1061, 891, 290
920, 2404.000000, 2552.000000, -4294949058.000000, 12988, 13209, 297
921, 7175.000000, 7323.000000, 15119.000000, 1073, 921, 297
922, 2430.000000, 2577.000000, -4294937829.000000, 1818, 13212, 294
923, 8498.000000, 8643.000000, 5999.000000, 12847, 925, 290
924, 7613.000000, 7758.000000, 15894.000000, 1080, 874, 290
925, 7650.000000, 7795.000000, 15944.000000, 1079, 861, 290
926, 7580.000000, 7725.000000, 15818.000000, 1079, 868, 290
927, 2435.000000, 2582.000000, -4294949236.000000, 12809, 12999, 294
928, 7462.000000, 7611.000000, 15645.000000, 1082, 901, 297
929, 2431.000000, 2576.000000, -4294947029.000000, 13363, 14384, 291
930, 2447.000000, 2593.000000, -4294948680.000000, 13341, 13531, 291
931, 8750.000000, 8897.000000, 5979.000000, 13304, 891, 293
932, 7752.000000, 7899.000000, 16148.000000, 1098, 871, 294
933, 7278.000000, 7424.000000, 15263.000000, 1061, 884, 293
934, 6973.000000, 7118.000000, 14585.000000, 1089, 864, 290
935, 7399.000000, 7548.000000, 15450.000000, 1079, 865, 297
936, 8497.000000, 8643.000000, 6029.000000, 12847, 941, 293
937, 8088.000000, 8235.000000, 16854.000000, 1079, 878, 294
938, 8736.000000, 8883.000000, 5970.000000, 13231, 864, 293
939, 7640.000000, 7789.000000, 15956.000000, 1047, 861, 297
940, 8614.000000, 8762.000000, 5877.000000, 13133, 891, 297
941, 8634.000000, 8782.000000, 5968.000000, 13068, 884, 296
942, 7225.000000, 7372.000000, 15102.000000, 1070, 861, 294
943, 7261.000000, 7407.000000, 15223.000000, 1067, 884, 293
944, 8513.000000, 8660.000000, 5886.000000, 12875, 867, 294
945, 2641.000000, 2786.000000, -4294934787.000000, 1057, 14142, 290
946, 7249.000000, 7396.000000, 15196.000000, 1079, 888, 293
947, 7836.000000, 7984.000000, 16320.000000, 1088, 868, 297
948, 7398.000000, 7545.000000, 15435.000000, 1104, 871, 294
949, 8503.000000, 8651.000000, 5948.000000, 12800, 871, 296
950, 7412.000000, 7559.000000, 15461.000000, 1092, 864, 294
951, 7117.000000, 7265.000000, 14892.000000, 1070, 864, 297
952, 8450.000000, 8598.000000, 5901.000000, 12756, 878, 296
953, 7170.000000, 7317.000000, 14992.000000, 1076, 864, 294
954, 7680.000000, 7827.000000, 16009.000000, 1086, 867, 293
955, 8582.000000, 8729.000000, 5982.000000, 12979, 898, 294
956, 8362.000000, 8510.000000, 5869.000000, 12583, 864, 296
957, 7288.000000, 7436.000000, 15337.000000, 1048, 904, 296
958, 7165.000000, 7312.000000, 15017.000000, 1076, 881, 293
959, 8517.000000, 8665.000000, 5939.000000, 12837, 871, 297
960, 8727.000000, 8872.000000, 5887.000000, 13344, 888, 290
961, 8292.000000, 8437.000000, 7502.000000, 12406, 1662, 291
962, 7227.000000, 7375.000000, 15196.000000, 1073, 907, 296
963, 7401.000000, 7546.000000, 15514.000000, 1082, 897, 291
964, 2635.000000, 2784.000000, 6025.000000, 1082, 918, 297
965, 7137.000000, 7283.000000, 15000.000000, 1082, 904, 293
966, 8678.000000, 8823.000000, 6044.000000, 13120, 904, 291
967, 7369.000000, 7518.000000, 15348.000000, 1035, 822, 297
968, 8211.000000, 8358.000000, 17142.000000, 1069, 894, 294
969, 7172.000000, 7319.000000, 15135.000000, 1051, 921, 294
970, 7628.000000, 7774.000000, 16011.000000, 1067, 911, 293
971, 6937.000000, 7084.000000, 14658.000000, 1073, 928, 293
972, 7285.000000, 7431.000000, 15148.000000, 1151, 864, 291
973, 7677.000000, 7824.000000, 16082.000000, 1054, 891, 294
974, 8591.000000, 8738.000000, 5968.000000, 12957, 871, 293
975, 8502.000000, 8649.000000, 5976.000000, 12797, 884, 293
976, 8027.000000, 8176.000000, 16704.000000, 1079, 864, 297
977, 8384.000000, 8531.000000, 7570.000000, 12615, 1708, 294
978, 7612.000000, 7759.000000, 15884.000000, 1083, 871, 293
979, 8772.000000, 8919.000000, 5931.000000, 13375, 881, 294
980, 8727.000000, 8874.000000, 5921.000000, 13356, 911, 294
981, 7039.000000, 7186.000000, 14731.000000, 1070, 861, 294
982, 7264.000000, 7412.000000, 15193.000000, 1083, 874, 296
983, 7076.000000, 7223.000000, 14819.000000, 1063, 865, 294
984, 8632.000000, 8777.000000, 5903.000000, 13118, 878, 290
985, 8515.000000, 8665.000000, 5987.000000, 12832, 894, 299
986, 8586.000000, 8733.000000, 5938.000000, 12957, 861, 294
987, 7027.000000, 7172.000000, 14782.000000, 1076, 902, 290
988, 7283.000000, 7429.000000, 15338.000000, 1070, 921, 293
989, 7591.000000, 7738.000000, 15908.000000, 1057, 891, 294
990, 7360.000000, 7509.000000, 15441.000000, 1082, 901, 297
991, 2448.000000, 2597.000000, -4294949184.000000, 12809, 13012, 297
992, 8756.000000, 8905.000000, 5934.000000, 13441, 931, 297
993, 2428.000000, 2576.000000, -4294947181.000000, 13168, 14213, 296
994, 7128.000000, 7275.000000, 14930.000000, 1069, 871, 294
995, 7223.000000, 7370.000000, 15113.000000, 1070, 868, 293
996, 7439.000000, 7585.000000, 15507.000000, 1088, 858, 291
997, 7276.000000, 7423.000000, 15233.000000, 1054, 867, 293
998, 7373.000000, 7520.000000, 15495.000000, 1073, 911, 294
999, 8313.000000, 8461.000000, 5946.000000, 12451, 885, 296
1000, 6921.000000, 7067.000000, 14473.000000, 1089, 860, 293
1001, 7148.000000, 7295.000000, 14978.000000, 1067, 874, 293
1002, 6986.000000, 7132.000000, 14615.000000, 1073, 858, 293
1003, 8604.000000, 8749.000000, 5935.000000, 12995, 861, 291
1004, 8552.000000, 8697.000000, 5881.000000, 12960, 868, 290
1005, 7352.000000, 7501.000000, 15367.000000, 1088, 875, 297
1006, 7224.000000, 7371.000000, 15126.000000, 1077, 877, 293
1007, 7124.000000, 7270.000000, 14917.000000, 1066, 867, 291
1008, 8750.000000, 8896.000000, 5907.000000, 13369, 888, 293
1009, 7532.000000, 7679.000000, -4294949907.000000, 1054, 1689, 294
1010, 8431.000000, 8576.000000, 5985.000000, 12700, 911, 290
1011, 8700.000000, 8845.000000, 5932.000000, 13196, 864, 291
1012, 7388.000000, 7537.000000, 15521.000000, 1066, 905, 297
1013, 8749.000000, 8896.000000, 5904.000000, 13322, 864, 294
1014, 7243.000000, 7390.000000, 15166.000000, 1088, 884, 294
1015, 7232.000000, 7379.000000, 15186.000000, 1060, 891, 294
1016, 8734.000000, 8881.000000, 5877.000000, 13319, 864, 294
1017, 6955.000000, 7102.000000, 14593.000000, 1079, 881, 294
1018, 7634.000000, 7781.000000, 15880.000000, 1164, 888, 294
1019, 7660.000000, 7805.000000, 16015.000000, 1073, 884, 290
1020, 7714.000000, 7860.000000, 16203.000000, 1073, 924, 293
1021, 7427.000000, 7574.000000, 15634.000000, 1054, 917, 294
1022, 2432.000000, 2580.000000, -4294948992.000000, 13010, 13225, 297
1023, 7344.000000, 7491.000000, 15404.000000, 1073, 894, 293
1024, 8919.000000, 9068.000000, 18613.000000, 1082, 928, 297
1025, 8599.000000, 8747.000000, 7603.000000, 13011, 1708, 297
1026, 7348.000000, 7495.000000, 15358.000000, 1066, 864, 294
1027, 8293.000000, 8440.000000, 5961.000000, 12353, 864, 294
1028, 8536.000000, 8682.000000, 5929.000000, 12932, 894, 291
1029, 8460.000000, 8605.000000, 5953.000000, 12709, 871, 290
1030, 8567.000000, 8716.000000, 5943.000000, 12920, 864, 297
1031, 7014.000000, 7163.000000, 14695.000000, 1070, 868, 297
1032, 7205.000000, 7350.000000, 15043.000000, 1083, 858, 290
1033, 7541.000000, 7688.000000, 15778.000000, 1067, 881, 293
1034, 8101.000000, 8248.000000, 16880.000000, 1079, 878, 294
1035, 7198.000000, 7345.000000, 15087.000000, 1063, 877, 294
1036, 7165.000000, 7312.000000, 15019.000000, 1079, 884, 294
1037, 8432.000000, 8579.000000, 5952.000000, 12715, 901, 294
1038, 7821.000000, 7967.000000, 16347.000000, 1083, 894, 293
1039, 8773.000000, 8922.000000, 5958.000000, 13391, 901, 297
1040, 7045.000000, 7193.000000, 14833.000000, 1080, 911, 296
1041, 2632.000000, 2780.000000, -4294935400.000000, 1061, 13846, 296
1042, 7260.000000, 7408.000000, 15223.000000, 1079, 891, 297
1043, 2426.000000, 2574.000000, -4294949178.000000, 12851, 13058, 296
1044, 2387.000000, 2534.000000, -4294938385.000000, 1772, 12954, 293
1045, 7301.000000, 7447.000000, 15284.000000, 1086, 884, 293
1046, 7377.000000, 7522.000000, 15472.000000, 1079, 898, 290
1047, 7085.000000, 7232.000000, 14879.000000, 1066, 887, 294
1048, 8614.000000, 8759.000000, 5926.000000, 13124, 911, 290
1049, 7370.000000, 7518.000000, 15370.000000, 1158, 894, 297
1050, 7088.000000, 7235.000000, 14873.000000, 1079, 888, 294
1051, 8661.000000, 8808.000000, 6003.000000, 13128, 904, 293
1052, 8311.000000, 8457.000000, 17309.000000, 1083, 885, 293
1053, 8800.000000, 8947.000000, 5945.000000, 13398, 871, 294
1054, 8563.000000, 8709.000000, 5945.000000, 12923, 871, 293
1055, 8426.000000, 8573.000000, 5938.000000, 12665, 875, 293
1056, 7641.000000, 7788.000000, 16109.000000, 1070, 948, 293
1057, 8183.000000, 8328.000000, 7552.000000, 12218, 1702, 290
1058, 2424.000000, 2571.000000, -4294948909.000000, 13127, 13333, 294
1059, 2430.000000, 2575.000000, -4294948884.000000, 13121, 13336, 290
1060, 7434.000000, 7580.000000, 15546.000000, 1136, 907, 293
1061, 2440.000000, 2587.000000, -4294948862.000000, 13158, 13356, 294
1062, 7314.000000, 7463.000000, 15328.000000, 1089, 894, 297
1063, 7245.000000, 7392.000000, 15213.000000, 1073, 898, 294
1064, 8492.000000, 8637.000000, 5947.000000, 12847, 905, 291
1065, 8734.000000, 8881.000000, 5950.000000, 13275, 878, 293
1066, 8537.000000, 8684.000000, 5994.000000, 12834, 877, 294
1067, 7297.000000, 7443.000000, 15251.000000, 1066, 861, 291
1068, 7024.000000, 7171.000000, 14777.000000, 1079, 904, 294
1069, 2427.000000, 2574.000000, -4294948883.000000, 13111, 13335, 294
1070, 2434.000000, 2580.000000, -4294938067.000000, 1769, 13065, 293
1071, 8559.000000, 8707.000000, 5950.000000, 12891, 861, 296
1072, 7292.000000, 7440.000000, 15266.000000, 1060, 871, 297
1073, 2634.000000, 2779.000000, -4294935064.000000, 1048, 14006, 290
1074, 7381.000000, 7528.000000, 15437.000000, 1080, 877, 293
1075, 8774.000000, 8924.000000, 5946.000000, 13338, 868, 300
1076, 7061.000000, 7207.000000, 14768.000000, 1076, 861, 293
1077, 7133.000000, 7279.000000, 14935.000000, 1067, 868, 293
1078, 8510.000000, 8658.000000, 5961.000000, 12822, 881, 296
1079, 7504.000000, 7649.000000, 15686.000000, 1085, 881, 290
1080, 7349.000000, 7496.000000, 15357.000000, 1070, 864, 293
1081, 8543.000000, 8688.000000, 5967.000000, 12869, 875, 290
1082, 7346.000000, 7495.000000, 15330.000000, 1079, 858, 297
1083, 7115.000000, 7262.000000, 15024.000000, 1054, 924, 294
1084, 2611.000000, 2757.000000, 5932.000000, 1086, 898, 293
1085, 8603.000000, 8751.000000, 5955.000000, 12980, 864, 296
1086, 8524.000000, 8673.000000, 6121.000000, 12812, 942, 297
1087, 7094.000000, 7241.000000, 14982.000000, 1089, 941, 293
1088, 2392.000000, 2538.000000, -4294949258.000000, 12844, 13049, 293
1089, 2438.000000, 2585.000000, -4294947895.000000, 12579, 13552, 294
1090, 2443.000000, 2589.000000, -4294937574.000000, 1788, 13312, 293
1091, 2427.000000, 2574.000000, -4294949106.000000, 12929, 13132, 294
1092, 7282.000000, 7427.000000, 15243.000000, 1089, 884, 290
1093, 7064.000000, 7210.000000, 14807.000000, 1083, 881, 293
1094, 2444.000000, 2591.000000, -4294949037.000000, 12966, 13168, 294
1095, 7622.000000, 7768.000000, 15984.000000, 1057, 898, 291
1096, 2401.000000, 2550.000000, -4294948625.000000, 13436, 13652, 297
1097, 2420.000000, 2567.000000, -4294948817.000000, 13546, 13592, 294
1098, 7318.000000, 7465.000000, 15380.000000, 1079, 911, 293
1099, 2433.000000, 2579.000000, -4294948769.000000, 13263, 13462, 293
1100, 8386.000000, 8532.000000, 5897.000000, 12611, 868, 293
1101, 8755.000000, 8901.000000, 5953.000000, 13306, 874, 291
1102, 8790.000000, 8939.000000, 5976.000000, 13347, 871, 297
1103, 8395.000000, 8542.000000, 5955.000000, 12564, 864, 294
1104, 8572.000000, 8717.000000, 5888.000000, 12999, 871, 290
1105, 2263.000000, 2413.000000, -4294935737.000000, 60, 13546, 300
1106, 7286.000000, 7433.000000, 15207.000000, 1088, 861, 294
1107, 8645.000000, 8792.000000, 6091.000000, 13102, 951, 294
1108, 8627.000000, 8774.000000, 5926.000000, 13171, 921, 294
1109, 8369.000000, 8515.000000, 5984.000000, 12508, 877, 293
1110, 7267.000000, 7414.000000, 15192.000000, 1079, 868, 293
1111, 7436.000000, 7584.000000, 15537.000000, 1069, 867, 297
1112, 7155.000000, 7302.000000, 14957.000000, 1095, 871, 294
1113, 7338.000000, 7485.000000, 15362.000000, 1057, 871, 293
1114, 7560.000000, 7705.000000, 15790.000000, 1079, 874, 290
1115, 7689.000000, 7834.000000, 16025.000000, 1083, 865, 290
1116, 2626.000000, 2776.000000, 6025.000000, 1076, 924, 300
1117, 8380.000000, 8527.000000, 6085.000000, 12558, 941, 293
1118, 8406.000000, 8552.000000, 5959.000000, 12649, 898, 293
1119, 7415.000000, 7562.000000, 15511.000000, 1054, 867, 293
1120, 7346.000000, 7491.000000, 15392.000000, 1076, 888, 291
1121, 8196.000000, 8343.000000, 7487.000000, 12190, 1642, 293
1122, 8806.000000, 8954.000000, 5960.000000, 13422, 885, 297
1123, 8787.000000, 8934.000000, 5971.000000, 13354, 875, 293
1124, 8225.000000, 8372.000000, 17119.000000, 1079, 874, 294
1125, 7596.000000, 7743.000000, 15860.000000, 1067, 867, 294
1126, 7662.000000, 7810.000000, 15963.000000, 1089, 864, 296
1127, 7431.000000, 7579.000000, 15420.000000, 1164, 861, 296
1128, 6934.000000, 7081.000000, 14555.000000, 1076, 881, 294
1129, 7267.000000, 7414.000000, 15223.000000, 1082, 885, 294
1130, 7699.000000, 7846.000000, 16136.000000, 1057, 897, 293
1131, 7383.000000, 7530.000000, 15674.000000, 1054, 981, 294
1132, 2403.000000, 2550.000000, -4294923284.000000, 38771, 38988, 294
1133, 7456.000000, 7603.000000, 15594.000000, 1073, 877, 293
1134, 7716.000000, 7861.000000, 16115.000000, 1086, 884, 290
1135, 7743.000000, 7890.000000, 16140.000000, 1057, 855, 294
1136, 7083.000000, 7231.000000, 14832.000000, 1083, 874, 296
1137, 8731.000000, 8877.000000, 7736.000000, 13256, 1765, 293
1138, 7343.000000, 7490.000000, 15374.000000, 1088, 888, 294
1139, 8461.000000, 8608.000000, 5964.000000, 12781, 911, 293
1140, 7276.000000, 7423.000000, 15199.000000, 1076, 861, 294
1141, 7237.000000, 7383.000000, 15158.000000, 1064, 874, 293
1142, 8815.000000, 8961.000000, 6034.000000, 13492, 948, 293
1143, 7591.000000, 7738.000000, 15829.000000, 1082, 864, 294
1144, 2569.000000, 2716.000000, 5985.000000, 1076, 961, 294
1145, 8758.000000, 8905.000000, 5937.000000, 13294, 857, 293
1146, 8780.000000, 8927.000000, 5956.000000, 13379, 887, 294
1147, 7052.000000, 7199.000000, 14787.000000, 1060, 871, 294
1148, 8381.000000, 8529.000000, 5955.000000, 12649, 921, 297
1149, 7295.000000, 7442.000000, 15291.000000, 1070, 885, 293
1150, 7221.000000, 7368.000000, 15142.000000, 1057, 878, 294
1151, 7082.000000, 7230.000000, 14857.000000, 1070, 881, 296
1152, 2420.000000, 2567.000000, -4294949174.000000, 12988, 13135, 294
1153, 6964.000000, 7111.000000, -4294951009.000000, 1079, 1719, 294
1154, 8567.000000, 8712.000000, 5960.000000, 12910, 868, 291
1155, 7089.000000, 7237.000000, 14867.000000, 1047, 868, 297
1156, 8503.000000, 8649.000000, 5862.000000, 12866, 861, 293
1157, 7081.000000, 7228.000000, 14873.000000, 1098, 904, 294
1158, 7313.000000, 7458.000000, 15303.000000, 1080, 878, 290
1159, 7005.000000, 7152.000000, 14709.000000, 1057, 878, 294
1160, 7174.000000, 7321.000000, 15040.000000, 1057, 874, 294
1161, 7579.000000, 7726.000000, 15773.000000, 1142, 878, 294
1162, 7228.000000, 7373.000000, 15116.000000, 1076, 868, 290
1163, 7403.000000, 7550.000000, 15531.000000, 1057, 891, 294
1164, 7128.000000, 7274.000000, 14898.000000, 1086, 864, 293
1165, 7136.000000, 7283.000000, 14984.000000, 1057, 884, 293
1166, 8513.000000, 8660.000000, 5933.000000, 12822, 864, 293
1167, 7216.000000, 7362.000000, 15163.000000, 1077, 904, 293
1168, 2396.000000, 2542.000000, -4294938114.000000, 1800, 13095, 293
1169, 2425.000000, 2571.000000, -4294921932.000000, 13990, 27252, 293
1170, 2449.000000, 2596.000000, -4294949013.000000, 12980, 13182, 293
1171, 7299.000000, 7448.000000, 15310.000000, 1063, 887, 297
1172, 7408.000000, 7556.000000, 15509.000000, 1089, 891, 297
1173, 7199.000000, 7346.000000, 15112.000000, 1076, 895, 294
1174, 7049.000000, 7196.000000, 14785.000000, 1076, 881, 294
1175, 2442.000000, 2589.000000, -4294948869.000000, 13134, 13338, 293
1176, 8640.000000, 8785.000000, 5727.000000, 13348, 897, 290
1177, 2433.000000, 2580.000000, -4294948820.000000, 13206, 13408, 294
1178, 7212.000000, 7360.000000, 15120.000000, 1080, 888, 296
1179, 7549.000000, 7697.000000, 15835.000000, 1073, 905, 297
1180, 7425.000000, 7572.000000, 15503.000000, 1076, 864, 293
1181, 8783.000000, 8930.000000, 5965.000000, 13344, 871, 293
1182, 6970.000000, 7116.000000, 14589.000000, 1079, 864, 293
1183, 6905.000000, 7051.000000, 14498.000000, 1048, 868, 293
1184, 8378.000000, 8525.000000, 5955.000000, 12623, 911, 294
1185, 8237.000000, 8383.000000, 7538.000000, 12261, 1662, 291
1186, 8765.000000, 8915.000000, 5963.000000, 13315, 874, 300
1187, 8593.000000, 8740.000000, 5941.000000, 12982, 868, 294
1188, 7190.000000, 7337.000000, 15036.000000, 1079, 867, 294
1189, 7047.000000, 7194.000000, 14840.000000, 1057, 901, 294
1190, 8392.000000, 8540.000000, 5945.000000, 12573, 867, 297
1191, 7067.000000, 7213.000000, 14809.000000, 1067, 871, 293
1192, 7289.000000, 7435.000000, 15332.000000, 1076, 915, 293
1193, 8805.000000, 8954.000000, 5987.000000, 13420, 898, 297
1194, 7336.000000, 7484.000000, 15489.000000, 1079, 948, 297
1195, 8640.000000, 8787.000000, 5948.000000, 13054, 861, 294
1196, 8494.000000, 8639.000000, 5916.000000, 12828, 878, 290
1197, 7456.000000, 7603.000000, 15592.000000, 1077, 878, 293
1198, 7556.000000, 7703.000000, 15770.000000, 1070, 864, 294
1199, 7263.000000, 7410.000000, 15224.000000, 1057, 877, 293
1200, 7111.000000, 7257.000000, 14879.000000, 1079, 868, 293
1201, 2269.000000, 2416.000000, -4294935062.000000, 69, 13882, 293
1202, 7263.000000, 7411.000000, 15200.000000, 1083, 878, 296
1203, 7480.000000, 7627.000000, 15641.000000, 1070, 875, 293
1204, 2617.000000, 2762.000000, 5930.000000, 1086, 891, 290
1205, 6982.000000, 7129.000000, 14652.000000, 1067, 877, 293
1206, 2656.000000, 2801.000000, 5940.000000, 1088, 858, 291
1207, 8433.000000, 8580.000000, 5973.000000, 12624, 865, 293
1208, 7177.000000, 7324.000000, 15005.000000, 1086, 868, 293
1209, 7162.000000, 7309.000000, 14977.000000, 1076, 864, 293
1210, 7038.000000, 7183.000000, 14716.000000, 1083, 861, 290
1211, 7384.000000, 7530.000000, 15469.000000, 1067, 884, 293
1212, 2401.000000, 2549.000000, -4294937072.000000, 1844, 13633, 297
1213, 7625.000000, 7772.000000, 16029.000000, 1064, 921, 293
1214, 7170.000000, 7320.000000, 15009.000000, 1080, 874, 299
1215, 8543.000000, 8690.000000, 5968.000000, 12907, 894, 294
1216, 7207.000000, 7354.000000, 15074.000000, 1083, 871, 293
1217, 8377.000000, 8524.000000, 7487.000000, 12558, 1645, 293
1218, 7026.000000, 7173.000000, 14768.000000, 1073, 894, 293
1219, 7373.000000, 7519.000000, 15451.000000, 1057, 881, 293
1220, 7113.000000, 7262.000000, 14942.000000, 1073, 894, 297
1221, 8643.000000, 8789.000000, 5969.000000, 13131, 907, 293
1222, 2439.000000, 2586.000000, -4294938115.000000, 1768, 13035, 294
1223, 2468.000000, 2614.000000, -4294949138.000000, 12948, 13085, 293
1224, 7657.000000, 7806.000000, 16032.000000, 1079, 898, 297
1225, 7889.000000, 8035.000000, 5941.000000, 11607, 885, 293
1226, 7372.000000, 7519.000000, 15379.000000, 1142, 888, 294
1227, 8776.000000, 8922.000000, 5945.000000, 13363, 878, 293
1228, 7254.000000, 7401.000000, 15174.000000, 1076, 871, 294
1229, 8749.000000, 8897.000000, 5939.000000, 13313, 877, 297
1230, 7553.000000, 7698.000000, 15763.000000, 1080, 868, 290
1231, 7232.000000, 7378.000000, 15130.000000, 1076, 871, 293
1232, 7480.000000, 7626.000000, 15660.000000, 1076, 888, 293
1233, 8761.000000, 8908.000000, 7665.000000, 13281, 1712, 294
1234, 7403.000000, 7550.000000, 15460.000000, 1083, 868, 293
1235, 8573.000000, 8720.000000, 5944.000000, 12945, 871, 293
1236, 7590.000000, 7737.000000, 15843.000000, 1086, 874, 293
1237, 7018.000000, 7164.000000, 14700.000000, 1064, 864, 293
1238, 8623.000000, 8771.000000, 5953.000000, 13027, 867, 296
1239, 7342.000000, 7491.000000, 15416.000000, 1057, 894, 297
1240, 7430.000000, 7576.000000, 15602.000000, 1080, 911, 293
1241, 7291.000000, 7438.000000, 15260.000000, 1051, 864, 293
1242, 7316.000000, 7462.000000, 15297.000000, 1057, 861, 293
1243, 8585.000000, 8733.000000, 6019.000000, 12913, 881, 297
1244, 8530.000000, 8677.000000, 5904.000000, 12925, 884, 294
1245, 7333.000000, 7479.000000, 15338.000000, 1070, 871, 293
1246, 7289.000000, 7434.000000, 15243.000000, 1086, 875, 290
1247, 8574.000000, 8720.000000, 5973.000000, 12966, 895, 291
1248, 8366.000000, 8512.000000, 5853.000000, 12621, 871, 293
1249, 8398.000000, 8545.000000, 7473.000000, 12614, 1645, 294
1250, 7096.000000, 7243.000000, 14906.000000, 1057, 885, 293
1251, 7120.000000, 7267.000000, 14959.000000, 1076, 897, 293
1252, 8621.000000, 8768.000000, 5941.000000, 13136, 917, 294
1253, 7412.000000, 7557.000000, 15574.000000, 1067, 908, 290
1254, 7619.000000, 7765.000000, 15952.000000, 1076, 895, 293
1255, 7172.000000, 7319.000000, 15008.000000, 1066, 865, 294
1256, 8578.000000, 8725.000000, 5907.000000, 13052, 901, 293
1257, 8646.000000, 8793.000000, 5937.000000, 13118, 881, 293
1258, 7108.000000, 7255.000000, 14968.000000, 1076, 914, 294
1259, 8606.000000, 8752.000000, 5986.000000, 13062, 918, 293
1260, 7284.000000, 7431.000000, 15346.000000, 1079, 928, 294
1261, 7301.000000, 7447.000000, 15314.000000, 1070, 891, 293
1262, 8623.000000, 8769.000000, 5936.000000, 13052, 871, 293
1263, 7563.000000, 7710.000000, 15808.000000, 1055, 868, 293
1264, 2603.000000, 2753.000000, 5939.000000, 1058, 895, 299
1265, 2648.000000, 2793.000000, -4294934753.000000, 1051, 14149, 290
1266, 2432.000000, 2579.000000, -4294949068.000000, 12781, 13072, 293
1267, 7722.000000, 7869.000000, 16025.000000, 1079, 830, 294
1268, 7543.000000, 7690.000000, 15832.000000, 1070, 908, 294
1269, 7556.000000, 7703.000000, 15855.000000, 1054, 898, 293
1270, 7359.000000, 7508.000000, 15392.000000, 1089, 881, 297
1271, 2440.000000, 2587.000000, -4294948986.000000, 13355, 13392, 293
1272, 2392.000000, 2539.000000, -4294937629.000000, 1768, 13325, 294
1273, 7724.000000, 7871.000000, 16156.000000, 1060, 884, 294
1274, 8620.000000, 8767.000000, 5985.000000, 13064, 904, 294
1275, 7359.000000, 7504.000000, 15446.000000, 1067, 897, 290
1276, 7439.000000, 7585.000000, 15540.000000, 1080, 871, 293
1277, 8780.000000, 8927.000000, 5902.000000, 13401, 871, 294
1278, 7166.000000, 7313.000000, 15017.000000, 1070, 877, 293
1279, 2421.000000, 2567.000000, -4294948783.000000, 13247, 13459, 293
1280, 2423.000000, 2568.000000, -4294937191.000000, 1847, 13553, 290
1281, 2439.000000, 2586.000000, -4294947605.000000, 12932, 13872, 294
1282, 7288.000000, 7436.000000, 15293.000000, 1079, 898, 296
1283, 2446.000000, 2592.000000, -4294948765.000000, 13225, 13432, 293
1284, 8746.000000, 8893.000000, 5919.000000, 13382, 904, 294
1285, 8766.000000, 8913.000000, 5936.000000, 13385, 894, 293
1286, 7670.000000, 7817.000000, 16036.000000, 1067, 881, 293
1287, 7039.000000, 7185.000000, 14804.000000, 1070, 898, 293
1288, 2410.000000, 2556.000000, -4294948858.000000, 13272, 13445, 293
1289, 7549.000000, 7696.000000, 15673.000000, 1142, 858, 294
1290, 7554.000000, 7701.000000, 15776.000000, 1089, 878, 293
1291, 8640.000000, 8785.000000, 5935.000000, 13093, 874, 290
1292, 8480.000000, 8627.000000, 5696.000000, 13001, 868, 294
1293, 8660.000000, 8807.000000, 5920.000000, 13136, 868, 294
1294, 7842.000000, 7991.000000, 16351.000000, 1070, 868, 297
1295, 8793.000000, 8939.000000, 5966.000000, 13414, 897, 293
1296, 7600.000000, 7747.000000, 15939.000000, 1070, 904, 294
1297, 2637.000000, 2786.000000, -4294935210.000000, 1067, 13939, 297
1298, 2425.000000, 2570.000000, -4294948633.000000, 13253, 13533, 290
1299, 7273.000000, 7420.000000, 15156.000000, 1152, 881, 294
1300, 7051.000000, 7198.000000, 14775.000000, 1089, 881, 294
1301, 2433.000000, 2582.000000, -4294949279.000000, 12768, 12959, 297
1302, 2435.000000, 2581.000000, -4294948889.000000, 13115, 13326, 293
1303, 8770.000000, 8915.000000, 5929.000000, 13379, 884, 291
1304, 8731.000000, 8879.000000, 5917.000000, 13347, 901, 297
1305, 8714.000000, 8860.000000, 5928.000000, 13222, 861, 293
1306, 8521.000000, 8668.000000, 5933.000000, 12838, 864, 293
1307, 8453.000000, 8600.000000, 5966.000000, 12749, 904, 294
1308, 7327.000000, 7474.000000, 15387.000000, 1070, 901, 294
1309, 8710.000000, 8856.000000, 5939.000000, 13218, 868, 291
1310, 7066.000000, 7214.000000, 14902.000000, 1073, 921, 296
1311, 7340.000000, 7487.000000, 15359.000000, 1058, 868, 293
1312, 7322.000000, 7470.000000, 15326.000000, 1080, 881, 296
1313, 8205.000000, 8350.000000, 7566.000000, 12180, 1668, 290
1314, 7527.000000, 7674.000000, 15701.000000, 1076, 861, 294
1315, 7348.000000, 7493.000000, 15378.000000, 1054, 868, 290
1316, 8490.000000, 8638.000000, 5881.000000, 12829, 865, 296
1317, 8574.000000, 8724.000000, 5988.000000, 13024, 932, 300
1318, 8855.000000, 9000.000000, 5981.000000, 13471, 871, 290
1319, 2424.000000, 2571.000000, -4294948511.000000, 13542, 13739, 294
1320, 7877.000000, 8024.000000, 16543.000000, 1080, 934, 293
1321, 7413.000000, 7558.000000, 15581.000000, 1073, 914, 290
1322, 8853.000000, 9002.000000, 6020.000000, 13549, 931, 297
1323, 7291.000000, 7436.000000, 15396.000000, 1042, 928, 290
1324, 2593.000000, 2740.000000, 5905.000000, 1072, 895, 294
1325, 7638.000000, 7783.000000, 15884.000000, 1120, 864, 291
1326, 7855.000000, 8000.000000, 16483.000000, 1089, 931, 290
1327, 8647.000000, 8794.000000, 5915.000000, 13102, 861, 293
1328, 8744.000000, 8889.000000, 5877.000000, 13348, 868, 290
1329, 2253.000000, 2400.000000, -4294935417.000000, 66, 13719, 293
1330, 7221.000000, 7368.000000, 15147.000000, 1066, 885, 294
1331, 7331.000000, 7479.000000, 15351.000000, 1080, 884, 296
1332, 7120.000000, 7267.000000, 14877.000000, 1079, 858, 294
1333, 8656.000000, 8804.000000, 5943.000000, 13111, 871, 297
1334, 8728.000000, 8875.000000, 5939.000000, 13259, 871, 294
1335, 8734.000000, 8881.000000, 5958.000000, 13287, 888, 294
1336, 7292.000000, 7439.000000, 15226.000000, 1089, 865, 293
1337, 7204.000000, 7351.000000, 15102.000000, 1076, 885, 294
1338, 7035.000000, 7182.000000, 14745.000000, 1067, 871, 294
1339, 8630.000000, 8777.000000, 5928.000000, 13061, 864, 293
1340, 7346.000000, 7493.000000, 15341.000000, 1073, 861, 294
1341, 7381.000000, 7526.000000, 15424.000000, 1060, 861, 290
1342, 8638.000000, 8786.000000, 5960.000000, 13065, 874, 296
1343, 7534.000000, 7681.000000, 15736.000000, 1061, 864, 293
1344, 7654.000000, 7800.000000, 15958.000000, 1079, 864, 291
1345, 8304.000000, 8453.000000, 7508.000000, 12419, 1659, 297
1346, 7677.000000, 7824.000000, 16088.000000, 1069, 901, 294
1347, 2420.000000, 2567.000000, -4294948873.000000, 13168, 13375, 294
1348, 7518.000000, 7667.000000, 15733.000000, 1066, 881, 297
1349, 2432.000000, 2580.000000, -4294948792.000000, 13197, 13418, 296
1350, 2436.000000, 2581.000000, -4294948710.000000, 13250, 13482, 291
1351, 8006.000000, 8154.000000, 16727.000000, 1067, 891, 296
1352, 7401.000000, 7549.000000, 15594.000000, 1070, 931, 297
1353, 7096.000000, 7241.000000, 14830.000000, 1170, 904, 290
1354, 8771.000000, 8916.000000, 5948.000000, 13357, 881, 290
1355, 7512.000000, 7659.000000, 15728.000000, 1079, 891, 294
1356, 7571.000000, 7718.000000, 15893.000000, 1098, 924, 294
1357, 2427.000000, 2574.000000, -4294949058.000000, 12929, 13156, 293
1358, 7195.000000, 7342.000000, 15030.000000, 1088, 864, 294
1359, 7347.000000, 7495.000000, 15366.000000, 1070, 871, 297
1360, 7431.000000, 7578.000000, 15551.000000, 1066, 877, 294
1361, 8350.000000, 8495.000000, 7663.000000, 12508, 1735, 290
1362, 8716.000000, 8864.000000, 6013.000000, 13209, 895, 296
1363, 8699.000000, 8846.000000, 5927.000000, 13234, 881, 293
1364, 8592.000000, 8742.000000, 5883.000000, 13023, 861, 300
1365, 8560.000000, 8706.000000, 5763.000000, 13125, 884, 293
1366, 8764.000000, 8912.000000, 5923.000000, 13347, 871, 297
1367, 7590.000000, 7737.000000, 15892.000000, 1051, 881, 294
1368, 7211.000000, 7358.000000, 15104.000000, 1060, 871, 294
1369, 8620.000000, 8766.000000, 5926.000000, 13036, 861, 293
1370, 7289.000000, 7435.000000, 15256.000000, 1070, 874, 293
1371, 7329.000000, 7474.000000, 15399.000000, 1076, 908, 290
1372, 8532.000000, 8679.000000, 5884.000000, 12917, 868, 293
1373, 8750.000000, 8899.000000, 5947.000000, 13301, 874, 299
1374, 8738.000000, 8885.000000, 6013.000000, 13259, 898, 294
1375, 8705.000000, 8852.000000, 5912.000000, 13240, 871, 294
1376, 8731.000000, 8877.000000, 5898.000000, 13341, 888, 291
1377, 7315.000000, 7460.000000, -4294950551.000000, 1142, 1628, 290
1378, 2444.000000, 2591.000000, -4294949065.000000, 12948, 13145, 294
1379, 2436.000000, 2582.000000, -4294948950.000000, 13036, 13255, 293
1380, 8507.000000, 8654.000000, 5958.000000, 12913, 928, 293
1381, 7460.000000, 7608.000000, 15630.000000, 1064, 887, 296
1382, 7603.000000, 7752.000000, 15941.000000, 1082, 908, 297
1383, 7347.000000, 7493.000000, 15401.000000, 1082, 894, 291
1384, 2594.000000, 2740.000000, 5983.000000, 1082, 938, 291
1385, 7114.000000, 7259.000000, 14951.000000, 1079, 901, 290
1386, 7594.000000, 7741.000000, 15862.000000, 1063, 868, 294
1387, 8745.000000, 8892.000000, 5985.000000, 13341, 918, 294
1388, 7302.000000, 7448.000000, 15273.000000, 1073, 871, 293
1389, 8539.000000, 8687.000000, 5962.000000, 12873, 878, 296
1390, 7422.000000, 7569.000000, 15508.000000, 1085, 874, 294
1391, 7207.000000, 7354.000000, 15078.000000, 1073, 868, 293
1392, 7516.000000, 7665.000000, 15660.000000, 1089, 858, 297
1393, 2696.000000, 2843.000000, -4294935059.000000, 1136, 13990, 294
1394, 7321.000000, 7467.000000, 15303.000000, 1082, 871, 291
1395, 7363.000000, 7513.000000, 15393.000000, 1070, 868, 299
1396, 7235.000000, 7380.000000, 15151.000000, 1082, 881, 290
