Timesync, Reply_symmetric-based, Reply_switchdelaybased, Reply_2probebased, inter-packet-switch-arrival,  interpacket_clientdelay, Switch_reply_delay 
1, 3030.000000, 3178.000000, -4294956363.000000, 1129, 6001, 296
2, 3240.000000, 3388.000000, -4294959787.000000, 66, 1094, 296
3, 28251.000000, 28917.000000, 56464.000000, 1217, 1178, 1331
4, 28251.000000, 28399.000000, -4294909684.000000, 69, 1178, 296
5, 8063.000000, 8211.000000, -4294949449.000000, 69, 1789, 296
6, 11683.000000, 11831.000000, -4294943129.000000, 66, 867, 296
7, 17747.000000, 18411.000000, 35224.000000, 1218, 947, 1328
8, 53304.000000, 53452.000000, -4294859806.000000, 66, 947, 296
9, 13747.000000, 13895.000000, -4294938933.000000, 69, 938, 296
10, 15984.000000, 16132.000000, -4294934456.000000, 70, 941, 295
11, 22035.000000, 22697.000000, -4294922697.000000, 1220, 1749, 1325
12, 22035.000000, 22184.000000, -4294921543.000000, 66, 1749, 299
13, 13220.000000, 13884.000000, -2000096170.000000, 2000123552, 941, 1328
14, 40532.000000, 41196.000000, -2000052518.000000, 2000134524, 941, 1328
15, 40532.000000, 41196.000000, -2000053736.000000, 2000135742, 941, 1328
16, 40532.000000, 40680.000000, -4294885356.000000, 66, 941, 296
17, 2622.000000, 2770.000000, 5057.000000, 1098, 911, 296
18, 10421.000000, 10568.000000, -4294944719.000000, 67, 1802, 295
19, 20624.000000, 20774.000000, -4294925156.000000, 66, 957, 299
20, 11085.000000, 11233.000000, -4294931263.000000, 69, 13932, 296
21, 15234.000000, 15901.000000, -2000122739.000000, 2000155027, 1819, 1334
22, 48372.000000, 49036.000000, -2000073534.000000, 2000172097, 1819, 1328
23, 48372.000000, 48521.000000, -4294868803.000000, 70, 1819, 299
24, 10885.000000, 11033.000000, -4294944658.000000, 66, 934, 296
25, 30129.000000, 30795.000000, 34063.000000, 28032, 1836, 1331
26, 57772.000000, 57920.000000, -4294849981.000000, 66, 1836, 296
27, 18047.000000, 18194.000000, -4294930323.000000, 66, 944, 293
28, 10949.000000, 11099.000000, -4294944532.000000, 66, 931, 299
29, 9972.000000, 10121.000000, -4294946433.000000, 66, 985, 299
30, 14088.000000, 14237.000000, -4294938249.000000, 66, 937, 299
31, 19668.000000, 19816.000000, -4294927068.000000, 70, 961, 295
32, 18230.000000, 18378.000000, -4294929981.000000, 63, 918, 296
33, 12566.000000, 12714.000000, -4294941307.000000, 69, 925, 296
34, 7140.000000, 7804.000000, -2000107706.000000, 2000122988, 1001, 1328
35, 38818.000000, 39482.000000, -2000057222.000000, 2000135860, 1001, 1328
36, 38818.000000, 39482.000000, -2000068194.000000, 2000146832, 1001, 1328
37, 38818.000000, 39482.000000, 72543.000000, 6095, 1001, 1328
38, 38818.000000, 39479.000000, 70101.000000, 8537, 1001, 1321
39, 38818.000000, 39482.000000, 68883.000000, 9755, 1001, 1327
40, 38818.000000, 39482.000000, 67666.000000, 10972, 1001, 1328
41, 38818.000000, 38964.000000, -4294888724.000000, 66, 1001, 292
42, 10413.000000, 10560.000000, -4294944750.000000, 66, 1785, 293
43, 28380.000000, 28528.000000, -4294909613.000000, 70, 992, 295
44, 21600.000000, 22264.000000, 33878.000000, 34181, 24858, 1328
45, 48582.000000, 49246.000000, 82964.000000, 39058, 24858, 1328
46, 48582.000000, 49246.000000, 79308.000000, 42714, 24858, 1328
47, 48582.000000, 49247.000000, 78090.000000, 43932, 24858, 1331
48, 48582.000000, 48728.000000, 54926.000000, 67096, 24858, 293
49, 10747.000000, 10895.000000, -4294944880.000000, 69, 991, 296
50, 17870.000000, 18017.000000, -4294930680.000000, 66, 941, 293
51, 10779.000000, 10925.000000, -2000109584.000000, 2000132023, 881, 293
52, 10779.000000, 10927.000000, -2000109650.000000, 2000132089, 881, 296
53, 11779.000000, 11928.000000, -4294941995.000000, 66, 1809, 299
54, 11432.000000, 11578.000000, -4294943557.000000, 66, 941, 293
55, 10745.000000, 10893.000000, -4294944934.000000, 70, 941, 295
56, 16603.000000, 16749.000000, -4294932444.000000, 67, 1712, 292
57, 20392.000000, 20542.000000, -4294924858.000000, 66, 1719, 299
58, 19495.000000, 19643.000000, -4294927440.000000, 69, 934, 296
59, 13093.000000, 13241.000000, -4294940234.000000, 63, 938, 295
60, 20158.000000, 20304.000000, -4294926112.000000, 70, 938, 292
61, 10443.000000, 10589.000000, -4294945515.000000, 69, 964, 293
62, 15286.000000, 15947.000000, 26327.000000, 6098, 1852, 1322
63, 48772.000000, 49434.000000, 89642.000000, 9754, 1852, 1325
64, 48772.000000, 49434.000000, 85985.000000, 13411, 1852, 1324
65, 48772.000000, 49433.000000, 82326.000000, 17070, 1852, 1322
66, 48772.000000, 49436.000000, 75017.000000, 24379, 1852, 1328
67, 48772.000000, 48920.000000, 72578.000000, 26818, 1852, 296
68, 48772.000000, 48921.000000, 72512.000000, 26884, 1852, 299
69, 10867.000000, 11016.000000, -4294944696.000000, 69, 935, 299
70, 10698.000000, 10846.000000, -4294945028.000000, 66, 938, 296
71, 11142.000000, 11290.000000, -4294944136.000000, 66, 941, 296
72, 10585.000000, 10734.000000, -4294944423.000000, 66, 1769, 299
73, 15576.000000, 15726.000000, -4294935271.000000, 66, 938, 299
74, 13717.000000, 13867.000000, -4294938996.000000, 66, 931, 299
75, 14898.000000, 15047.000000, -4294936624.000000, 66, 942, 299
76, 11692.000000, 12354.000000, -2000113215.000000, 2000137558, 958, 1324
77, 44074.000000, 44738.000000, -2000049668.000000, 2000138775, 958, 1328
78, 44074.000000, 44738.000000, -2000055763.000000, 2000144870, 958, 1328
79, 44074.000000, 44738.000000, -2000056984.000000, 2000146091, 958, 1328
80, 44074.000000, 44738.000000, -2000061858.000000, 2000150965, 958, 1328
81, 44074.000000, 44738.000000, -2000063076.000000, 2000152183, 958, 1327
82, 44074.000000, 44738.000000, -2000064300.000000, 2000153407, 958, 1327
83, 44074.000000, 44738.000000, -2000070391.000000, 2000159498, 958, 1328
84, 44074.000000, 44222.000000, -4294878258.000000, 69, 958, 296
85, 28713.000000, 29377.000000, 57198.000000, 1214, 985, 1328
86, 54363.000000, 54510.000000, -4294857651.000000, 66, 985, 295
87, 12309.000000, 12458.000000, -4294940982.000000, 66, 1762, 299
88, 9949.000000, 10099.000000, -4294946515.000000, 66, 948, 299
89, 17940.000000, 18088.000000, -4294929762.000000, 66, 1719, 296
90, 18220.000000, 18884.000000, 31283.000000, 6091, 934, 1328
91, 59960.000000, 60624.000000, 112321.000000, 8533, 934, 1328
92, 59960.000000, 60131.000000, -4294846508.000000, 66, 934, 343
93, 10715.000000, 10863.000000, -4294944986.000000, 66, 945, 296
94, 21913.000000, 22062.000000, -4294909810.000000, 67, 13726, 298
95, 10653.000000, 10801.000000, -4294945101.000000, 66, 954, 296
96, 17358.000000, 17506.000000, -4294931707.000000, 69, 941, 296
97, 10111.000000, 10259.000000, -4294946151.000000, 66, 988, 296
98, 28151.000000, 28299.000000, -4294910119.000000, 72, 947, 296
99, 12599.000000, 12747.000000, -4294941217.000000, 66, 947, 296
100, 10200.000000, 10350.000000, -4294945206.000000, 70, 1759, 299
101, 11974.000000, 12638.000000, -2000121783.000000, 2000146687, 955, 1328
102, 51960.000000, 52625.000000, -2000043030.000000, 2000147905, 955, 1331
103, 51960.000000, 52624.000000, 103658.000000, 1217, 955, 1328
104, 51960.000000, 52627.000000, 102440.000000, 2435, 955, 1334
105, 51960.000000, 52625.000000, 98781.000000, 6094, 955, 1331
106, 51960.000000, 52624.000000, 103654.000000, 1221, 955, 1328
107, 51960.000000, 52108.000000, -4294862494.000000, 73, 955, 296
108, 27917.000000, 28067.000000, -4294910583.000000, 66, 944, 299
109, 9982.000000, 10132.000000, -4294945675.000000, 66, 1722, 299
110, 11401.000000, 11549.000000, -4294943625.000000, 69, 937, 296
111, 13540.000000, 14204.000000, -2000116679.000000, 2000144718, 958, 1328
112, 49913.000000, 50577.000000, -2000045155.000000, 2000145939, 958, 1328
113, 49913.000000, 50576.000000, -2000046373.000000, 2000147157, 958, 1327
114, 49913.000000, 50577.000000, -2000047590.000000, 2000148374, 958, 1328
115, 49913.000000, 50580.000000, -2000048808.000000, 2000149592, 958, 1334
116, 49913.000000, 50577.000000, -2000051246.000000, 2000152030, 958, 1328
117, 49913.000000, 50580.000000, -2000063436.000000, 2000164220, 958, 1334
118, 49913.000000, 50061.000000, -4294866578.000000, 66, 958, 296
119, 8829.000000, 8980.000000, -4294948009.000000, 66, 1695, 302
120, 10817.000000, 10965.000000, -4294944783.000000, 69, 948, 296
121, 16156.000000, 16304.000000, -4294934115.000000, 66, 934, 296
122, 11165.000000, 11315.000000, -4294944093.000000, 66, 938, 299
123, 9163.000000, 9827.000000, -2000120268.000000, 2000140449, 1855, 1328
124, 9163.000000, 9367.000000, -2000121486.000000, 2000141667, 1855, 409
125, 70282.000000, 70431.000000, -2000002595.000000, 2000145014, 1855, 299
126, 70282.000000, 70431.000000, -2000005097.000000, 2000147516, 1855, 299
127, 70282.000000, 70431.000000, -2000008825.000000, 2000151244, 1855, 299
128, 70282.000000, 70431.000000, -2000010109.000000, 2000152528, 1855, 299
129, 179238.000000, 179386.000000, -1999804858.000000, 2000165190, 1855, 295
130, 179238.000000, 179386.000000, -1999797410.000000, 2000157742, 1855, 296
131, 179238.000000, 179386.000000, -1999804858.000000, 2000165190, 1855, 295
132, 14200.000000, 14348.000000, -4294937996.000000, 69, 968, 296
