Timesync, Reply_symmetric-based, Reply_switchdelaybased, Reply_2probebased, inter-packet-switch-arrival,  interpacket_clientdelay, Switch_reply_delay 
1, 3125.000000, 3274.000000, -4294961020.000000, 1155, 1181, 299
2, 2894.000000, 3042.000000, 5297.000000, 1623, 1131, 296
3, 7344.000000, 7492.000000, 14396.000000, 1117, 824, 295
4, 2636.000000, 2786.000000, 5051.000000, 1080, 858, 299
5, 7530.000000, 7678.000000, 14767.000000, 1151, 858, 296
6, 2688.000000, 2834.000000, 5101.000000, 1133, 858, 292
7, 7205.000000, 7353.000000, 14183.000000, 1079, 851, 296
8, 8533.000000, 8681.000000, 5152.000000, 12926, 1011, 295
9, 8332.000000, 8480.000000, 5880.000000, 12473, 1689, 296
10, 2622.000000, 2770.000000, 5131.000000, 1085, 971, 296
11, 2630.000000, 2778.000000, 5170.000000, 1111, 1021, 296
12, 7540.000000, 7687.000000, 14853.000000, 1079, 851, 293
13, 7194.000000, 7344.000000, 14133.000000, 1114, 858, 299
14, 8655.000000, 8804.000000, 5025.000000, 13162, 877, 299
15, 8716.000000, 8864.000000, 5026.000000, 13278, 871, 296
16, 7357.000000, 7504.000000, 14492.000000, 1083, 861, 295
17, 8362.000000, 8510.000000, 5193.000000, 12549, 1017, 295
18, 2645.000000, 2794.000000, 5099.000000, 1092, 901, 299
19, 7742.000000, 7890.000000, 15267.000000, 1079, 861, 296
20, 8329.000000, 8477.000000, 5147.000000, 12527, 1015, 295
21, 8422.000000, 8571.000000, 5083.000000, 12618, 857, 299
22, 8453.000000, 8601.000000, 5174.000000, 12750, 1017, 295
23, 8483.000000, 8630.000000, 5030.000000, 12810, 874, 295
24, 7221.000000, 7369.000000, 14152.000000, 1148, 858, 296
25, 8489.000000, 8637.000000, 5059.000000, 12778, 858, 296
26, 8573.000000, 8722.000000, 5074.000000, 12926, 854, 299
27, 7012.000000, 7160.000000, 13759.000000, 1117, 851, 296
28, 8765.000000, 8911.000000, 5027.000000, 13395, 891, 292
29, 9728.000000, 9874.000000, 19205.000000, 1120, 868, 292
30, 8261.000000, 8409.000000, 16317.000000, 1086, 881, 296
31, 9447.000000, 9595.000000, 18654.000000, 1092, 851, 296
32, 7468.000000, 7616.000000, 14723.000000, 1108, 894, 296
33, 7509.000000, 7655.000000, 14800.000000, 1080, 861, 292
34, 2641.000000, 2789.000000, 5047.000000, 1076, 841, 296
35, 9374.000000, 9522.000000, 18537.000000, 1080, 868, 296
36, 9161.000000, 9309.000000, 18063.000000, 1117, 858, 296
37, 8548.000000, 8696.000000, 4907.000000, 13074, 885, 296
38, 7126.000000, 7273.000000, 14181.000000, 1073, 1001, 293
39, 8580.000000, 8726.000000, 5155.000000, 13023, 1018, 293
40, 7916.000000, 8064.000000, 15624.000000, 1079, 871, 296
41, 9236.000000, 9386.000000, -4294948030.000000, 1079, 1872, 299
42, 9795.000000, 9944.000000, 19362.000000, 1079, 851, 299
43, 9031.000000, 9179.000000, 17846.000000, 1082, 865, 296
44, 8581.000000, 8729.000000, 5046.000000, 12963, 847, 296
45, 9070.000000, 9218.000000, 17919.000000, 1092, 871, 296
46, 7385.000000, 7533.000000, 14571.000000, 1057, 857, 296
47, 9127.000000, 9274.000000, 18054.000000, 1066, 865, 293
48, 8277.000000, 8424.000000, 5839.000000, 12391, 1676, 295
49, 7289.000000, 7437.000000, 14338.000000, 1092, 851, 296
50, 2628.000000, 2776.000000, 5199.000000, 1079, 1021, 296
51, 9571.000000, 9721.000000, 19010.000000, 1110, 977, 299
52, 9269.000000, 9417.000000, 18458.000000, 1095, 1014, 295
53, 9398.000000, 9546.000000, 18560.000000, 1098, 861, 296
54, 2641.000000, 2789.000000, 5202.000000, 1085, 1005, 296
55, 9386.000000, 9536.000000, 18545.000000, 1095, 867, 299
56, 9249.000000, 9395.000000, 18304.000000, 1080, 885, 292
57, 7256.000000, 7405.000000, 14278.000000, 1092, 858, 299
58, 7282.000000, 7430.000000, 14356.000000, 1082, 874, 296
59, 9095.000000, 9243.000000, 18113.000000, 1095, 1018, 296
60, 2610.000000, 2758.000000, 5151.000000, 1105, 1035, 296
61, 2628.000000, 2777.000000, -4294961230.000000, 1083, 1893, 299
62, 2607.000000, 2755.000000, 5169.000000, 1063, 1018, 296
63, 8721.000000, 8869.000000, 5044.000000, 13259, 861, 296
64, 2601.000000, 2749.000000, 5070.000000, 1076, 944, 296
65, 9792.000000, 9940.000000, 19347.000000, 1085, 848, 296
66, 9613.000000, 9763.000000, 18990.000000, 1095, 858, 299
67, 2496.000000, 2645.000000, -4294962068.000000, 1102, 1338, 299
68, 9508.000000, 9656.000000, 18768.000000, 1095, 847, 296
69, 2546.000000, 2694.000000, -4294962104.000000, 1082, 1181, 296
70, 9939.000000, 10085.000000, 19641.000000, 1111, 874, 293
71, 2504.000000, 2654.000000, -4294962153.000000, 1095, 1229, 299
72, 9435.000000, 9584.000000, 18653.000000, 1098, 881, 299
73, 9217.000000, 9363.000000, 18200.000000, 1089, 855, 292
74, 9225.000000, 9373.000000, 18216.000000, 1089, 854, 296
75, 7491.000000, 7639.000000, 14752.000000, 1095, 865, 296
76, 7244.000000, 7392.000000, 14237.000000, 1126, 874, 296
77, 9980.000000, 10127.000000, 19736.000000, 1076, 851, 293
78, 9697.000000, 9847.000000, 19186.000000, 1073, 864, 299
79, 7279.000000, 7429.000000, 14354.000000, 1063, 858, 299
80, 9380.000000, 9527.000000, 18546.000000, 1079, 864, 293
81, 2624.000000, 2773.000000, 5101.000000, 1098, 951, 299
82, 7006.000000, 7155.000000, 13915.000000, 1088, 991, 299
83, 9201.000000, 9349.000000, 18274.000000, 1142, 1014, 296
84, 9388.000000, 9536.000000, 18581.000000, 1076, 881, 296
85, 9058.000000, 9207.000000, 18036.000000, 1091, 1011, 299
86, 2605.000000, 2753.000000, 5168.000000, 1073, 1031, 296
87, 2665.000000, 2814.000000, 5228.000000, 1110, 1008, 299
88, 8847.000000, 8996.000000, 4980.000000, 13615, 901, 299
89, 8661.000000, 8809.000000, 5072.000000, 13112, 861, 296
90, 8802.000000, 8950.000000, 5052.000000, 13410, 858, 296
91, 8856.000000, 9002.000000, 17479.000000, 1102, 868, 292
92, 9204.000000, 9352.000000, 18305.000000, 1102, 998, 296
93, 9466.000000, 9616.000000, 18852.000000, 1082, 1001, 299
94, 2209.000000, 2357.000000, -4294950623.000000, 66, 12321, 296
95, 9078.000000, 9226.000000, 18078.000000, 1085, 1007, 296
96, 2618.000000, 2767.000000, 5043.000000, 1057, 864, 299
97, 2659.000000, 2809.000000, 5071.000000, 1102, 854, 299
98, 7525.000000, 7676.000000, 14850.000000, 1061, 861, 302
99, 8552.000000, 8700.000000, 5036.000000, 12926, 858, 296
100, 7055.000000, 7203.000000, 13885.000000, 1083, 858, 296
101, 8533.000000, 8681.000000, 5058.000000, 12866, 858, 296
102, 8588.000000, 8735.000000, 5069.000000, 12961, 854, 295
103, 2638.000000, 2786.000000, 5063.000000, 1089, 875, 296
104, 2602.000000, 2750.000000, 4970.000000, 1102, 868, 296
105, 8461.000000, 8609.000000, 5168.000000, 12759, 1004, 296
106, 7158.000000, 7306.000000, 14092.000000, 1076, 851, 296
107, 7861.000000, 8009.000000, 15498.000000, 1095, 871, 296
108, 2655.000000, 2802.000000, -4294961449.000000, 1152, 1689, 295
109, 2647.000000, 2795.000000, 5099.000000, 1076, 881, 296
110, 7283.000000, 7431.000000, 14372.000000, 1069, 875, 296
111, 8447.000000, 8595.000000, 5155.000000, 12718, 978, 296
112, 2692.000000, 2842.000000, -4294950950.000000, 1073, 12034, 299
113, 9322.000000, 9471.000000, 18409.000000, 1082, 847, 299
114, 2635.000000, 2784.000000, 5060.000000, 1067, 857, 299
115, 10035.000000, 10183.000000, 19967.000000, 1092, 988, 296
116, 7104.000000, 7252.000000, 13981.000000, 1076, 848, 296
117, 8416.000000, 8564.000000, 5042.000000, 12655, 864, 296
118, 9083.000000, 9229.000000, 17928.000000, 1089, 851, 292
119, 7538.000000, 7686.000000, 14862.000000, 1079, 864, 296
120, 10047.000000, 10195.000000, 19827.000000, 1148, 881, 296
121, 10036.000000, 10184.000000, 19874.000000, 1079, 881, 296
122, 8478.000000, 8628.000000, 5039.000000, 12775, 857, 299
123, 8448.000000, 8596.000000, 5178.000000, 12759, 1041, 296
124, 2649.000000, 2798.000000, 5060.000000, 1079, 841, 299
125, 8619.000000, 8767.000000, 5174.000000, 13058, 994, 296
126, 2626.000000, 2773.000000, 5183.000000, 1101, 1031, 293
127, 7340.000000, 7488.000000, 14479.000000, 1076, 874, 296
128, 9792.000000, 9940.000000, 19329.000000, 1104, 848, 296
129, 9734.000000, 9882.000000, 19234.000000, 1098, 864, 296
130, 2627.000000, 2775.000000, 5087.000000, 1108, 941, 296
131, 9724.000000, 9872.000000, 19371.000000, 1086, 1008, 296
132, 9283.000000, 9431.000000, 18495.000000, 1086, 1015, 296
133, 8751.000000, 8899.000000, 5073.000000, 13278, 848, 296
134, 9110.000000, 9258.000000, 18149.000000, 1076, 1004, 296
135, 9525.000000, 9671.000000, 18804.000000, 1120, 874, 293
136, 10075.000000, 10225.000000, 19927.000000, 1095, 871, 299
137, 2622.000000, 2770.000000, 5193.000000, 1066, 1014, 296
138, 9108.000000, 9257.000000, 18015.000000, 1082, 881, 299
139, 9317.000000, 9465.000000, 18400.000000, 1086, 851, 295
140, 2777.000000, 2925.000000, 5041.000000, 1390, 877, 296
141, 2711.000000, 2859.000000, 5116.000000, 1161, 854, 296
142, 2642.000000, 2790.000000, 5067.000000, 1089, 871, 295
143, 9103.000000, 9251.000000, 17993.000000, 1085, 871, 296
144, 7376.000000, 7524.000000, 14519.000000, 1098, 864, 296
145, 7022.000000, 7170.000000, 13482.000000, 1460, 898, 296
146, 9378.000000, 9526.000000, 18560.000000, 1063, 867, 296
147, 9781.000000, 9929.000000, 19347.000000, 1066, 851, 296
148, 2592.000000, 2740.000000, 4963.000000, 1092, 871, 296
149, 9178.000000, 9326.000000, 18119.000000, 1099, 861, 295
150, 8370.000000, 8517.000000, 5834.000000, 12608, 1702, 295
151, 9889.000000, 10039.000000, 19552.000000, 1101, 874, 299
152, 9161.000000, 9309.000000, 18115.000000, 1089, 881, 296
153, 7239.000000, 7387.000000, 14273.000000, 1073, 868, 296
154, 2654.000000, 2802.000000, -4294949592.000000, 1076, 13472, 296
155, 9166.000000, 9314.000000, 18098.000000, 1085, 851, 296
156, 9190.000000, 9340.000000, 18308.000000, 1104, 1031, 299
157, 2589.000000, 2737.000000, 5068.000000, 1095, 984, 296
158, 9186.000000, 9334.000000, 18314.000000, 1070, 1011, 296
159, 2629.000000, 2775.000000, 5178.000000, 1088, 1008, 293
160, 2548.000000, 2696.000000, 5035.000000, 1070, 1008, 295
161, 8929.000000, 9077.000000, 17631.000000, 1086, 858, 296
162, 9964.000000, 10114.000000, 19714.000000, 1079, 864, 299
163, 2627.000000, 2775.000000, 5028.000000, 1098, 871, 296
164, 9568.000000, 9715.000000, 18852.000000, 1152, 868, 295
165, 7508.000000, 7655.000000, 14769.000000, 1095, 847, 293
166, 7495.000000, 7641.000000, 14792.000000, 1080, 881, 292
167, 7788.000000, 7937.000000, 15327.000000, 1104, 855, 299
168, 9542.000000, 9691.000000, 19036.000000, 1072, 1024, 299
169, 9419.000000, 9567.000000, 18608.000000, 1079, 848, 296
170, 8650.000000, 8799.000000, 5021.000000, 13140, 861, 299
171, 9816.000000, 9964.000000, 19378.000000, 1108, 854, 296
172, 7336.000000, 7486.000000, 14475.000000, 1082, 884, 299
173, 8822.000000, 8971.000000, 17437.000000, 1082, 875, 299
174, 9267.000000, 9417.000000, 18317.000000, 1079, 861, 299
175, 7398.000000, 7546.000000, 14556.000000, 1091, 851, 296
176, 9679.000000, 9827.000000, 19130.000000, 1085, 857, 296
177, 2627.000000, 2775.000000, 5142.000000, 1123, 1011, 296
178, 7244.000000, 7392.000000, 14248.000000, 1091, 851, 296
179, 2617.000000, 2763.000000, 5170.000000, 1079, 1015, 293
180, 9486.000000, 9636.000000, 18668.000000, 1149, 844, 299
181, 7537.000000, 7683.000000, 14832.000000, 1089, 847, 293
182, 2604.000000, 2753.000000, 5150.000000, 1073, 1015, 299
183, 8606.000000, 8752.000000, 5037.000000, 13027, 851, 292
184, 2601.000000, 2749.000000, -4294949889.000000, 1067, 13272, 296
185, 7227.000000, 7377.000000, 14266.000000, 1063, 874, 299
186, 9023.000000, 9170.000000, 17799.000000, 1108, 861, 295
187, 9188.000000, 9336.000000, 18159.000000, 1085, 868, 296
188, 2555.000000, 2705.000000, 5055.000000, 1060, 1004, 299
189, 8709.000000, 8857.000000, 5091.000000, 13181, 854, 296
190, 9051.000000, 9199.000000, 17856.000000, 1101, 854, 296
191, 9258.000000, 9406.000000, 18315.000000, 1086, 884, 296
192, 8662.000000, 8811.000000, 4942.000000, 13240, 858, 299
193, 9244.000000, 9392.000000, 18270.000000, 1085, 867, 296
194, 9124.000000, 9272.000000, -4294948479.000000, 1079, 1648, 296
195, 8867.000000, 9013.000000, 17507.000000, 1099, 871, 292
196, 9013.000000, 9161.000000, 17784.000000, 1098, 855, 296
197, 7525.000000, 7673.000000, 14841.000000, 1070, 861, 296
198, 7426.000000, 7574.000000, 14647.000000, 1070, 864, 296
199, 8717.000000, 8865.000000, 5029.000000, 13256, 851, 296
200, 2580.000000, 2728.000000, 5036.000000, 1089, 964, 296
201, 8582.000000, 8729.000000, 5049.000000, 12986, 871, 295
202, 8574.000000, 8722.000000, 5045.000000, 12954, 851, 296
203, 8739.000000, 8887.000000, 5029.000000, 13303, 854, 296
204, 9291.000000, 9438.000000, 18351.000000, 1089, 858, 295
205, 8866.000000, 9014.000000, 17518.000000, 1076, 861, 296
206, 7308.000000, 7456.000000, 14389.000000, 1089, 861, 295
207, 7527.000000, 7675.000000, 14527.000000, 1422, 894, 296
208, 9693.000000, 9842.000000, 19204.000000, 1070, 888, 299
209, 2614.000000, 2762.000000, 5155.000000, 1095, 1021, 296
210, 7288.000000, 7436.000000, 14342.000000, 1085, 851, 296
211, 2634.000000, 2780.000000, 5145.000000, 1098, 975, 293
212, 9223.000000, 9370.000000, 18298.000000, 1164, 1015, 293
213, 8664.000000, 8812.000000, 5027.000000, 13152, 851, 296
214, 2615.000000, 2764.000000, -4294961511.000000, 1083, 1638, 299
215, 9534.000000, 9681.000000, 18855.000000, 1070, 857, 295
216, 8680.000000, 8828.000000, 5037.000000, 13171, 848, 296
217, 2645.000000, 2793.000000, 5198.000000, 1073, 981, 296
218, 8769.000000, 8917.000000, 5080.000000, 13319, 861, 296
219, 8793.000000, 8941.000000, 5036.000000, 13394, 844, 296
220, 2886.000000, 3036.000000, 5135.000000, 1813, 1175, 299
221, 2665.000000, 2813.000000, 5097.000000, 1092, 858, 296
222, 2511.000000, 2658.000000, -4294962211.000000, 1070, 1132, 293
223, 2557.000000, 2708.000000, -4294962132.000000, 1079, 1128, 302
224, 8576.000000, 8722.000000, 5022.000000, 12998, 868, 293
225, 7993.000000, 8141.000000, 15760.000000, 1101, 874, 296
226, 8295.000000, 8444.000000, 5855.000000, 12391, 1656, 299
227, 7336.000000, 7485.000000, 14451.000000, 1082, 861, 299
228, 2604.000000, 2752.000000, 4958.000000, 1105, 854, 295
229, 7734.000000, 7882.000000, 15279.000000, 1060, 871, 296
230, 2492.000000, 2640.000000, -4294962209.000000, 1085, 1188, 296
231, 2621.000000, 2770.000000, 5138.000000, 1095, 991, 299
232, 2443.000000, 2591.000000, -4294962186.000000, 1101, 1325, 296
233, 2455.000000, 2603.000000, -4294962114.000000, 1073, 1345, 296
234, 2531.000000, 2679.000000, 5054.000000, 1076, 1068, 296
235, 8054.000000, 8202.000000, 15878.000000, 1085, 855, 296
236, 7180.000000, 7328.000000, 14091.000000, 1073, 804, 296
237, 7206.000000, 7355.000000, 14223.000000, 1070, 881, 299
238, 7145.000000, 7294.000000, 14075.000000, 1073, 858, 299
239, 2511.000000, 2659.000000, -4294962218.000000, 1082, 1137, 296
240, 2438.000000, 2586.000000, -4294962274.000000, 1073, 1219, 296
241, 7249.000000, 7399.000000, 14275.000000, 1089, 865, 299
242, 2483.000000, 2631.000000, -4294962067.000000, 1089, 1351, 296
243, 2460.000000, 2610.000000, -4294962009.000000, 1079, 1445, 299
244, 2558.000000, 2706.000000, 5014.000000, 1067, 964, 296
245, 7791.000000, 7939.000000, 15383.000000, 1063, 864, 296
246, 8131.000000, 8279.000000, 16041.000000, 1086, 864, 296
247, 8763.000000, 8912.000000, 5034.000000, 13360, 868, 299
248, 2437.000000, 2585.000000, -4294962304.000000, 1085, 1202, 296
249, 7926.000000, 8074.000000, 15631.000000, 1095, 874, 296
250, 2471.000000, 2617.000000, -4294962187.000000, 1098, 1265, 293
251, 2599.000000, 2746.000000, 5103.000000, 1086, 991, 295
252, 8692.000000, 8840.000000, 4976.000000, 13262, 854, 296
253, 2532.000000, 2680.000000, -4294962200.000000, 1083, 1114, 295
254, 8056.000000, 8204.000000, -4294950589.000000, 66, 661, 296
255, 2469.000000, 2617.000000, -4294962219.000000, 1086, 1224, 296
256, 2599.000000, 2747.000000, -4294950993.000000, 1067, 12171, 296
257, 8703.000000, 8851.000000, 5047.000000, 13234, 874, 296
258, 7114.000000, 7262.000000, 14007.000000, 1076, 854, 296
259, 2517.000000, 2666.000000, -4294962159.000000, 1092, 1195, 299
260, 2436.000000, 2584.000000, -4294962267.000000, 1092, 1248, 296
261, 9610.000000, 9759.000000, 18999.000000, 1079, 858, 299
262, 8840.000000, 8988.000000, 17471.000000, 1066, 857, 296
263, 9194.000000, 9342.000000, 18317.000000, 1089, 1018, 296
264, 8577.000000, 8725.000000, 4982.000000, 13030, 858, 296
265, 9529.000000, 9677.000000, 18876.000000, 1061, 878, 295
266, 8954.000000, 9101.000000, 17696.000000, 1067, 854, 293
267, 7513.000000, 7659.000000, 14790.000000, 1098, 861, 292
268, 8643.000000, 8791.000000, 4929.000000, 13225, 868, 296
269, 9160.000000, 9308.000000, 17779.000000, 1422, 881, 296
270, 9057.000000, 9205.000000, 17909.000000, 1079, 874, 296
271, 10076.000000, 10224.000000, 19947.000000, 1076, 871, 296
272, 9743.000000, 9892.000000, 19284.000000, 1060, 858, 299
273, 2606.000000, 2754.000000, 5146.000000, 1108, 1041, 296
274, 2703.000000, 2851.000000, -4294950350.000000, 1171, 12711, 296
275, 9376.000000, 9527.000000, 18564.000000, 1073, 884, 302
276, 8898.000000, 9046.000000, -4294948903.000000, 1152, 1748, 295
277, 9162.000000, 9311.000000, 18236.000000, 1092, 1004, 299
278, 9459.000000, 9607.000000, 18854.000000, 1079, 1014, 296
279, 9230.000000, 9378.000000, 18233.000000, 1088, 861, 296
280, 9143.000000, 9292.000000, 18091.000000, 1082, 887, 299
281, 9153.000000, 9303.000000, 18079.000000, 1079, 851, 299
282, 9447.000000, 9595.000000, 18658.000000, 1107, 871, 296
283, 7512.000000, 7660.000000, 14794.000000, 1085, 854, 296
284, 7012.000000, 7161.000000, 13979.000000, 1073, 1028, 299
285, 9179.000000, 9327.000000, 18244.000000, 1069, 955, 296
286, 2616.000000, 2766.000000, 5143.000000, 1101, 1011, 299
287, 9259.000000, 9407.000000, 18438.000000, 1092, 1012, 296
288, 2607.000000, 2755.000000, 5108.000000, 1104, 997, 296
289, 9120.000000, 9268.000000, 17989.000000, 1108, 857, 296
290, 7443.000000, 7589.000000, 14643.000000, 1111, 868, 292
291, 9051.000000, 9199.000000, 17895.000000, 1064, 857, 296
292, 7429.000000, 7575.000000, 14660.000000, 1083, 884, 292
293, 7518.000000, 7664.000000, 14811.000000, 1089, 864, 293
294, 2649.000000, 2797.000000, 5164.000000, 1095, 961, 296
295, 2625.000000, 2773.000000, 5192.000000, 1077, 1018, 295
296, 2772.000000, 2921.000000, 5097.000000, 1444, 997, 299
297, 2603.000000, 2750.000000, 5131.000000, 1067, 991, 293
298, 7666.000000, 7814.000000, 15033.000000, 1161, 861, 296
299, 9066.000000, 9215.000000, 18040.000000, 1073, 981, 299
300, 8671.000000, 8819.000000, 5012.000000, 13222, 891, 296
301, 9128.000000, 9276.000000, 18028.000000, 1082, 854, 296
302, 7127.000000, 7275.000000, 14005.000000, 1110, 861, 296
303, 8502.000000, 8648.000000, 16790.000000, 1089, 874, 292
304, 2602.000000, 2748.000000, 5042.000000, 1111, 948, 292
305, 9374.000000, 9522.000000, 18617.000000, 1095, 964, 296
306, 9276.000000, 9422.000000, 18497.000000, 1063, 1008, 293
307, 2631.000000, 2781.000000, 5180.000000, 1091, 1008, 299
308, 9398.000000, 9546.000000, 18569.000000, 1085, 858, 296
309, 8975.000000, 9123.000000, 17686.000000, 1108, 844, 296
310, 9173.000000, 9322.000000, 18128.000000, 1079, 861, 299
311, 9052.000000, 9200.000000, 17854.000000, 1101, 851, 296
312, 9221.000000, 9369.000000, 18209.000000, 1101, 868, 296
313, 9168.000000, 9318.000000, 18034.000000, 1158, 855, 299
314, 9061.000000, 9209.000000, 17878.000000, 1092, 848, 296
315, 8574.000000, 8722.000000, 16951.000000, 1066, 868, 296
316, 8695.000000, 8846.000000, -4294949330.000000, 1070, 1645, 302
317, 2619.000000, 2767.000000, 5183.000000, 1086, 1031, 296
318, 9292.000000, 9440.000000, 18517.000000, 1082, 1015, 296
319, 2615.000000, 2763.000000, 5150.000000, 1092, 1011, 296
320, 9377.000000, 9525.000000, 18537.000000, 1104, 887, 296
321, 9147.000000, 9294.000000, 18081.000000, 1064, 851, 295
322, 7316.000000, 7464.000000, 14391.000000, 1095, 854, 296
323, 9329.000000, 9478.000000, 18420.000000, 1092, 854, 299
324, 7457.000000, 7605.000000, 14671.000000, 1104, 861, 296
325, 9295.000000, 9442.000000, 18376.000000, 1089, 874, 293
326, 9211.000000, 9359.000000, 18167.000000, 1110, 854, 296
327, 7335.000000, 7483.000000, 14421.000000, 1101, 851, 296
328, 9474.000000, 9622.000000, 18719.000000, 1083, 854, 296
329, 10314.000000, 10462.000000, 20090.000000, 1570, 1031, 296
330, 9138.000000, 9287.000000, 18145.000000, 1082, 951, 299
331, 9141.000000, 9289.000000, 18058.000000, 1079, 854, 296
332, 8699.000000, 8847.000000, 4994.000000, 13262, 858, 296
333, 8603.000000, 8751.000000, 5044.000000, 13007, 844, 296
334, 8373.000000, 8521.000000, 16497.000000, 1098, 848, 296
335, 9332.000000, 9480.000000, 18451.000000, 1102, 888, 296
336, 7196.000000, 7344.000000, 13789.000000, 1501, 897, 296
337, 7341.000000, 7490.000000, 14493.000000, 1067, 878, 299
338, 9272.000000, 9420.000000, 18323.000000, 1083, 861, 296
339, 9435.000000, 9584.000000, 18803.000000, 1079, 1012, 299
340, 8304.000000, 8452.000000, 5059.000000, 12608, 1058, 296
341, 7334.000000, 7482.000000, 14538.000000, 1095, 964, 295
342, 8297.000000, 8443.000000, 5155.000000, 12451, 1012, 293
343, 8535.000000, 8685.000000, 5911.000000, 12822, 1662, 299
344, 7356.000000, 7504.000000, 14514.000000, 1076, 878, 296
345, 8593.000000, 8741.000000, 5091.000000, 12979, 884, 296
346, 9427.000000, 9575.000000, 18639.000000, 1086, 871, 296
347, 7498.000000, 7645.000000, 14780.000000, 1077, 861, 295
348, 7225.000000, 7373.000000, 14197.000000, 1110, 857, 296
349, 9028.000000, 9177.000000, 17796.000000, 1101, 841, 299
350, 7753.000000, 7899.000000, 15231.000000, 1133, 858, 292
351, 2647.000000, 2795.000000, 5209.000000, 1104, 1018, 296
352, 8623.000000, 8771.000000, 4994.000000, 13127, 874, 296
353, 7042.000000, 7190.000000, 13890.000000, 1076, 881, 296
354, 8667.000000, 8813.000000, 5024.000000, 13168, 858, 293
355, 8500.000000, 8651.000000, 5087.000000, 12784, 871, 303
356, 8723.000000, 8873.000000, 4973.000000, 13335, 861, 299
357, 7298.000000, 7446.000000, 14423.000000, 1082, 908, 296
358, 8583.000000, 8731.000000, 5096.000000, 12938, 867, 296
359, 9322.000000, 9471.000000, 18422.000000, 1073, 851, 299
360, 9130.000000, 9276.000000, 18140.000000, 1105, 985, 292
361, 9105.000000, 9253.000000, 17995.000000, 1076, 861, 296
362, 9193.000000, 9341.000000, 18290.000000, 1102, 1005, 295
363, 9055.000000, 9202.000000, 18022.000000, 1092, 1004, 295
364, 2614.000000, 2762.000000, -4294949832.000000, 1101, 13336, 296
365, 9501.000000, 9650.000000, 18753.000000, 1104, 855, 299
366, 8127.000000, 8275.000000, 16040.000000, 1083, 868, 296
367, 8711.000000, 8859.000000, 5065.000000, 13224, 867, 296
368, 9294.000000, 9441.000000, 18350.000000, 1092, 854, 295
369, 8762.000000, 8909.000000, 5139.000000, 13240, 854, 293
370, 8941.000000, 9092.000000, 17860.000000, 1057, 1035, 303
371, 9602.000000, 9752.000000, 19118.000000, 1104, 1017, 299
372, 2597.000000, 2745.000000, 5105.000000, 1101, 1011, 296
373, 9133.000000, 9279.000000, 18028.000000, 1089, 851, 292
374, 8848.000000, 8996.000000, 17486.000000, 1104, 894, 296
375, 7389.000000, 7537.000000, -4294951884.000000, 1042, 1675, 296
376, 9312.000000, 9462.000000, 18397.000000, 1079, 851, 299
377, 7541.000000, 7689.000000, 14885.000000, 1092, 895, 296
378, 9329.000000, 9478.000000, 18444.000000, 1083, 868, 298
379, 9308.000000, 9458.000000, 18397.000000, 1091, 871, 299
380, 7460.000000, 7608.000000, 14684.000000, 1091, 854, 296
381, 2845.000000, 2993.000000, 5197.000000, 1535, 1041, 296
382, 9252.000000, 9399.000000, 18428.000000, 1083, 1007, 295
383, 2588.000000, 2736.000000, 5158.000000, 1060, 1041, 296
384, 2564.000000, 2715.000000, 5093.000000, 1060, 1024, 302
385, 9279.000000, 9428.000000, 18328.000000, 1098, 868, 299
386, 7207.000000, 7354.000000, 14158.000000, 1111, 855, 295
387, 8738.000000, 8886.000000, 5045.000000, 13309, 878, 296
388, 7478.000000, 7626.000000, 14416.000000, 1432, 891, 296
389, 8947.000000, 9095.000000, 17695.000000, 1066, 867, 296
390, 8868.000000, 9016.000000, 17545.000000, 1060, 868, 296
391, 9520.000000, 9668.000000, 18787.000000, 1101, 848, 296
392, 2574.000000, 2720.000000, 5043.000000, 1082, 977, 293
393, 9710.000000, 9858.000000, 19170.000000, 1108, 858, 296
394, 2716.000000, 2865.000000, -4294950046.000000, 1070, 12888, 299
395, 9098.000000, 9246.000000, 18136.000000, 1076, 1015, 296
396, 8861.000000, 9009.000000, 17518.000000, 1066, 861, 296
397, 7391.000000, 7538.000000, 14574.000000, 1086, 878, 295
398, 7058.000000, 7206.000000, 13907.000000, 1076, 867, 296
399, 9006.000000, 9154.000000, 17830.000000, 1060, 878, 296
400, 9340.000000, 9487.000000, 18481.000000, 1073, 874, 295
401, 8285.000000, 8433.000000, 5085.000000, 12350, 865, 296
402, 7422.000000, 7570.000000, 14604.000000, 1098, 858, 296
403, 8393.000000, 8541.000000, 5120.000000, 12520, 854, 296
404, 9380.000000, 9528.000000, 18716.000000, 1076, 1031, 296
405, 9126.000000, 9274.000000, 18213.000000, 1070, 1031, 296
406, 9742.000000, 9890.000000, 19343.000000, 1076, 935, 296
407, 8588.000000, 8736.000000, 5089.000000, 12948, 861, 296
408, 7786.000000, 7936.000000, 15339.000000, 1082, 848, 299
409, 9008.000000, 9157.000000, 17812.000000, 1088, 884, 299
410, 7546.000000, 7694.000000, 14863.000000, 1091, 861, 296
411, 9266.000000, 9414.000000, 18298.000000, 1085, 851, 296
412, 7187.000000, 7335.000000, 14141.000000, 1088, 854, 296
413, 7340.000000, 7488.000000, 14456.000000, 1080, 855, 295
414, 9648.000000, 9796.000000, 19074.000000, 1110, 888, 296
415, 2631.000000, 2779.000000, 5205.000000, 1101, 1044, 296
416, 9665.000000, 9815.000000, 19256.000000, 1082, 1007, 299
417, 8631.000000, 8779.000000, 5093.000000, 13033, 864, 296
418, 7718.000000, 7866.000000, 15196.000000, 1101, 861, 296
419, 8661.000000, 8809.000000, 5062.000000, 13118, 857, 296
420, 9331.000000, 9479.000000, 18414.000000, 1107, 858, 296
421, 9276.000000, 9426.000000, 18502.000000, 1069, 1018, 299
422, 9568.000000, 9715.000000, 18848.000000, 1165, 877, 295
423, 9643.000000, 9791.000000, 19029.000000, 1108, 851, 296
424, 9737.000000, 9883.000000, 19378.000000, 1070, 974, 293
425, 8986.000000, 9136.000000, 17885.000000, 1089, 1001, 299
426, 9428.000000, 9576.000000, 18805.000000, 1073, 1021, 296
427, 7322.000000, 7470.000000, 14411.000000, 1108, 874, 296
428, 8667.000000, 8815.000000, 5799.000000, 13203, 1668, 296
429, 8620.000000, 8770.000000, 5066.000000, 13026, 851, 299
430, 7268.000000, 7414.000000, 14312.000000, 1095, 871, 292
431, 9662.000000, 9810.000000, 19100.000000, 1085, 861, 296
432, 8543.000000, 8691.000000, 4976.000000, 12976, 865, 296
433, 9661.000000, 9811.000000, 19095.000000, 1079, 851, 299
434, 7254.000000, 7402.000000, 14304.000000, 1085, 881, 296
435, 7406.000000, 7554.000000, 14562.000000, 1094, 844, 296
436, 2587.000000, 2735.000000, 5069.000000, 1076, 971, 296
437, 5340.000000, 5489.000000, 10648.000000, 1067, 1035, 299
438, 2639.000000, 2787.000000, 5216.000000, 1092, 1029, 296
439, 2614.000000, 2762.000000, 5164.000000, 1066, 1001, 296
440, 8884.000000, 9032.000000, 17519.000000, 1111, 861, 295
441, 8520.000000, 8668.000000, 5104.000000, 12793, 857, 296
442, 7245.000000, 7392.000000, 14258.000000, 1117, 884, 293
443, 9168.000000, 9316.000000, 18110.000000, 1095, 868, 295
444, 9390.000000, 9538.000000, 18549.000000, 1080, 848, 295
445, 8538.000000, 8686.000000, 5088.000000, 12850, 861, 296
446, 8999.000000, 9149.000000, 17885.000000, 1092, 978, 299
447, 7471.000000, 7622.000000, 14717.000000, 1079, 854, 302
448, 9730.000000, 9879.000000, 18978.000000, 1510, 1028, 299
449, 9558.000000, 9706.000000, 18887.000000, 1098, 868, 296
450, 2631.000000, 2778.000000, 5175.000000, 1095, 1008, 295
451, 9665.000000, 9813.000000, 19200.000000, 1098, 968, 296
452, 7208.000000, 7359.000000, 14193.000000, 1091, 868, 303
453, 9719.000000, 9867.000000, 19197.000000, 1089, 848, 296
454, 8802.000000, 8950.000000, 5188.000000, 13388, 971, 296
455, 8468.000000, 8618.000000, 5870.000000, 12712, 1645, 299
456, 7151.000000, 7299.000000, 14046.000000, 1108, 851, 296
457, 7269.000000, 7417.000000, 14346.000000, 1067, 874, 295
458, 2655.000000, 2803.000000, 5082.000000, 1080, 851, 296
459, 8709.000000, 8859.000000, 5084.000000, 13206, 871, 299
460, 9384.000000, 9533.000000, 18693.000000, 1073, 998, 299
461, 9342.000000, 9490.000000, 18600.000000, 1092, 1007, 296
462, 2640.000000, 2788.000000, 5210.000000, 1069, 998, 296
463, 9410.000000, 9560.000000, 18593.000000, 1079, 851, 299
464, 9704.000000, 9852.000000, 19180.000000, 1086, 858, 296
465, 9077.000000, 9223.000000, 17960.000000, 1069, 875, 293
466, 9290.000000, 9438.000000, 18380.000000, 1057, 857, 296
467, 7361.000000, 7509.000000, 14486.000000, 1101, 864, 296
468, 7481.000000, 7629.000000, 14650.000000, 1170, 858, 296
469, 8263.000000, 8411.000000, 16318.000000, 1067, 858, 296
470, 9415.000000, 9564.000000, 18596.000000, 1089, 855, 299
471, 7729.000000, 7876.000000, 15202.000000, 1105, 848, 293
472, 9546.000000, 9696.000000, 18990.000000, 1057, 954, 299
473, 9176.000000, 9324.000000, 18118.000000, 1085, 851, 296
474, 9600.000000, 9751.000000, 18984.000000, 1070, 854, 302
475, 9067.000000, 9215.000000, 17910.000000, 1095, 871, 296
476, 9016.000000, 9163.000000, 17826.000000, 1088, 881, 293
477, 7395.000000, 7543.000000, 14557.000000, 1088, 854, 296
478, 9314.000000, 9465.000000, 18395.000000, 1105, 871, 302
479, 9093.000000, 9239.000000, 17962.000000, 1092, 868, 292
480, 8990.000000, 9138.000000, 17734.000000, 1098, 851, 296
481, 9540.000000, 9688.000000, 19000.000000, 1102, 1021, 296
482, 8933.000000, 9082.000000, 17651.000000, 1083, 868, 299
483, 7353.000000, 7501.000000, 14463.000000, 1108, 864, 296
484, 2662.000000, 2810.000000, 5009.000000, 1154, 838, 296
485, 7347.000000, 7495.000000, 14589.000000, 1111, 1005, 296
486, 7083.000000, 7230.000000, 14081.000000, 1101, 1015, 293
487, 7393.000000, 7541.000000, 14532.000000, 1101, 847, 296
488, 9379.000000, 9527.000000, 18524.000000, 1086, 851, 296
489, 9858.000000, 10006.000000, 19507.000000, 1098, 888, 295
490, 8481.000000, 8629.000000, 5158.000000, 12825, 1021, 296
491, 9157.000000, 9305.000000, 18087.000000, 1092, 864, 296
492, 9001.000000, 9149.000000, 17942.000000, 1089, 1028, 296
493, 8583.000000, 8729.000000, -4294949280.000000, 1089, 1939, 292
494, 9557.000000, 9707.000000, 19041.000000, 1095, 1021, 299
495, 7976.000000, 8124.000000, 15820.000000, 1154, 1021, 296
496, 9347.000000, 9495.000000, 18564.000000, 1101, 971, 296
497, 7101.000000, 7251.000000, 13954.000000, 1117, 868, 299
498, 2638.000000, 2786.000000, 5075.000000, 1067, 865, 296
499, 7274.000000, 7423.000000, 14349.000000, 1073, 874, 299
500, 7128.000000, 7276.000000, -4294952479.000000, 1098, 1659, 296
501, 7616.000000, 7764.000000, 14986.000000, 1107, 861, 296
502, 7051.000000, 7199.000000, 13895.000000, 1079, 871, 296
503, 8468.000000, 8615.000000, 5141.000000, 12753, 958, 295
504, 8560.000000, 8708.000000, 4957.000000, 13017, 854, 296
505, 8113.000000, 8261.000000, 16151.000000, 1079, 1004, 296
506, 8947.000000, 9094.000000, 5215.000000, 13666, 987, 295
507, 8587.000000, 8733.000000, 5165.000000, 13024, 1014, 292
508, 7490.000000, 7641.000000, 14740.000000, 1092, 851, 302
509, 9163.000000, 9312.000000, 18101.000000, 1083, 858, 299
510, 7894.000000, 8043.000000, 15600.000000, 1079, 891, 299
511, 8615.000000, 8763.000000, 5068.000000, 13020, 858, 296
512, 8595.000000, 8743.000000, 4986.000000, 13061, 857, 296
513, 9053.000000, 9201.000000, 17879.000000, 1086, 858, 296
514, 8274.000000, 8422.000000, 5155.000000, 12341, 948, 296
515, 9176.000000, 9322.000000, 18115.000000, 1089, 851, 292
516, 8470.000000, 8616.000000, 5079.000000, 12873, 1011, 292
517, 7130.000000, 7278.000000, 14021.000000, 1095, 855, 296
518, 7347.000000, 7493.000000, 14448.000000, 1108, 861, 292
519, 8845.000000, 8994.000000, 5107.000000, 13477, 894, 299
520, 7624.000000, 7772.000000, 15020.000000, 1089, 861, 296
521, 7320.000000, 7468.000000, 14413.000000, 1095, 867, 296
522, 7033.000000, 7181.000000, 13826.000000, 1095, 855, 296
523, 8997.000000, 9146.000000, 17789.000000, 1079, 874, 299
524, 2642.000000, 2790.000000, 5069.000000, 1069, 854, 296
525, 9086.000000, 9234.000000, 17633.000000, 1548, 1008, 296
526, 7374.000000, 7521.000000, 14688.000000, 1082, 1021, 293
527, 8642.000000, 8790.000000, 5133.000000, 13137, 985, 296
528, 7330.000000, 7477.000000, 14610.000000, 1055, 1005, 295
529, 7468.000000, 7618.000000, 14725.000000, 1067, 855, 299
530, 9570.000000, 9716.000000, 18909.000000, 1092, 861, 293
531, 8721.000000, 8868.000000, 5071.000000, 13219, 848, 295
532, 8148.000000, 8296.000000, 5749.000000, 12189, 1642, 296
533, 8779.000000, 8927.000000, 5060.000000, 13369, 871, 296
534, 8815.000000, 8963.000000, 5042.000000, 13445, 857, 296
535, 8484.000000, 8632.000000, 5155.000000, 12834, 1021, 296
536, 2645.000000, 2793.000000, 4987.000000, 1171, 867, 295
537, 8778.000000, 8926.000000, 5201.000000, 13366, 1011, 296
538, 7808.000000, 7956.000000, 15381.000000, 1086, 851, 296
539, 7410.000000, 7560.000000, 14588.000000, 1101, 868, 299
540, 7130.000000, 7278.000000, 14011.000000, 1098, 848, 296
541, 2631.000000, 2779.000000, 5048.000000, 1076, 861, 296
542, 7154.000000, 7305.000000, 14080.000000, 1076, 848, 303
543, 7350.000000, 7499.000000, 14481.000000, 1083, 864, 299
544, 2632.000000, 2780.000000, 5005.000000, 1107, 848, 296
545, 7547.000000, 7693.000000, 14857.000000, 1108, 871, 292
546, 8789.000000, 8938.000000, 5206.000000, 13313, 941, 299
547, 7694.000000, 7841.000000, 15165.000000, 1070, 847, 295
548, 8574.000000, 8722.000000, 4954.000000, 13055, 861, 296
549, 7226.000000, 7373.000000, 14227.000000, 1101, 875, 293
550, 7510.000000, 7658.000000, 14795.000000, 1086, 861, 296
551, 7429.000000, 7576.000000, 14632.000000, 1101, 874, 293
552, 7293.000000, 7441.000000, 14361.000000, 1080, 854, 296
553, 7270.000000, 7417.000000, 14320.000000, 1092, 871, 293
554, 8697.000000, 8847.000000, 5036.000000, 13253, 894, 299
555, 7448.000000, 7596.000000, 14649.000000, 1104, 857, 296
556, 7856.000000, 8002.000000, 15481.000000, 1091, 860, 293
557, 8607.000000, 8757.000000, 5194.000000, 13055, 1034, 299
558, 8945.000000, 9095.000000, 5204.000000, 13725, 1038, 299
559, 8813.000000, 8960.000000, 5211.000000, 13433, 1018, 295
560, 2605.000000, 2753.000000, 5102.000000, 1076, 968, 296
561, 2617.000000, 2766.000000, 5150.000000, 1095, 1011, 299
562, 7256.000000, 7404.000000, 14288.000000, 1076, 851, 296
563, 7403.000000, 7551.000000, 14553.000000, 1108, 854, 296
564, 8530.000000, 8678.000000, 4960.000000, 12951, 851, 296
565, 8771.000000, 8919.000000, 5024.000000, 13366, 847, 296
566, 8743.000000, 8891.000000, 5091.000000, 13247, 851, 296
567, 2645.000000, 2793.000000, 5063.000000, 1098, 871, 296
568, 7443.000000, 7592.000000, 14681.000000, 1073, 868, 299
569, 7377.000000, 7526.000000, 14636.000000, 1083, 965, 299
570, 2625.000000, 2773.000000, 5188.000000, 1107, 1045, 296
571, 8136.000000, 8284.000000, 6043.000000, 11982, 1752, 296
572, 7421.000000, 7567.000000, 14761.000000, 1089, 1008, 293
573, 7533.000000, 7681.000000, 14842.000000, 1082, 858, 296
574, 2634.000000, 2784.000000, 5151.000000, 1079, 961, 299
575, 7655.000000, 7803.000000, 15085.000000, 1086, 861, 296
576, 9432.000000, 9580.000000, 18647.000000, 1082, 864, 296
577, 7266.000000, 7414.000000, 14322.000000, 1085, 874, 296
578, 9220.000000, 9368.000000, 18373.000000, 1076, 1008, 296
579, 7501.000000, 7649.000000, 14754.000000, 1102, 854, 296
580, 7134.000000, 7282.000000, 14211.000000, 1101, 1044, 296
581, 7262.000000, 7410.000000, 14458.000000, 1089, 1022, 295
582, 8669.000000, 8817.000000, 5046.000000, 13149, 857, 296
583, 9289.000000, 9437.000000, 18355.000000, 1101, 878, 296
584, 9042.000000, 9190.000000, 17870.000000, 1086, 871, 296
585, 7149.000000, 7297.000000, 14079.000000, 1070, 851, 296
586, 8615.000000, 8764.000000, 5015.000000, 13065, 850, 299
587, 7159.000000, 7306.000000, 14127.000000, 1102, 911, 295
588, 8770.000000, 8918.000000, 5055.000000, 13460, 974, 296
589, 8706.000000, 8854.000000, 5064.000000, 13203, 854, 296
590, 9110.000000, 9258.000000, 18005.000000, 1080, 864, 295
591, 7222.000000, 7370.000000, 14317.000000, 1082, 954, 296
592, 8691.000000, 8840.000000, 4961.000000, 13409, 988, 299
593, 9485.000000, 9633.000000, 18761.000000, 1076, 867, 296
594, 7425.000000, 7573.000000, 14819.000000, 1044, 1012, 296
595, 9130.000000, 9277.000000, 18005.000000, 1107, 851, 293
596, 9168.000000, 9316.000000, 18112.000000, 1076, 851, 296
597, 7333.000000, 7481.000000, 14191.000000, 1369, 894, 296
598, 7128.000000, 7278.000000, 14064.000000, 1088, 895, 299
599, 8400.000000, 8546.000000, 5015.000000, 12639, 854, 293
600, 2585.000000, 2733.000000, 5106.000000, 1076, 1011, 296
601, 8516.000000, 8664.000000, 5091.000000, 12812, 871, 296
602, 2638.000000, 2786.000000, 5210.000000, 1085, 1018, 296
603, 8509.000000, 8656.000000, 5101.000000, 12785, 868, 295
604, 9922.000000, 10072.000000, 19727.000000, 1079, 961, 299
605, 7275.000000, 7423.000000, 14326.000000, 1076, 851, 296
606, 7248.000000, 7394.000000, 14301.000000, 1063, 868, 293
607, 8526.000000, 8674.000000, 5034.000000, 12876, 858, 296
608, 7235.000000, 7385.000000, 14278.000000, 1064, 871, 299
609, 2643.000000, 2791.000000, 5164.000000, 1076, 954, 296
610, 8919.000000, 9067.000000, 17290.000000, 1454, 905, 295
611, 7002.000000, 7148.000000, 13767.000000, 1088, 851, 293
612, 2583.000000, 2734.000000, 5083.000000, 1092, 1008, 302
613, 2512.000000, 2660.000000, -4294961976.000000, 1133, 1428, 296
614, 7357.000000, 7506.000000, 14490.000000, 1095, 871, 299
615, 7650.000000, 7798.000000, 15099.000000, 1063, 861, 296
616, 8351.000000, 8501.000000, 5029.000000, 12539, 865, 299
617, 8774.000000, 8922.000000, 5050.000000, 13376, 877, 295
618, 7094.000000, 7242.000000, 13976.000000, 1080, 867, 296
619, 8788.000000, 8936.000000, 5033.000000, 13404, 861, 296
620, 8690.000000, 8839.000000, 4970.000000, 13276, 865, 298
621, 7494.000000, 7641.000000, 14739.000000, 1111, 861, 293
622, 8520.000000, 8667.000000, 5155.000000, 12904, 1018, 293
623, 8541.000000, 8689.000000, 5176.000000, 12929, 1022, 296
624, 7952.000000, 8100.000000, 15638.000000, 1111, 845, 296
625, 2625.000000, 2773.000000, 5188.000000, 1080, 1017, 295
626, 8618.000000, 8766.000000, 5093.000000, 13011, 867, 296
627, 8611.000000, 8759.000000, 5044.000000, 13043, 864, 295
628, 7196.000000, 7344.000000, 14145.000000, 1098, 851, 296
629, 8669.000000, 8816.000000, 5086.000000, 13140, 888, 295
630, 7199.000000, 7348.000000, 14195.000000, 1104, 901, 299
631, 2639.000000, 2789.000000, 5198.000000, 1079, 998, 299
632, 7150.000000, 7300.000000, 14239.000000, 1073, 1011, 299
633, 7229.000000, 7377.000000, 14231.000000, 1082, 855, 296
634, 2640.000000, 2788.000000, 5143.000000, 1086, 948, 295
635, 2483.000000, 2630.000000, -4294962082.000000, 1079, 1326, 293
636, 7040.000000, 7188.000000, 13882.000000, 1060, 861, 296
637, 9277.000000, 9425.000000, 18338.000000, 1085, 868, 296
638, 8569.000000, 8717.000000, 5081.000000, 12922, 864, 296
639, 9175.000000, 9323.000000, 18119.000000, 1083, 851, 295
640, 8466.000000, 8614.000000, 4981.000000, 12813, 861, 296
641, 8560.000000, 8708.000000, 5100.000000, 12879, 858, 296
642, 8386.000000, 8536.000000, 5080.000000, 12548, 855, 299
643, 9158.000000, 9306.000000, 18222.000000, 1082, 987, 296
644, 2167.000000, 2317.000000, -4294951763.000000, 69, 11267, 299
645, 2479.000000, 2627.000000, -4294962086.000000, 1092, 1344, 296
646, 2512.000000, 2659.000000, -4294962127.000000, 1101, 1245, 293
647, 9986.000000, 10133.000000, 19749.000000, 1088, 864, 293
648, 10211.000000, 10359.000000, 20176.000000, 1108, 861, 296
649, 9142.000000, 9290.000000, 18051.000000, 1098, 864, 296
650, 9375.000000, 9523.000000, 18506.000000, 1102, 857, 295
651, 2488.000000, 2636.000000, -4294962157.000000, 1086, 1248, 295
652, 7686.000000, 7834.000000, 15160.000000, 1088, 875, 296
653, 8534.000000, 8682.000000, 5044.000000, 12882, 858, 296
654, 2499.000000, 2650.000000, -4294962051.000000, 1089, 1335, 302
655, 2504.000000, 2651.000000, -4294961005.000000, 1120, 2402, 293
656, 2449.000000, 2597.000000, -4294962185.000000, 1111, 1324, 296
657, 7672.000000, 7821.000000, 15248.000000, 1101, 1005, 299
658, 2521.000000, 2667.000000, -4294962180.000000, 1108, 1182, 292
659, 2639.000000, 2786.000000, 5068.000000, 1079, 868, 293
660, 8407.000000, 8553.000000, 4969.000000, 12706, 861, 293
661, 7154.000000, 7300.000000, 14087.000000, 1089, 867, 292
662, 8479.000000, 8627.000000, 5060.000000, 12759, 861, 296
663, 2525.000000, 2674.000000, -4294962153.000000, 1098, 1191, 299
664, 9531.000000, 9679.000000, -4294948098.000000, 1086, 1222, 296
665, 8579.000000, 8726.000000, 5193.000000, 12983, 1018, 295
666, 2514.000000, 2662.000000, -4294962058.000000, 1085, 1295, 296
667, 7084.000000, 7233.000000, 13848.000000, 1177, 857, 299
668, 2456.000000, 2604.000000, -4294962154.000000, 1089, 1318, 296
669, 8582.000000, 8729.000000, 5024.000000, 12995, 854, 293
670, 2511.000000, 2657.000000, -4294962151.000000, 1111, 1234, 292
671, 7074.000000, 7223.000000, 13945.000000, 1060, 857, 299
672, 2475.000000, 2625.000000, -4294962194.000000, 1050, 1201, 299
673, 8605.000000, 8753.000000, 5045.000000, 13039, 874, 296
674, 2517.000000, 2667.000000, -4294962136.000000, 1079, 1204, 299
675, 7057.000000, 7205.000000, 13930.000000, 1079, 894, 296
676, 2399.000000, 2546.000000, -4294962206.000000, 12740, 13032, 295
677, 7040.000000, 7188.000000, 13844.000000, 1098, 861, 296
678, 8581.000000, 8731.000000, 5232.000000, 12938, 1007, 299
679, 2501.000000, 2647.000000, -4294962035.000000, 1089, 1348, 293
680, 8477.000000, 8625.000000, 4987.000000, 12822, 854, 296
681, 8487.000000, 8635.000000, 5057.000000, 12772, 854, 296
682, 2478.000000, 2626.000000, -4294962224.000000, 1080, 1195, 295
683, 7147.000000, 7294.000000, 14083.000000, 1089, 877, 293
684, 6972.000000, 7122.000000, 13641.000000, 1158, 854, 299
685, 2533.000000, 2681.000000, -4294962161.000000, 1092, 1161, 296
686, 8466.000000, 8614.000000, 5110.000000, 12794, 971, 295
687, 2944.000000, 3092.000000, 5291.000000, 2048, 1451, 296
688, 8235.000000, 8385.000000, 5137.000000, 12312, 978, 299
689, 6989.000000, 7137.000000, 13719.000000, 1114, 855, 296
690, 2509.000000, 2658.000000, -4294962139.000000, 1080, 1219, 299
691, 8431.000000, 8579.000000, 5059.000000, 12661, 858, 296
692, 7565.000000, 7714.000000, 14922.000000, 1079, 871, 299
693, 8451.000000, 8599.000000, 5011.000000, 12759, 868, 296
694, 2720.000000, 2868.000000, -4294961365.000000, 1171, 1662, 296
695, 6997.000000, 7147.000000, 13762.000000, 1101, 868, 299
696, 2585.000000, 2733.000000, 5105.000000, 1079, 1014, 296
697, 2475.000000, 2625.000000, -4294962187.000000, 1060, 1218, 299
698, 9441.000000, 9590.000000, 18828.000000, 1082, 1028, 299
699, 9395.000000, 9542.000000, 18754.000000, 1079, 1042, 293
700, 8591.000000, 8739.000000, -4294949534.000000, 1073, 1652, 296
701, 8706.000000, 8854.000000, 5029.000000, 13234, 851, 296
702, 8763.000000, 8911.000000, 5095.000000, 13306, 875, 296
703, 9543.000000, 9691.000000, 18845.000000, 1098, 857, 296
704, 8676.000000, 8824.000000, 4956.000000, 13282, 885, 295
705, 7235.000000, 7383.000000, 14242.000000, 1082, 854, 296
706, 7848.000000, 7996.000000, 15484.000000, 1073, 861, 296
707, 9003.000000, 9151.000000, 17793.000000, 1067, 854, 296
708, 9394.000000, 9542.000000, 18716.000000, 1077, 1004, 295
709, 2658.000000, 2805.000000, 5208.000000, 1067, 958, 293
710, 8799.000000, 8947.000000, 5102.000000, 13388, 891, 296
711, 9073.000000, 9223.000000, 17890.000000, 1104, 847, 299
712, 9048.000000, 9196.000000, 17872.000000, 1079, 855, 296
713, 9060.000000, 9208.000000, 17538.000000, 1473, 891, 296
714, 10326.000000, 10474.000000, 20428.000000, 1076, 851, 295
715, 7531.000000, 7679.000000, 14782.000000, 1142, 861, 296
716, 2613.000000, 2761.000000, 5018.000000, 1073, 865, 296
717, 7228.000000, 7376.000000, 14217.000000, 1098, 858, 296
718, 9614.000000, 9762.000000, 19022.000000, 1060, 854, 296
719, 9010.000000, 9156.000000, 17936.000000, 1105, 1021, 292
720, 2571.000000, 2719.000000, 5084.000000, 1085, 1027, 296
721, 9134.000000, 9281.000000, 18052.000000, 1088, 871, 293
722, 8888.000000, 9038.000000, 17702.000000, 1102, 1027, 299
723, 7246.000000, 7393.000000, 14258.000000, 1092, 858, 295
724, 2618.000000, 2766.000000, 4991.000000, 1107, 861, 296
725, 7336.000000, 7482.000000, 14439.000000, 1092, 858, 292
726, 8644.000000, 8792.000000, 5066.000000, 13077, 855, 296
727, 7272.000000, 7420.000000, 14292.000000, 1130, 877, 296
728, 9356.000000, 9505.000000, 18513.000000, 1060, 861, 299
729, 7517.000000, 7665.000000, 14814.000000, 1082, 861, 296
730, 9350.000000, 9496.000000, 18629.000000, 1079, 1008, 293
731, 8758.000000, 8904.000000, 5053.000000, 13332, 868, 292
732, 7155.000000, 7303.000000, 14063.000000, 1101, 854, 296
733, 8539.000000, 8689.000000, 16857.000000, 1083, 861, 299
734, 8627.000000, 8775.000000, 5148.000000, 13120, 1014, 296
735, 7831.000000, 7981.000000, 15440.000000, 1070, 847, 299
736, 7240.000000, 7387.000000, 14238.000000, 1107, 864, 293
737, 8642.000000, 8789.000000, 5062.000000, 13080, 857, 293
738, 7224.000000, 7372.000000, 14206.000000, 1101, 858, 296
739, 8775.000000, 8923.000000, 5216.000000, 13363, 1028, 296
740, 7325.000000, 7473.000000, 14340.000000, 1165, 854, 296
741, 7234.000000, 7381.000000, 14396.000000, 1070, 998, 295
742, 8631.000000, 8779.000000, 5162.000000, 13052, 951, 296
743, 8820.000000, 8968.000000, 5057.000000, 13451, 867, 296
744, 7387.000000, 7536.000000, 14536.000000, 1092, 854, 299
745, 8624.000000, 8772.000000, 5072.000000, 13048, 871, 296
746, 7125.000000, 7275.000000, 13702.000000, 1444, 895, 299
747, 8688.000000, 8836.000000, 5086.000000, 13162, 871, 296
748, 9753.000000, 9900.000000, 19259.000000, 1092, 844, 293
749, 9307.000000, 9453.000000, 18379.000000, 1089, 854, 293
750, 9314.000000, 9460.000000, 18426.000000, 1060, 858, 293
751, 7370.000000, 7519.000000, 14525.000000, 1089, 874, 299
752, 7382.000000, 7530.000000, 14559.000000, 1063, 857, 296
753, 9475.000000, 9623.000000, 18833.000000, 1085, 968, 296
754, 2649.000000, 2797.000000, 5172.000000, 1051, 924, 296
755, 2618.000000, 2768.000000, 5168.000000, 1104, 1035, 299
756, 9575.000000, 9725.000000, 18924.000000, 1095, 868, 299
757, 9382.000000, 9530.000000, 18514.000000, 1098, 848, 296
758, 9879.000000, 10027.000000, 19531.000000, 1086, 858, 296
759, 9257.000000, 9406.000000, 18273.000000, 1092, 851, 299
760, 9576.000000, 9724.000000, 18643.000000, 1400, 891, 296
761, 7509.000000, 7657.000000, 14809.000000, 1073, 864, 296
762, 2616.000000, 2764.000000, 5123.000000, 1085, 975, 296
763, 9215.000000, 9363.000000, 18349.000000, 1098, 1017, 296
764, 11039.000000, 11185.000000, 21867.000000, 1089, 878, 292
765, 7411.000000, 7559.000000, 14617.000000, 1073, 868, 296
766, 9281.000000, 9429.000000, 18367.000000, 1060, 865, 296
767, 2530.000000, 2678.000000, -4294962211.000000, 1177, 1201, 296
768, 7241.000000, 7389.000000, 14254.000000, 1079, 851, 296
769, 8733.000000, 8880.000000, 5055.000000, 13272, 861, 295
770, 7621.000000, 7769.000000, 15014.000000, 1082, 854, 296
771, 2487.000000, 2635.000000, -4294962161.000000, 1085, 1245, 296
772, 2472.000000, 2620.000000, -4294962249.000000, 1089, 1191, 296
773, 7821.000000, 7969.000000, 15408.000000, 1091, 857, 296
774, 2493.000000, 2643.000000, -4294962160.000000, 1066, 1215, 299
775, 2493.000000, 2641.000000, -4294962028.000000, 1117, 1398, 296
776, 2461.000000, 2609.000000, -4294962199.000000, 1101, 1275, 296
777, 8675.000000, 8823.000000, 5053.000000, 13159, 861, 295
778, 8812.000000, 8958.000000, 17386.000000, 1089, 851, 293
779, 2502.000000, 2650.000000, -4294962175.000000, 1079, 1195, 296
780, 7706.000000, 7854.000000, 15121.000000, 1145, 854, 296
781, 8595.000000, 8743.000000, 5076.000000, 12976, 861, 296
782, 2482.000000, 2633.000000, -4294962131.000000, 1067, 1268, 302
783, 7374.000000, 7525.000000, 14513.000000, 1092, 857, 302
784, 9336.000000, 9484.000000, -4294948401.000000, 1086, 1309, 296
785, 2507.000000, 2655.000000, -4294962155.000000, 1092, 1218, 296
786, 2649.000000, 2795.000000, 5154.000000, 1088, 944, 293
787, 2510.000000, 2658.000000, -4294961118.000000, 1085, 2243, 296
788, 2479.000000, 2627.000000, -4294962219.000000, 1079, 1198, 296
789, 2518.000000, 2666.000000, -4294962119.000000, 1088, 1228, 296
790, 2494.000000, 2642.000000, -4294962174.000000, 1095, 1228, 296
791, 2546.000000, 2698.000000, -4294962051.000000, 1079, 1231, 303
792, 7426.000000, 7573.000000, 14585.000000, 1126, 858, 293
793, 8709.000000, 8857.000000, 5071.000000, 13209, 861, 296
794, 2513.000000, 2661.000000, -4294962171.000000, 1107, 1205, 296
795, 2628.000000, 2776.000000, 5151.000000, 1077, 971, 295
796, 2468.000000, 2616.000000, -4294962226.000000, 1079, 1212, 296
797, 2517.000000, 2664.000000, -4294962072.000000, 1105, 1295, 295
798, 2517.000000, 2665.000000, -4294962103.000000, 1070, 1228, 296
799, 2478.000000, 2626.000000, -4294962096.000000, 1085, 1328, 296
800, 2460.000000, 2606.000000, -4294961126.000000, 1089, 2339, 292
801, 2500.000000, 2648.000000, -4294962147.000000, 1079, 1228, 296
802, 8773.000000, 8919.000000, 5067.000000, 13366, 887, 293
803, 7297.000000, 7447.000000, 14351.000000, 1092, 848, 299
804, 2444.000000, 2594.000000, -4294962172.000000, 1083, 1318, 299
805, 8709.000000, 8857.000000, 4968.000000, 13301, 851, 296
806, 2494.000000, 2641.000000, -4294962140.000000, 1091, 1258, 293
807, 7290.000000, 7437.000000, 14330.000000, 1108, 858, 295
808, 2608.000000, 2756.000000, 5146.000000, 1076, 1005, 296
809, 8772.000000, 8920.000000, 5135.000000, 13287, 878, 296
810, 7366.000000, 7517.000000, 14533.000000, 1057, 858, 302
811, 2509.000000, 2657.000000, -4294962072.000000, 1107, 1312, 296
812, 2483.000000, 2631.000000, -4294962206.000000, 1108, 1232, 296
813, 2892.000000, 3042.000000, 5212.000000, 1891, 1318, 299
814, 9590.000000, 9738.000000, -4294948026.000000, 1069, 1158, 296
815, 8542.000000, 8690.000000, 5055.000000, 12907, 878, 296
816, 2503.000000, 2651.000000, -4294962198.000000, 1151, 1242, 296
817, 2511.000000, 2659.000000, -4294962044.000000, 1108, 1338, 296
818, 8318.000000, 8465.000000, 5179.000000, 12419, 961, 293
819, 9333.000000, 9481.000000, 18476.000000, 1079, 888, 296
820, 2854.000000, 3002.000000, 5117.000000, 1856, 1265, 296
821, 2489.000000, 2639.000000, -4294962067.000000, 1095, 1345, 299
822, 9213.000000, 9361.000000, 18195.000000, 1079, 848, 296
823, 2513.000000, 2660.000000, -4294962146.000000, 1080, 1204, 295
824, 2484.000000, 2632.000000, -4294962220.000000, 1098, 1205, 296
825, 8575.000000, 8723.000000, 5057.000000, 12967, 874, 296
826, 2542.000000, 2690.000000, -4294962179.000000, 1101, 1134, 296
827, 2493.000000, 2641.000000, -4294962036.000000, 1085, 1358, 296
828, 7399.000000, 7547.000000, 14567.000000, 1086, 854, 296
829, 2678.000000, 2825.000000, 5200.000000, 1164, 1007, 293
830, 7158.000000, 7304.000000, 14185.000000, 1080, 948, 292
831, 2481.000000, 2629.000000, -4294962158.000000, 1086, 1261, 296
832, 7062.000000, 7210.000000, 13878.000000, 1111, 864, 295
833, 8452.000000, 8599.000000, 5042.000000, 12714, 851, 293
834, 2525.000000, 2672.000000, -4294962173.000000, 1095, 1168, 295
835, 8566.000000, 8714.000000, 5078.000000, 12916, 861, 296
836, 2440.000000, 2588.000000, -4294962243.000000, 1086, 1258, 295
837, 7214.000000, 7361.000000, 14215.000000, 1080, 867, 295
838, 2521.000000, 2669.000000, -4294962094.000000, 1082, 1241, 296
839, 7082.000000, 7230.000000, 13938.000000, 1085, 858, 296
840, 8405.000000, 8553.000000, 5961.000000, 12646, 1796, 296
841, 8594.000000, 8741.000000, 5026.000000, 13017, 855, 295
842, 8647.000000, 8796.000000, -4294949867.000000, 1073, 1208, 299
843, 8508.000000, 8654.000000, 5043.000000, 12837, 864, 293
844, 8875.000000, 9023.000000, -4294949521.000000, 1177, 1202, 296
845, 2545.000000, 2692.000000, -4294962127.000000, 1114, 1192, 293
846, 2524.000000, 2672.000000, -4294962127.000000, 1095, 1215, 296
847, 2501.000000, 2649.000000, -4294962164.000000, 1085, 1215, 296
848, 7072.000000, 7220.000000, 13936.000000, 1080, 871, 295
849, 8242.000000, 8390.000000, 5137.000000, 12353, 1005, 296
850, 7290.000000, 7440.000000, 14475.000000, 1067, 961, 299
851, 8418.000000, 8567.000000, 5220.000000, 12633, 1017, 299
852, 2484.000000, 2632.000000, -4294962214.000000, 1085, 1198, 296
853, 8017.000000, 8165.000000, 6061.000000, 11806, 1832, 296
854, 2485.000000, 2635.000000, -4294962177.000000, 1070, 1218, 299
855, 7503.000000, 7652.000000, 14781.000000, 1083, 858, 299
856, 7326.000000, 7474.000000, 14417.000000, 1101, 865, 296
857, 8435.000000, 8583.000000, 5072.000000, 12677, 878, 296
858, 2531.000000, 2681.000000, -4294962159.000000, 1104, 1178, 299
859, 8572.000000, 8720.000000, 5055.000000, 12948, 858, 296
860, 2461.000000, 2607.000000, -4294962138.000000, 1079, 1315, 293
861, 7181.000000, 7328.000000, 14288.000000, 1095, 1021, 295
862, 7019.000000, 7166.000000, 13930.000000, 1070, 961, 293
863, 2563.000000, 2712.000000, -4294962013.000000, 1158, 1315, 299
864, 8227.000000, 8376.000000, 5158.000000, 12331, 1035, 299
865, 7386.000000, 7535.000000, 14582.000000, 1092, 902, 299
866, 2503.000000, 2651.000000, -4294961131.000000, 1095, 2253, 296
867, 8574.000000, 8720.000000, 5086.000000, 12936, 874, 292
868, 2465.000000, 2613.000000, -4294962263.000000, 1076, 1178, 296
869, 8582.000000, 8732.000000, 5060.000000, 12979, 874, 299
870, 2475.000000, 2622.000000, -4294962093.000000, 1079, 1331, 293
871, 6887.000000, 7033.000000, 13691.000000, 1102, 1018, 292
872, 2436.000000, 2584.000000, -4294962188.000000, 1083, 1318, 295
873, 8371.000000, 8519.000000, 5060.000000, 12570, 888, 296
874, 2664.000000, 2813.000000, 5075.000000, 1101, 848, 299
875, 2513.000000, 2661.000000, -4294962149.000000, 1111, 1231, 296
876, 7128.000000, 7276.000000, 14066.000000, 1067, 877, 296
877, 2510.000000, 2660.000000, -4294962149.000000, 1079, 1205, 299
878, 7052.000000, 7198.000000, 13873.000000, 1089, 858, 292
879, 8422.000000, 8569.000000, 5035.000000, 12674, 864, 293
880, 9032.000000, 9180.000000, 17975.000000, 1092, 1002, 296
881, 7074.000000, 7222.000000, 13924.000000, 1089, 865, 296
882, 8819.000000, 8967.000000, 17541.000000, 1098, 1001, 296
883, 8289.000000, 8435.000000, 5161.000000, 12451, 1034, 292
884, 7268.000000, 7419.000000, 14311.000000, 1079, 854, 302
885, 8644.000000, 8792.000000, 5208.000000, 13055, 974, 296
886, 9366.000000, 9513.000000, 18518.000000, 1099, 885, 295
887, 2493.000000, 2641.000000, -4294962207.000000, 1076, 1178, 295
888, 9440.000000, 9588.000000, 18655.000000, 1076, 851, 296
889, 7287.000000, 7435.000000, 14363.000000, 1082, 871, 296
890, 2510.000000, 2660.000000, -4294962170.000000, 1079, 1184, 299
891, 7454.000000, 7600.000000, 14668.000000, 1095, 854, 292
892, 2471.000000, 2622.000000, -4294962118.000000, 1079, 1315, 302
893, 2497.000000, 2647.000000, -4294962058.000000, 1079, 1322, 299
894, 8544.000000, 8692.000000, 5199.000000, 12888, 998, 296
895, 2557.000000, 2705.000000, -4294962023.000000, 1177, 1335, 296
896, 2483.000000, 2631.000000, -4294962100.000000, 1086, 1315, 296
897, 7329.000000, 7476.000000, 14139.000000, 1410, 891, 295
898, 7174.000000, 7322.000000, 14105.000000, 1095, 851, 296
899, 7165.000000, 7311.000000, 14112.000000, 1079, 861, 293
900, 2424.000000, 2573.000000, -4294962246.000000, 1057, 1259, 299
901, 8584.000000, 8732.000000, 5054.000000, 12979, 864, 296
902, 7161.000000, 7309.000000, 14234.000000, 1086, 998, 296
903, 7283.000000, 7433.000000, 14463.000000, 1082, 978, 299
904, 2596.000000, 2744.000000, 5057.000000, 1091, 955, 296
905, 7151.000000, 7299.000000, 14225.000000, 1088, 1011, 296
906, 2507.000000, 2653.000000, -4294962151.000000, 1080, 1211, 292
907, 2910.000000, 3060.000000, 5191.000000, 1881, 1251, 299
908, 7353.000000, 7501.000000, 14521.000000, 1070, 884, 296
909, 2497.000000, 2645.000000, -4294962136.000000, 1082, 1248, 296
910, 8401.000000, 8549.000000, 5068.000000, 12589, 855, 296
911, 2504.000000, 2654.000000, -4294962115.000000, 1079, 1251, 299
912, 7086.000000, 7232.000000, 13952.000000, 1095, 874, 292
913, 2491.000000, 2639.000000, -4294962112.000000, 1083, 1285, 296
914, 7699.000000, 7848.000000, 14920.000000, 1369, 891, 299
915, 8436.000000, 8584.000000, 5186.000000, 12687, 1001, 296
916, 2469.000000, 2619.000000, -4294962257.000000, 1091, 1191, 299
917, 2538.000000, 2684.000000, -4294962007.000000, 1089, 1302, 293
918, 2642.000000, 2791.000000, 5073.000000, 1092, 881, 299
919, 2474.000000, 2622.000000, -4294962161.000000, 1086, 1272, 296
920, 7378.000000, 7526.000000, 14539.000000, 1076, 858, 296
921, 8571.000000, 8721.000000, 5088.000000, 12919, 864, 299
922, 8762.000000, 8908.000000, 5079.000000, 13310, 865, 292
923, 7586.000000, 7734.000000, 15006.000000, 1085, 918, 296
924, 8507.000000, 8654.000000, 16201.000000, 1665, 851, 293
925, 2506.000000, 2653.000000, -4294962193.000000, 1086, 1177, 295
926, 2526.000000, 2674.000000, -4294962014.000000, 1083, 1312, 296
927, 2483.000000, 2631.000000, -4294962186.000000, 1095, 1238, 295
928, 7039.000000, 7187.000000, 13861.000000, 1076, 858, 296
929, 2499.000000, 2647.000000, -4294962211.000000, 1098, 1185, 296
930, 8510.000000, 8658.000000, 5087.000000, 12809, 875, 296
931, 2511.000000, 2658.000000, -4294962199.000000, 1089, 1164, 295
932, 8493.000000, 8641.000000, 4964.000000, 12878, 855, 296
933, 2524.000000, 2672.000000, -4294962127.000000, 1114, 1234, 296
934, 2664.000000, 2812.000000, 5054.000000, 1095, 821, 296
935, 8596.000000, 8744.000000, 5180.000000, 13036, 1024, 296
936, 8615.000000, 8762.000000, 5107.000000, 13112, 988, 293
937, 8357.000000, 8503.000000, 5175.000000, 12570, 1031, 292
938, 7363.000000, 7512.000000, 14661.000000, 1079, 1014, 299
939, 8735.000000, 8883.000000, 5087.000000, 13234, 851, 296
940, 9183.000000, 9330.000000, 18142.000000, 1092, 868, 295
941, 7041.000000, 7188.000000, 13837.000000, 1102, 857, 295
942, 8761.000000, 8908.000000, 5058.000000, 13329, 865, 295
943, 7178.000000, 7325.000000, 14147.000000, 1086, 877, 295
944, 7007.000000, 7155.000000, 13794.000000, 1091, 871, 296
945, 8343.000000, 8491.000000, 5175.000000, 12463, 952, 296
946, 8619.000000, 8768.000000, 5151.000000, 13118, 1031, 299
947, 7054.000000, 7202.000000, 14044.000000, 1092, 1028, 296
948, 8500.000000, 8650.000000, 5787.000000, 12256, 1042, 299
949, 6903.000000, 7051.000000, 13798.000000, 1069, 1061, 296
950, 2613.000000, 2762.000000, 5177.000000, 1070, 1021, 299
951, 8541.000000, 8689.000000, 5018.000000, 12926, 861, 296
952, 7607.000000, 7754.000000, 15002.000000, 1083, 871, 295
953, 8594.000000, 8741.000000, 5096.000000, 12957, 864, 293
954, 8705.000000, 8851.000000, 5131.000000, 13243, 964, 293
955, 8511.000000, 8659.000000, 5059.000000, 12834, 871, 296
956, 2623.000000, 2773.000000, 5009.000000, 1089, 851, 299
957, 7436.000000, 7584.000000, 14644.000000, 1085, 857, 296
958, 7076.000000, 7225.000000, 14027.000000, 1136, 1011, 299
959, 7289.000000, 7437.000000, 14366.000000, 1076, 864, 296
960, 7786.000000, 7932.000000, 15357.000000, 1076, 861, 293
